C:\DATA\MYPROJECTS\DVS\TECHCOASTSECLAB\RTSP_DSFILTER\RTSPDSF\LIVE\GROUPSOCK\DEBUG\GROUPEID.OBJ
C:\DATA\MYPROJECTS\DVS\TECHCOASTSECLAB\RTSP_DSFILTER\RTSPDSF\LIVE\GROUPSOCK\DEBUG\GROUPSOCK.OBJ
C:\DATA\MYPROJECTS\DVS\TECHCOASTSECLAB\RTSP_DSFILTER\RTSPDSF\LIVE\GROUPSOCK\DEBUG\GROUPSOCKHELPER.OBJ
C:\DATA\MYPROJECTS\DVS\TECHCOASTSECLAB\RTSP_DSFILTER\RTSPDSF\LIVE\GROUPSOCK\DEBUG\IOHANDLERS.OBJ
C:\DATA\MYPROJECTS\DVS\TECHCOASTSECLAB\RTSP_DSFILTER\RTSPDSF\LIVE\GROUPSOCK\DEBUG\NETADDRESS.OBJ
C:\DATA\MYPROJECTS\DVS\TECHCOASTSECLAB\RTSP_DSFILTER\RTSPDSF\LIVE\GROUPSOCK\DEBUG\NETINTERFACE.OBJ
C:\DATA\MYPROJECTS\DVS\TECHCOASTSECLAB\RTSP_DSFILTER\RTSPDSF\LIVE\GROUPSOCK\DEBUG\VC110.PDB
C:\DATA\MYPROJECTS\DVS\TECHCOASTSECLAB\RTSP_DSFILTER\RTSPDSF\LIVE\LIB\GROUPSOCK.LIB
C:\Data\MyProjects\DVS\TechCoastSecLab\RTSP_DSFilter\rtspdsf\live\groupsock\Debug\GroupEId.obj
C:\Data\MyProjects\DVS\TechCoastSecLab\RTSP_DSFilter\rtspdsf\live\groupsock\Debug\Groupsock.obj
C:\Data\MyProjects\DVS\TechCoastSecLab\RTSP_DSFilter\rtspdsf\live\groupsock\Debug\GroupsockHelper.obj
C:\Data\MyProjects\DVS\TechCoastSecLab\RTSP_DSFilter\rtspdsf\live\groupsock\Debug\IOHandlers.obj
C:\Data\MyProjects\DVS\TechCoastSecLab\RTSP_DSFilter\rtspdsf\live\groupsock\Debug\NetAddress.obj
C:\Data\MyProjects\DVS\TechCoastSecLab\RTSP_DSFilter\rtspdsf\live\groupsock\Debug\NetInterface.obj
C:\Data\MyProjects\DVS\TechCoastSecLab\RTSP_DSFilter\rtspdsf\live\groupsock\Debug\cl.command.1.tlog
C:\Data\MyProjects\DVS\TechCoastSecLab\RTSP_DSFilter\rtspdsf\live\groupsock\Debug\CL.read.1.tlog
C:\Data\MyProjects\DVS\TechCoastSecLab\RTSP_DSFilter\rtspdsf\live\groupsock\Debug\CL.write.1.tlog
C:\Data\MyProjects\DVS\TechCoastSecLab\RTSP_DSFilter\rtspdsf\live\groupsock\Debug\Lib-link.read.1.tlog
C:\Data\MyProjects\DVS\TechCoastSecLab\RTSP_DSFilter\rtspdsf\live\groupsock\Debug\Lib-link.write.1.tlog
C:\Data\MyProjects\DVS\TechCoastSecLab\RTSP_DSFilter\rtspdsf\live\groupsock\Debug\lib.command.1.tlog
C:\Data\MyProjects\DVS\TechCoastSecLab\RTSP_DSFilter\rtspdsf\live\groupsock\Debug\vc110.idb
C:\Data\MyProjects\DVS\TechCoastSecLab\RTSP_DSFilter\rtspdsf\live\groupsock\Debug\vc110.pdb
C:\Data\MyProjects\DVS\TechCoastSecLab\RTSP_DSFilter\rtspdsf\live\lib\groupsock.lib
