Build started 1/5/2015 8:12:00 PM.
     1>Project "C:\Data\MyProjects\DVS\TechCoastSecLab\RTSP_DSFilter\rtspdsf\live\liveMedia\liveMedia.vcxproj" on node 3 (Build target(s)).
     1>C:\Program Files (x86)\MSBuild\Microsoft.Cpp\v4.0\V110\Microsoft.CppBuild.targets(346,5): warning MSB8004: Output Directory does not end with a trailing slash.  This build instance will add the slash as it is required to allow proper evaluation of the Output Directory.
     1>ClCompile:
         C:\Program Files (x86)\Microsoft Visual Studio 11.0\VC\bin\CL.exe /c /ZI /nologo /W3 /WX- /Od /Oy- /D NDEBUG /D _UNICODE /D UNICODE /D _ITERATOR_DEBUG_LEVEL=0 /D _CRT_SECURE_NO_WARNINGS /D _MBCS /Gm /EHsc /RTC1 /MDd /GS /fp:precise /Zc:wchar_t /Zc:forScope /Fo"Debug\\" /Fd"Debug\vc110.pdb" /Gd /TP /analyze- /errorReport:prompt AACAudioMatroskaFileServerMediaSubsession.cpp AC3AudioFileServerMediaSubsession.cpp AC3AudioMatroskaFileServerMediaSubsession.cpp AC3AudioRTPSink.cpp AC3AudioRTPSource.cpp AC3AudioStreamFramer.cpp ADTSAudioFileServerMediaSubsession.cpp ADTSAudioFileSource.cpp AMRAudioFileServerMediaSubsession.cpp AMRAudioFileSink.cpp AMRAudioFileSource.cpp AMRAudioRTPSink.cpp AMRAudioRTPSource.cpp AMRAudioSource.cpp AudioInputDevice.cpp AudioRTPSink.cpp AVIFileSink.cpp Base64.cpp BasicUDPSink.cpp BasicUDPSource.cpp BitVector.cpp ByteStreamFileSource.cpp ByteStreamMemoryBufferSource.cpp ByteStreamMultiFileSource.cpp DarwinInjector.cpp DeviceSource.cpp DigestAuthentication.cpp DVVideoFileServerMediaSubsession.cpp DVVideoRTPSink.cpp DVVideoRTPSource.cpp DVVideoStreamFramer.cpp EBMLNumber.cpp FileServerMediaSubsession.cpp FileSink.cpp FramedFileSource.cpp FramedFilter.cpp FramedSource.cpp GSMAudioRTPSink.cpp H261VideoRTPSource.cpp H263plusVideoFileServerMediaSubsession.cpp H263plusVideoRTPSink.cpp H263plusVideoRTPSource.cpp H263plusVideoStreamFramer.cpp H263plusVideoStreamParser.cpp H264VideoFileServerMediaSubsession.cpp H264VideoFileSink.cpp H264VideoMatroskaFileServerMediaSubsession.cpp H264VideoRTPSink.cpp H264VideoRTPSource.cpp H264VideoStreamDiscreteFramer.cpp H264VideoStreamFramer.cpp InputFile.cpp JPEGVideoRTPSink.cpp JPEGVideoRTPSource.cpp JPEGVideoSource.cpp Locale.cpp MatroskaDemuxedTrack.cpp MatroskaFile.cpp MatroskaFileParser.cpp MatroskaFileServerDemux.cpp Media.cpp MediaSession.cpp MediaSink.cpp MediaSource.cpp MP3ADU.cpp MP3ADUdescriptor.cpp MP3ADUinterleaving.cpp MP3ADURTPSink.cpp MP3ADURTPSource.cpp MP3ADUTranscoder.cpp MP3AudioFileServerMediaSubsession.cpp MP3AudioMatroskaFileServerMediaSubsession.cpp MP3FileSource.cpp MP3HTTPSource.cpp MP3Internals.cpp MP3InternalsHuffman.cpp MP3InternalsHuffmanTable.cpp MP3StreamState.cpp MP3Transcoder.cpp MPEG1or2AudioRTPSink.cpp MPEG1or2AudioRTPSource.cpp MPEG1or2AudioStreamFramer.cpp MPEG1or2Demux.cpp MPEG1or2DemuxedElementaryStream.cpp MPEG1or2DemuxedServerMediaSubsession.cpp MPEG1or2FileServerDemux.cpp MPEG1or2VideoFileServerMediaSubsession.cpp MPEG1or2VideoRTPSink.cpp MPEG1or2VideoRTPSource.cpp MPEG1or2VideoStreamDiscreteFramer.cpp MPEG1or2VideoStreamFramer.cpp MPEG2IndexFromTransportStream.cpp MPEG2TransportFileServerMediaSubsession.cpp MPEG2TransportStreamFramer.cpp MPEG2TransportStreamFromESSource.cpp MPEG2TransportStreamFromPESSource.cpp MPEG2TransportStreamIndexFile.cpp MPEG2TransportStreamMultiplexor.cpp MPEG2TransportStreamTrickModeFilter.cpp MPEG4ESVideoRTPSink.cpp MPEG4ESVideoRTPSource.cpp MPEG4GenericRTPSink.cpp MPEG4GenericRTPSource.cpp MPEG4LATMAudioRTPSink.cpp MPEG4LATMAudioRTPSource.cpp MPEG4VideoFileServerMediaSubsession.cpp MPEG4VideoStreamDiscreteFramer.cpp MPEG4VideoStreamFramer.cpp MPEGVideoStreamFramer.cpp MPEGVideoStreamParser.cpp MultiFramedRTPSink.cpp MultiFramedRTPSource.cpp OnDemandServerMediaSubsession.cpp OutputFile.cpp PassiveServerMediaSubsession.cpp QCELPAudioRTPSource.cpp QuickTimeFileSink.cpp QuickTimeGenericRTPSource.cpp RTCP.cpp RTPInterface.cpp RTPSink.cpp RTPSource.cpp RTSPClient.cpp RTSPCommon.cpp RTSPServer.cpp RTSPServerSupportingHTTPStreaming.cpp ServerMediaSession.cpp SimpleRTPSink.cpp SimpleRTPSource.cpp SIPClient.cpp StreamParser.cpp T140TextMatroskaFileServerMediaSubsession.cpp T140TextRTPSink.cpp TCPStreamSink.cpp TextRTPSink.cpp uLawAudioFilter.cpp VideoRTPSink.cpp VorbisAudioMatroskaFileServerMediaSubsession.cpp VorbisAudioRTPSink.cpp VorbisAudioRTPSource.cpp VP8VideoMatroskaFileServerMediaSubsession.cpp VP8VideoRTPSink.cpp VP8VideoRTPSource.cpp WAVAudioFileServerMediaSubsession.cpp WAVAudioFileSource.cpp
         WAVAudioFileSource.cpp
         WAVAudioFileServerMediaSubsession.cpp
         VP8VideoRTPSource.cpp
         VP8VideoRTPSink.cpp
         VP8VideoMatroskaFileServerMediaSubsession.cpp
         VorbisAudioRTPSource.cpp
         VorbisAudioRTPSink.cpp
         VorbisAudioMatroskaFileServerMediaSubsession.cpp
         VideoRTPSink.cpp
         uLawAudioFilter.cpp
         TextRTPSink.cpp
         TCPStreamSink.cpp
         T140TextRTPSink.cpp
         T140TextMatroskaFileServerMediaSubsession.cpp
         StreamParser.cpp
         SIPClient.cpp
         SimpleRTPSource.cpp
         SimpleRTPSink.cpp
         ServerMediaSession.cpp
         RTSPServerSupportingHTTPStreaming.cpp
         Generating Code...
         Compiling...
         RTSPServer.cpp
         RTSPCommon.cpp
         RTSPClient.cpp
         RTPSource.cpp
         RTPSink.cpp
         RTPInterface.cpp
         RTCP.cpp
         QuickTimeGenericRTPSource.cpp
         QuickTimeFileSink.cpp
         QCELPAudioRTPSource.cpp
         PassiveServerMediaSubsession.cpp
         OutputFile.cpp
         OnDemandServerMediaSubsession.cpp
         MultiFramedRTPSource.cpp
         MultiFramedRTPSink.cpp
         MPEGVideoStreamParser.cpp
         MPEGVideoStreamFramer.cpp
         MPEG4VideoStreamFramer.cpp
         MPEG4VideoStreamDiscreteFramer.cpp
         MPEG4VideoFileServerMediaSubsession.cpp
         Generating Code...
         Compiling...
         MPEG4LATMAudioRTPSource.cpp
         MPEG4LATMAudioRTPSink.cpp
         MPEG4GenericRTPSource.cpp
         MPEG4GenericRTPSink.cpp
         MPEG4ESVideoRTPSource.cpp
         MPEG4ESVideoRTPSink.cpp
         MPEG2TransportStreamTrickModeFilter.cpp
         MPEG2TransportStreamMultiplexor.cpp
         MPEG2TransportStreamIndexFile.cpp
         MPEG2TransportStreamFromPESSource.cpp
         MPEG2TransportStreamFromESSource.cpp
         MPEG2TransportStreamFramer.cpp
         MPEG2TransportFileServerMediaSubsession.cpp
         MPEG2IndexFromTransportStream.cpp
         MPEG1or2VideoStreamFramer.cpp
         MPEG1or2VideoStreamDiscreteFramer.cpp
         MPEG1or2VideoRTPSource.cpp
         MPEG1or2VideoRTPSink.cpp
         MPEG1or2VideoFileServerMediaSubsession.cpp
         MPEG1or2FileServerDemux.cpp
         Generating Code...
         Compiling...
         MPEG1or2DemuxedServerMediaSubsession.cpp
         MPEG1or2DemuxedElementaryStream.cpp
         MPEG1or2Demux.cpp
         MPEG1or2AudioStreamFramer.cpp
         MPEG1or2AudioRTPSource.cpp
         MPEG1or2AudioRTPSink.cpp
         MP3Transcoder.cpp
         MP3StreamState.cpp
     1>c:\data\myprojects\dvs\techcoastseclab\rtsp_dsfilter\rtspdsf\live\livemedia\mp3streamstate.cpp(408): warning C4996: 'fileno': The POSIX name for this item is deprecated. Instead, use the ISO C++ conformant name: _fileno. See online help for details.
                 c:\program files (x86)\microsoft visual studio 11.0\vc\include\stdio.h(711) : see declaration of 'fileno'
         MP3InternalsHuffmanTable.cpp
         MP3InternalsHuffman.cpp
         MP3Internals.cpp
         MP3HTTPSource.cpp
     1>c:\data\myprojects\dvs\techcoastseclab\rtsp_dsfilter\rtspdsf\live\livemedia\mp3httpsource.cpp(55): warning C4996: 'fdopen': The POSIX name for this item is deprecated. Instead, use the ISO C++ conformant name: _fdopen. See online help for details.
                 c:\program files (x86)\microsoft visual studio 11.0\vc\include\stdio.h(709) : see declaration of 'fdopen'
         MP3FileSource.cpp
         MP3AudioMatroskaFileServerMediaSubsession.cpp
         MP3AudioFileServerMediaSubsession.cpp
         MP3ADUTranscoder.cpp
         MP3ADURTPSource.cpp
         MP3ADURTPSink.cpp
         MP3ADUinterleaving.cpp
         MP3ADUdescriptor.cpp
         Generating Code...
         Compiling...
         MP3ADU.cpp
         MediaSource.cpp
         MediaSink.cpp
         MediaSession.cpp
         Media.cpp
         MatroskaFileServerDemux.cpp
         MatroskaFileParser.cpp
         MatroskaFile.cpp
         MatroskaDemuxedTrack.cpp
         Locale.cpp
         JPEGVideoSource.cpp
         JPEGVideoRTPSource.cpp
         JPEGVideoRTPSink.cpp
         InputFile.cpp
         H264VideoStreamFramer.cpp
         H264VideoStreamDiscreteFramer.cpp
         H264VideoRTPSource.cpp
         H264VideoRTPSink.cpp
         H264VideoMatroskaFileServerMediaSubsession.cpp
         H264VideoFileSink.cpp
         Generating Code...
         Compiling...
         H264VideoFileServerMediaSubsession.cpp
         H263plusVideoStreamParser.cpp
         H263plusVideoStreamFramer.cpp
         H263plusVideoRTPSource.cpp
         H263plusVideoRTPSink.cpp
         H263plusVideoFileServerMediaSubsession.cpp
         H261VideoRTPSource.cpp
         GSMAudioRTPSink.cpp
         FramedSource.cpp
         FramedFilter.cpp
         FramedFileSource.cpp
         FileSink.cpp
         FileServerMediaSubsession.cpp
         EBMLNumber.cpp
         DVVideoStreamFramer.cpp
         DVVideoRTPSource.cpp
         DVVideoRTPSink.cpp
         DVVideoFileServerMediaSubsession.cpp
         DigestAuthentication.cpp
         DeviceSource.cpp
         Generating Code...
         Compiling...
         DarwinInjector.cpp
         ByteStreamMultiFileSource.cpp
         ByteStreamMemoryBufferSource.cpp
         ByteStreamFileSource.cpp
         BitVector.cpp
         BasicUDPSource.cpp
         BasicUDPSink.cpp
         Base64.cpp
         AVIFileSink.cpp
         AudioRTPSink.cpp
         AudioInputDevice.cpp
         AMRAudioSource.cpp
         AMRAudioRTPSource.cpp
         AMRAudioRTPSink.cpp
         AMRAudioFileSource.cpp
         AMRAudioFileSink.cpp
         AMRAudioFileServerMediaSubsession.cpp
         ADTSAudioFileSource.cpp
         ADTSAudioFileServerMediaSubsession.cpp
         AC3AudioStreamFramer.cpp
         Generating Code...
         Compiling...
         AC3AudioRTPSource.cpp
         AC3AudioRTPSink.cpp
         AC3AudioMatroskaFileServerMediaSubsession.cpp
         AC3AudioFileServerMediaSubsession.cpp
         AACAudioMatroskaFileServerMediaSubsession.cpp
         Generating Code...
         C:\Program Files (x86)\Microsoft Visual Studio 11.0\VC\bin\CL.exe /c /ZI /nologo /W3 /WX- /Od /Oy- /D NDEBUG /D _UNICODE /D UNICODE /D _ITERATOR_DEBUG_LEVEL=0 /D _CRT_SECURE_NO_WARNINGS /D _MBCS /Gm /EHsc /RTC1 /MDd /GS /fp:precise /Zc:wchar_t /Zc:forScope /Fo"Debug\\" /Fd"Debug\vc110.pdb" /Gd /TC /analyze- /errorReport:prompt inet.c our_md5.c our_md5hl.c rtcp_from_spec.c
         rtcp_from_spec.c
         our_md5hl.c
         our_md5.c
         inet.c
         Generating Code...
       Lib:
         C:\Program Files (x86)\Microsoft Visual Studio 11.0\VC\bin\Lib.exe /OUT:"C:\Data\MyProjects\DVS\TechCoastSecLab\RTSP_DSFilter\rtspdsf\live\lib\liveMedia.lib" /NOLOGO Debug\AACAudioMatroskaFileServerMediaSubsession.obj
         Debug\AC3AudioFileServerMediaSubsession.obj
         Debug\AC3AudioMatroskaFileServerMediaSubsession.obj
         Debug\AC3AudioRTPSink.obj
         Debug\AC3AudioRTPSource.obj
         Debug\AC3AudioStreamFramer.obj
         Debug\ADTSAudioFileServerMediaSubsession.obj
         Debug\ADTSAudioFileSource.obj
         Debug\AMRAudioFileServerMediaSubsession.obj
         Debug\AMRAudioFileSink.obj
         Debug\AMRAudioFileSource.obj
         Debug\AMRAudioRTPSink.obj
         Debug\AMRAudioRTPSource.obj
         Debug\AMRAudioSource.obj
         Debug\AudioInputDevice.obj
         Debug\AudioRTPSink.obj
         Debug\AVIFileSink.obj
         Debug\Base64.obj
         Debug\BasicUDPSink.obj
         Debug\BasicUDPSource.obj
         Debug\BitVector.obj
         Debug\ByteStreamFileSource.obj
         Debug\ByteStreamMemoryBufferSource.obj
         Debug\ByteStreamMultiFileSource.obj
         Debug\DarwinInjector.obj
         Debug\DeviceSource.obj
         Debug\DigestAuthentication.obj
         Debug\DVVideoFileServerMediaSubsession.obj
         Debug\DVVideoRTPSink.obj
         Debug\DVVideoRTPSource.obj
         Debug\DVVideoStreamFramer.obj
         Debug\EBMLNumber.obj
         Debug\FileServerMediaSubsession.obj
         Debug\FileSink.obj
         Debug\FramedFileSource.obj
         Debug\FramedFilter.obj
         Debug\FramedSource.obj
         Debug\GSMAudioRTPSink.obj
         Debug\H261VideoRTPSource.obj
         Debug\H263plusVideoFileServerMediaSubsession.obj
         Debug\H263plusVideoRTPSink.obj
         Debug\H263plusVideoRTPSource.obj
         Debug\H263plusVideoStreamFramer.obj
         Debug\H263plusVideoStreamParser.obj
         Debug\H264VideoFileServerMediaSubsession.obj
         Debug\H264VideoFileSink.obj
         Debug\H264VideoMatroskaFileServerMediaSubsession.obj
         Debug\H264VideoRTPSink.obj
         Debug\H264VideoRTPSource.obj
         Debug\H264VideoStreamDiscreteFramer.obj
         Debug\H264VideoStreamFramer.obj
         Debug\inet.obj
         Debug\InputFile.obj
         Debug\JPEGVideoRTPSink.obj
         Debug\JPEGVideoRTPSource.obj
         Debug\JPEGVideoSource.obj
         Debug\Locale.obj
         Debug\MatroskaDemuxedTrack.obj
         Debug\MatroskaFile.obj
         Debug\MatroskaFileParser.obj
         Debug\MatroskaFileServerDemux.obj
         Debug\Media.obj
         Debug\MediaSession.obj
         Debug\MediaSink.obj
         Debug\MediaSource.obj
         Debug\MP3ADU.obj
         Debug\MP3ADUdescriptor.obj
         Debug\MP3ADUinterleaving.obj
         Debug\MP3ADURTPSink.obj
         Debug\MP3ADURTPSource.obj
         Debug\MP3ADUTranscoder.obj
         Debug\MP3AudioFileServerMediaSubsession.obj
         Debug\MP3AudioMatroskaFileServerMediaSubsession.obj
         Debug\MP3FileSource.obj
         Debug\MP3HTTPSource.obj
         Debug\MP3Internals.obj
         Debug\MP3InternalsHuffman.obj
         Debug\MP3InternalsHuffmanTable.obj
         Debug\MP3StreamState.obj
         Debug\MP3Transcoder.obj
         Debug\MPEG1or2AudioRTPSink.obj
         Debug\MPEG1or2AudioRTPSource.obj
         Debug\MPEG1or2AudioStreamFramer.obj
         Debug\MPEG1or2Demux.obj
         Debug\MPEG1or2DemuxedElementaryStream.obj
         Debug\MPEG1or2DemuxedServerMediaSubsession.obj
         Debug\MPEG1or2FileServerDemux.obj
         Debug\MPEG1or2VideoFileServerMediaSubsession.obj
         Debug\MPEG1or2VideoRTPSink.obj
         Debug\MPEG1or2VideoRTPSource.obj
         Debug\MPEG1or2VideoStreamDiscreteFramer.obj
         Debug\MPEG1or2VideoStreamFramer.obj
         Debug\MPEG2IndexFromTransportStream.obj
         Debug\MPEG2TransportFileServerMediaSubsession.obj
         Debug\MPEG2TransportStreamFramer.obj
         Debug\MPEG2TransportStreamFromESSource.obj
         Debug\MPEG2TransportStreamFromPESSource.obj
         Debug\MPEG2TransportStreamIndexFile.obj
         Debug\MPEG2TransportStreamMultiplexor.obj
         Debug\MPEG2TransportStreamTrickModeFilter.obj
         Debug\MPEG4ESVideoRTPSink.obj
         Debug\MPEG4ESVideoRTPSource.obj
         Debug\MPEG4GenericRTPSink.obj
         Debug\MPEG4GenericRTPSource.obj
         Debug\MPEG4LATMAudioRTPSink.obj
         Debug\MPEG4LATMAudioRTPSource.obj
         Debug\MPEG4VideoFileServerMediaSubsession.obj
         Debug\MPEG4VideoStreamDiscreteFramer.obj
         Debug\MPEG4VideoStreamFramer.obj
         Debug\MPEGVideoStreamFramer.obj
         Debug\MPEGVideoStreamParser.obj
         Debug\MultiFramedRTPSink.obj
         Debug\MultiFramedRTPSource.obj
         Debug\OnDemandServerMediaSubsession.obj
         Debug\our_md5.obj
         Debug\our_md5hl.obj
         Debug\OutputFile.obj
         Debug\PassiveServerMediaSubsession.obj
         Debug\QCELPAudioRTPSource.obj
         Debug\QuickTimeFileSink.obj
         Debug\QuickTimeGenericRTPSource.obj
         Debug\RTCP.obj
         Debug\rtcp_from_spec.obj
         Debug\RTPInterface.obj
         Debug\RTPSink.obj
         Debug\RTPSource.obj
         Debug\RTSPClient.obj
         Debug\RTSPCommon.obj
         Debug\RTSPServer.obj
         Debug\RTSPServerSupportingHTTPStreaming.obj
         Debug\ServerMediaSession.obj
         Debug\SimpleRTPSink.obj
         Debug\SimpleRTPSource.obj
         Debug\SIPClient.obj
         Debug\StreamParser.obj
         Debug\T140TextMatroskaFileServerMediaSubsession.obj
         Debug\T140TextRTPSink.obj
         Debug\TCPStreamSink.obj
         Debug\TextRTPSink.obj
         Debug\uLawAudioFilter.obj
         Debug\VideoRTPSink.obj
         Debug\VorbisAudioMatroskaFileServerMediaSubsession.obj
         Debug\VorbisAudioRTPSink.obj
         Debug\VorbisAudioRTPSource.obj
         Debug\VP8VideoMatroskaFileServerMediaSubsession.obj
         Debug\VP8VideoRTPSink.obj
         Debug\VP8VideoRTPSource.obj
         Debug\WAVAudioFileServerMediaSubsession.obj
         Debug\WAVAudioFileSource.obj
         liveMedia.vcxproj -> C:\Data\MyProjects\DVS\TechCoastSecLab\RTSP_DSFilter\rtspdsf\live\lib\liveMedia.lib
     1>Done Building Project "C:\Data\MyProjects\DVS\TechCoastSecLab\RTSP_DSFilter\rtspdsf\live\liveMedia\liveMedia.vcxproj" (Build target(s)).

Build succeeded.

Time Elapsed 00:01:23.97
