C:\DATA\MYPROJECTS\DVS\TECHCOASTSECLAB\RTSP_DSFILTER\RTSPDSF\LIVE\LIVEMEDIA\DEBUG\RTSPSERVERSUPPORTINGHTTPSTREAMING.OBJ
C:\DATA\MYPROJECTS\DVS\TECHCOASTSECLAB\RTSP_DSFILTER\RTSPDSF\LIVE\LIVEMEDIA\DEBUG\SERVERMEDIASESSION.OBJ
C:\DATA\MYPROJECTS\DVS\TECHCOASTSECLAB\RTSP_DSFILTER\RTSPDSF\LIVE\LIVEMEDIA\DEBUG\SIMPLERTPSINK.OBJ
C:\DATA\MYPROJECTS\DVS\TECHCOASTSECLAB\RTSP_DSFILTER\RTSPDSF\LIVE\LIVEMEDIA\DEBUG\SIMPLERTPSOURCE.OBJ
C:\DATA\MYPROJECTS\DVS\TECHCOASTSECLAB\RTSP_DSFILTER\RTSPDSF\LIVE\LIVEMEDIA\DEBUG\SIPCLIENT.OBJ
C:\DATA\MYPROJECTS\DVS\TECHCOASTSECLAB\RTSP_DSFILTER\RTSPDSF\LIVE\LIVEMEDIA\DEBUG\STREAMPARSER.OBJ
C:\DATA\MYPROJECTS\DVS\TECHCOASTSECLAB\RTSP_DSFILTER\RTSPDSF\LIVE\LIVEMEDIA\DEBUG\T140TEXTMATROSKAFILESERVERMEDIASUBSESSION.OBJ
C:\DATA\MYPROJECTS\DVS\TECHCOASTSECLAB\RTSP_DSFILTER\RTSPDSF\LIVE\LIVEMEDIA\DEBUG\T140TEXTRTPSINK.OBJ
C:\DATA\MYPROJECTS\DVS\TECHCOASTSECLAB\RTSP_DSFILTER\RTSPDSF\LIVE\LIVEMEDIA\DEBUG\TCPSTREAMSINK.OBJ
C:\DATA\MYPROJECTS\DVS\TECHCOASTSECLAB\RTSP_DSFILTER\RTSPDSF\LIVE\LIVEMEDIA\DEBUG\TEXTRTPSINK.OBJ
C:\DATA\MYPROJECTS\DVS\TECHCOASTSECLAB\RTSP_DSFILTER\RTSPDSF\LIVE\LIVEMEDIA\DEBUG\ULAWAUDIOFILTER.OBJ
C:\DATA\MYPROJECTS\DVS\TECHCOASTSECLAB\RTSP_DSFILTER\RTSPDSF\LIVE\LIVEMEDIA\DEBUG\VIDEORTPSINK.OBJ
C:\DATA\MYPROJECTS\DVS\TECHCOASTSECLAB\RTSP_DSFILTER\RTSPDSF\LIVE\LIVEMEDIA\DEBUG\VORBISAUDIOMATROSKAFILESERVERMEDIASUBSESSION.OBJ
C:\DATA\MYPROJECTS\DVS\TECHCOASTSECLAB\RTSP_DSFILTER\RTSPDSF\LIVE\LIVEMEDIA\DEBUG\VORBISAUDIORTPSINK.OBJ
C:\DATA\MYPROJECTS\DVS\TECHCOASTSECLAB\RTSP_DSFILTER\RTSPDSF\LIVE\LIVEMEDIA\DEBUG\VORBISAUDIORTPSOURCE.OBJ
C:\DATA\MYPROJECTS\DVS\TECHCOASTSECLAB\RTSP_DSFILTER\RTSPDSF\LIVE\LIVEMEDIA\DEBUG\VP8VIDEOMATROSKAFILESERVERMEDIASUBSESSION.OBJ
C:\DATA\MYPROJECTS\DVS\TECHCOASTSECLAB\RTSP_DSFILTER\RTSPDSF\LIVE\LIVEMEDIA\DEBUG\VP8VIDEORTPSINK.OBJ
C:\DATA\MYPROJECTS\DVS\TECHCOASTSECLAB\RTSP_DSFILTER\RTSPDSF\LIVE\LIVEMEDIA\DEBUG\VP8VIDEORTPSOURCE.OBJ
C:\DATA\MYPROJECTS\DVS\TECHCOASTSECLAB\RTSP_DSFILTER\RTSPDSF\LIVE\LIVEMEDIA\DEBUG\WAVAUDIOFILESERVERMEDIASUBSESSION.OBJ
C:\DATA\MYPROJECTS\DVS\TECHCOASTSECLAB\RTSP_DSFILTER\RTSPDSF\LIVE\LIVEMEDIA\DEBUG\WAVAUDIOFILESOURCE.OBJ
C:\DATA\MYPROJECTS\DVS\TECHCOASTSECLAB\RTSP_DSFILTER\RTSPDSF\LIVE\LIVEMEDIA\DEBUG\MPEG4VIDEOFILESERVERMEDIASUBSESSION.OBJ
C:\DATA\MYPROJECTS\DVS\TECHCOASTSECLAB\RTSP_DSFILTER\RTSPDSF\LIVE\LIVEMEDIA\DEBUG\MPEG4VIDEOSTREAMDISCRETEFRAMER.OBJ
C:\DATA\MYPROJECTS\DVS\TECHCOASTSECLAB\RTSP_DSFILTER\RTSPDSF\LIVE\LIVEMEDIA\DEBUG\MPEG4VIDEOSTREAMFRAMER.OBJ
C:\DATA\MYPROJECTS\DVS\TECHCOASTSECLAB\RTSP_DSFILTER\RTSPDSF\LIVE\LIVEMEDIA\DEBUG\MPEGVIDEOSTREAMFRAMER.OBJ
C:\DATA\MYPROJECTS\DVS\TECHCOASTSECLAB\RTSP_DSFILTER\RTSPDSF\LIVE\LIVEMEDIA\DEBUG\MPEGVIDEOSTREAMPARSER.OBJ
C:\DATA\MYPROJECTS\DVS\TECHCOASTSECLAB\RTSP_DSFILTER\RTSPDSF\LIVE\LIVEMEDIA\DEBUG\MULTIFRAMEDRTPSINK.OBJ
C:\DATA\MYPROJECTS\DVS\TECHCOASTSECLAB\RTSP_DSFILTER\RTSPDSF\LIVE\LIVEMEDIA\DEBUG\MULTIFRAMEDRTPSOURCE.OBJ
C:\DATA\MYPROJECTS\DVS\TECHCOASTSECLAB\RTSP_DSFILTER\RTSPDSF\LIVE\LIVEMEDIA\DEBUG\ONDEMANDSERVERMEDIASUBSESSION.OBJ
C:\DATA\MYPROJECTS\DVS\TECHCOASTSECLAB\RTSP_DSFILTER\RTSPDSF\LIVE\LIVEMEDIA\DEBUG\OUTPUTFILE.OBJ
C:\DATA\MYPROJECTS\DVS\TECHCOASTSECLAB\RTSP_DSFILTER\RTSPDSF\LIVE\LIVEMEDIA\DEBUG\PASSIVESERVERMEDIASUBSESSION.OBJ
C:\DATA\MYPROJECTS\DVS\TECHCOASTSECLAB\RTSP_DSFILTER\RTSPDSF\LIVE\LIVEMEDIA\DEBUG\QCELPAUDIORTPSOURCE.OBJ
C:\DATA\MYPROJECTS\DVS\TECHCOASTSECLAB\RTSP_DSFILTER\RTSPDSF\LIVE\LIVEMEDIA\DEBUG\QUICKTIMEFILESINK.OBJ
C:\DATA\MYPROJECTS\DVS\TECHCOASTSECLAB\RTSP_DSFILTER\RTSPDSF\LIVE\LIVEMEDIA\DEBUG\QUICKTIMEGENERICRTPSOURCE.OBJ
C:\DATA\MYPROJECTS\DVS\TECHCOASTSECLAB\RTSP_DSFILTER\RTSPDSF\LIVE\LIVEMEDIA\DEBUG\RTCP.OBJ
C:\DATA\MYPROJECTS\DVS\TECHCOASTSECLAB\RTSP_DSFILTER\RTSPDSF\LIVE\LIVEMEDIA\DEBUG\RTPINTERFACE.OBJ
C:\DATA\MYPROJECTS\DVS\TECHCOASTSECLAB\RTSP_DSFILTER\RTSPDSF\LIVE\LIVEMEDIA\DEBUG\RTPSINK.OBJ
C:\DATA\MYPROJECTS\DVS\TECHCOASTSECLAB\RTSP_DSFILTER\RTSPDSF\LIVE\LIVEMEDIA\DEBUG\RTPSOURCE.OBJ
C:\DATA\MYPROJECTS\DVS\TECHCOASTSECLAB\RTSP_DSFILTER\RTSPDSF\LIVE\LIVEMEDIA\DEBUG\RTSPCLIENT.OBJ
C:\DATA\MYPROJECTS\DVS\TECHCOASTSECLAB\RTSP_DSFILTER\RTSPDSF\LIVE\LIVEMEDIA\DEBUG\RTSPCOMMON.OBJ
C:\DATA\MYPROJECTS\DVS\TECHCOASTSECLAB\RTSP_DSFILTER\RTSPDSF\LIVE\LIVEMEDIA\DEBUG\RTSPSERVER.OBJ
C:\DATA\MYPROJECTS\DVS\TECHCOASTSECLAB\RTSP_DSFILTER\RTSPDSF\LIVE\LIVEMEDIA\DEBUG\MPEG1OR2FILESERVERDEMUX.OBJ
C:\DATA\MYPROJECTS\DVS\TECHCOASTSECLAB\RTSP_DSFILTER\RTSPDSF\LIVE\LIVEMEDIA\DEBUG\MPEG1OR2VIDEOFILESERVERMEDIASUBSESSION.OBJ
C:\DATA\MYPROJECTS\DVS\TECHCOASTSECLAB\RTSP_DSFILTER\RTSPDSF\LIVE\LIVEMEDIA\DEBUG\MPEG1OR2VIDEORTPSINK.OBJ
C:\DATA\MYPROJECTS\DVS\TECHCOASTSECLAB\RTSP_DSFILTER\RTSPDSF\LIVE\LIVEMEDIA\DEBUG\MPEG1OR2VIDEORTPSOURCE.OBJ
C:\DATA\MYPROJECTS\DVS\TECHCOASTSECLAB\RTSP_DSFILTER\RTSPDSF\LIVE\LIVEMEDIA\DEBUG\MPEG1OR2VIDEOSTREAMDISCRETEFRAMER.OBJ
C:\DATA\MYPROJECTS\DVS\TECHCOASTSECLAB\RTSP_DSFILTER\RTSPDSF\LIVE\LIVEMEDIA\DEBUG\MPEG1OR2VIDEOSTREAMFRAMER.OBJ
C:\DATA\MYPROJECTS\DVS\TECHCOASTSECLAB\RTSP_DSFILTER\RTSPDSF\LIVE\LIVEMEDIA\DEBUG\MPEG2INDEXFROMTRANSPORTSTREAM.OBJ
C:\DATA\MYPROJECTS\DVS\TECHCOASTSECLAB\RTSP_DSFILTER\RTSPDSF\LIVE\LIVEMEDIA\DEBUG\MPEG2TRANSPORTFILESERVERMEDIASUBSESSION.OBJ
C:\DATA\MYPROJECTS\DVS\TECHCOASTSECLAB\RTSP_DSFILTER\RTSPDSF\LIVE\LIVEMEDIA\DEBUG\MPEG2TRANSPORTSTREAMFRAMER.OBJ
C:\DATA\MYPROJECTS\DVS\TECHCOASTSECLAB\RTSP_DSFILTER\RTSPDSF\LIVE\LIVEMEDIA\DEBUG\MPEG2TRANSPORTSTREAMFROMESSOURCE.OBJ
C:\DATA\MYPROJECTS\DVS\TECHCOASTSECLAB\RTSP_DSFILTER\RTSPDSF\LIVE\LIVEMEDIA\DEBUG\MPEG2TRANSPORTSTREAMFROMPESSOURCE.OBJ
C:\DATA\MYPROJECTS\DVS\TECHCOASTSECLAB\RTSP_DSFILTER\RTSPDSF\LIVE\LIVEMEDIA\DEBUG\MPEG2TRANSPORTSTREAMINDEXFILE.OBJ
C:\DATA\MYPROJECTS\DVS\TECHCOASTSECLAB\RTSP_DSFILTER\RTSPDSF\LIVE\LIVEMEDIA\DEBUG\MPEG2TRANSPORTSTREAMMULTIPLEXOR.OBJ
C:\DATA\MYPROJECTS\DVS\TECHCOASTSECLAB\RTSP_DSFILTER\RTSPDSF\LIVE\LIVEMEDIA\DEBUG\MPEG2TRANSPORTSTREAMTRICKMODEFILTER.OBJ
C:\DATA\MYPROJECTS\DVS\TECHCOASTSECLAB\RTSP_DSFILTER\RTSPDSF\LIVE\LIVEMEDIA\DEBUG\MPEG4ESVIDEORTPSINK.OBJ
C:\DATA\MYPROJECTS\DVS\TECHCOASTSECLAB\RTSP_DSFILTER\RTSPDSF\LIVE\LIVEMEDIA\DEBUG\MPEG4ESVIDEORTPSOURCE.OBJ
C:\DATA\MYPROJECTS\DVS\TECHCOASTSECLAB\RTSP_DSFILTER\RTSPDSF\LIVE\LIVEMEDIA\DEBUG\MPEG4GENERICRTPSINK.OBJ
C:\DATA\MYPROJECTS\DVS\TECHCOASTSECLAB\RTSP_DSFILTER\RTSPDSF\LIVE\LIVEMEDIA\DEBUG\MPEG4GENERICRTPSOURCE.OBJ
C:\DATA\MYPROJECTS\DVS\TECHCOASTSECLAB\RTSP_DSFILTER\RTSPDSF\LIVE\LIVEMEDIA\DEBUG\MPEG4LATMAUDIORTPSINK.OBJ
C:\DATA\MYPROJECTS\DVS\TECHCOASTSECLAB\RTSP_DSFILTER\RTSPDSF\LIVE\LIVEMEDIA\DEBUG\MPEG4LATMAUDIORTPSOURCE.OBJ
C:\DATA\MYPROJECTS\DVS\TECHCOASTSECLAB\RTSP_DSFILTER\RTSPDSF\LIVE\LIVEMEDIA\DEBUG\MP3ADUDESCRIPTOR.OBJ
C:\DATA\MYPROJECTS\DVS\TECHCOASTSECLAB\RTSP_DSFILTER\RTSPDSF\LIVE\LIVEMEDIA\DEBUG\MP3ADUINTERLEAVING.OBJ
C:\DATA\MYPROJECTS\DVS\TECHCOASTSECLAB\RTSP_DSFILTER\RTSPDSF\LIVE\LIVEMEDIA\DEBUG\MP3ADURTPSINK.OBJ
C:\DATA\MYPROJECTS\DVS\TECHCOASTSECLAB\RTSP_DSFILTER\RTSPDSF\LIVE\LIVEMEDIA\DEBUG\MP3ADURTPSOURCE.OBJ
C:\DATA\MYPROJECTS\DVS\TECHCOASTSECLAB\RTSP_DSFILTER\RTSPDSF\LIVE\LIVEMEDIA\DEBUG\MP3ADUTRANSCODER.OBJ
C:\DATA\MYPROJECTS\DVS\TECHCOASTSECLAB\RTSP_DSFILTER\RTSPDSF\LIVE\LIVEMEDIA\DEBUG\MP3AUDIOFILESERVERMEDIASUBSESSION.OBJ
C:\DATA\MYPROJECTS\DVS\TECHCOASTSECLAB\RTSP_DSFILTER\RTSPDSF\LIVE\LIVEMEDIA\DEBUG\MP3AUDIOMATROSKAFILESERVERMEDIASUBSESSION.OBJ
C:\DATA\MYPROJECTS\DVS\TECHCOASTSECLAB\RTSP_DSFILTER\RTSPDSF\LIVE\LIVEMEDIA\DEBUG\MP3FILESOURCE.OBJ
C:\DATA\MYPROJECTS\DVS\TECHCOASTSECLAB\RTSP_DSFILTER\RTSPDSF\LIVE\LIVEMEDIA\DEBUG\MP3HTTPSOURCE.OBJ
C:\DATA\MYPROJECTS\DVS\TECHCOASTSECLAB\RTSP_DSFILTER\RTSPDSF\LIVE\LIVEMEDIA\DEBUG\MP3INTERNALS.OBJ
C:\DATA\MYPROJECTS\DVS\TECHCOASTSECLAB\RTSP_DSFILTER\RTSPDSF\LIVE\LIVEMEDIA\DEBUG\MP3INTERNALSHUFFMAN.OBJ
C:\DATA\MYPROJECTS\DVS\TECHCOASTSECLAB\RTSP_DSFILTER\RTSPDSF\LIVE\LIVEMEDIA\DEBUG\MP3INTERNALSHUFFMANTABLE.OBJ
C:\DATA\MYPROJECTS\DVS\TECHCOASTSECLAB\RTSP_DSFILTER\RTSPDSF\LIVE\LIVEMEDIA\DEBUG\MP3STREAMSTATE.OBJ
C:\DATA\MYPROJECTS\DVS\TECHCOASTSECLAB\RTSP_DSFILTER\RTSPDSF\LIVE\LIVEMEDIA\DEBUG\MP3TRANSCODER.OBJ
C:\DATA\MYPROJECTS\DVS\TECHCOASTSECLAB\RTSP_DSFILTER\RTSPDSF\LIVE\LIVEMEDIA\DEBUG\MPEG1OR2AUDIORTPSINK.OBJ
C:\DATA\MYPROJECTS\DVS\TECHCOASTSECLAB\RTSP_DSFILTER\RTSPDSF\LIVE\LIVEMEDIA\DEBUG\MPEG1OR2AUDIORTPSOURCE.OBJ
C:\DATA\MYPROJECTS\DVS\TECHCOASTSECLAB\RTSP_DSFILTER\RTSPDSF\LIVE\LIVEMEDIA\DEBUG\MPEG1OR2AUDIOSTREAMFRAMER.OBJ
C:\DATA\MYPROJECTS\DVS\TECHCOASTSECLAB\RTSP_DSFILTER\RTSPDSF\LIVE\LIVEMEDIA\DEBUG\MPEG1OR2DEMUX.OBJ
C:\DATA\MYPROJECTS\DVS\TECHCOASTSECLAB\RTSP_DSFILTER\RTSPDSF\LIVE\LIVEMEDIA\DEBUG\MPEG1OR2DEMUXEDELEMENTARYSTREAM.OBJ
C:\DATA\MYPROJECTS\DVS\TECHCOASTSECLAB\RTSP_DSFILTER\RTSPDSF\LIVE\LIVEMEDIA\DEBUG\MPEG1OR2DEMUXEDSERVERMEDIASUBSESSION.OBJ
C:\DATA\MYPROJECTS\DVS\TECHCOASTSECLAB\RTSP_DSFILTER\RTSPDSF\LIVE\LIVEMEDIA\DEBUG\H264VIDEOFILESINK.OBJ
C:\DATA\MYPROJECTS\DVS\TECHCOASTSECLAB\RTSP_DSFILTER\RTSPDSF\LIVE\LIVEMEDIA\DEBUG\H264VIDEOMATROSKAFILESERVERMEDIASUBSESSION.OBJ
C:\DATA\MYPROJECTS\DVS\TECHCOASTSECLAB\RTSP_DSFILTER\RTSPDSF\LIVE\LIVEMEDIA\DEBUG\H264VIDEORTPSINK.OBJ
C:\DATA\MYPROJECTS\DVS\TECHCOASTSECLAB\RTSP_DSFILTER\RTSPDSF\LIVE\LIVEMEDIA\DEBUG\H264VIDEORTPSOURCE.OBJ
C:\DATA\MYPROJECTS\DVS\TECHCOASTSECLAB\RTSP_DSFILTER\RTSPDSF\LIVE\LIVEMEDIA\DEBUG\H264VIDEOSTREAMDISCRETEFRAMER.OBJ
C:\DATA\MYPROJECTS\DVS\TECHCOASTSECLAB\RTSP_DSFILTER\RTSPDSF\LIVE\LIVEMEDIA\DEBUG\H264VIDEOSTREAMFRAMER.OBJ
C:\DATA\MYPROJECTS\DVS\TECHCOASTSECLAB\RTSP_DSFILTER\RTSPDSF\LIVE\LIVEMEDIA\DEBUG\INPUTFILE.OBJ
C:\DATA\MYPROJECTS\DVS\TECHCOASTSECLAB\RTSP_DSFILTER\RTSPDSF\LIVE\LIVEMEDIA\DEBUG\JPEGVIDEORTPSINK.OBJ
C:\DATA\MYPROJECTS\DVS\TECHCOASTSECLAB\RTSP_DSFILTER\RTSPDSF\LIVE\LIVEMEDIA\DEBUG\JPEGVIDEORTPSOURCE.OBJ
C:\DATA\MYPROJECTS\DVS\TECHCOASTSECLAB\RTSP_DSFILTER\RTSPDSF\LIVE\LIVEMEDIA\DEBUG\JPEGVIDEOSOURCE.OBJ
C:\DATA\MYPROJECTS\DVS\TECHCOASTSECLAB\RTSP_DSFILTER\RTSPDSF\LIVE\LIVEMEDIA\DEBUG\LOCALE.OBJ
C:\DATA\MYPROJECTS\DVS\TECHCOASTSECLAB\RTSP_DSFILTER\RTSPDSF\LIVE\LIVEMEDIA\DEBUG\MATROSKADEMUXEDTRACK.OBJ
C:\DATA\MYPROJECTS\DVS\TECHCOASTSECLAB\RTSP_DSFILTER\RTSPDSF\LIVE\LIVEMEDIA\DEBUG\MATROSKAFILE.OBJ
C:\DATA\MYPROJECTS\DVS\TECHCOASTSECLAB\RTSP_DSFILTER\RTSPDSF\LIVE\LIVEMEDIA\DEBUG\MATROSKAFILEPARSER.OBJ
C:\DATA\MYPROJECTS\DVS\TECHCOASTSECLAB\RTSP_DSFILTER\RTSPDSF\LIVE\LIVEMEDIA\DEBUG\MATROSKAFILESERVERDEMUX.OBJ
C:\DATA\MYPROJECTS\DVS\TECHCOASTSECLAB\RTSP_DSFILTER\RTSPDSF\LIVE\LIVEMEDIA\DEBUG\MEDIA.OBJ
C:\DATA\MYPROJECTS\DVS\TECHCOASTSECLAB\RTSP_DSFILTER\RTSPDSF\LIVE\LIVEMEDIA\DEBUG\MEDIASESSION.OBJ
C:\DATA\MYPROJECTS\DVS\TECHCOASTSECLAB\RTSP_DSFILTER\RTSPDSF\LIVE\LIVEMEDIA\DEBUG\MEDIASINK.OBJ
C:\DATA\MYPROJECTS\DVS\TECHCOASTSECLAB\RTSP_DSFILTER\RTSPDSF\LIVE\LIVEMEDIA\DEBUG\MEDIASOURCE.OBJ
C:\DATA\MYPROJECTS\DVS\TECHCOASTSECLAB\RTSP_DSFILTER\RTSPDSF\LIVE\LIVEMEDIA\DEBUG\MP3ADU.OBJ
C:\DATA\MYPROJECTS\DVS\TECHCOASTSECLAB\RTSP_DSFILTER\RTSPDSF\LIVE\LIVEMEDIA\DEBUG\DEVICESOURCE.OBJ
C:\DATA\MYPROJECTS\DVS\TECHCOASTSECLAB\RTSP_DSFILTER\RTSPDSF\LIVE\LIVEMEDIA\DEBUG\DIGESTAUTHENTICATION.OBJ
C:\DATA\MYPROJECTS\DVS\TECHCOASTSECLAB\RTSP_DSFILTER\RTSPDSF\LIVE\LIVEMEDIA\DEBUG\DVVIDEOFILESERVERMEDIASUBSESSION.OBJ
C:\DATA\MYPROJECTS\DVS\TECHCOASTSECLAB\RTSP_DSFILTER\RTSPDSF\LIVE\LIVEMEDIA\DEBUG\DVVIDEORTPSINK.OBJ
C:\DATA\MYPROJECTS\DVS\TECHCOASTSECLAB\RTSP_DSFILTER\RTSPDSF\LIVE\LIVEMEDIA\DEBUG\DVVIDEORTPSOURCE.OBJ
C:\DATA\MYPROJECTS\DVS\TECHCOASTSECLAB\RTSP_DSFILTER\RTSPDSF\LIVE\LIVEMEDIA\DEBUG\DVVIDEOSTREAMFRAMER.OBJ
C:\DATA\MYPROJECTS\DVS\TECHCOASTSECLAB\RTSP_DSFILTER\RTSPDSF\LIVE\LIVEMEDIA\DEBUG\EBMLNUMBER.OBJ
C:\DATA\MYPROJECTS\DVS\TECHCOASTSECLAB\RTSP_DSFILTER\RTSPDSF\LIVE\LIVEMEDIA\DEBUG\FILESERVERMEDIASUBSESSION.OBJ
C:\DATA\MYPROJECTS\DVS\TECHCOASTSECLAB\RTSP_DSFILTER\RTSPDSF\LIVE\LIVEMEDIA\DEBUG\FILESINK.OBJ
C:\DATA\MYPROJECTS\DVS\TECHCOASTSECLAB\RTSP_DSFILTER\RTSPDSF\LIVE\LIVEMEDIA\DEBUG\FRAMEDFILESOURCE.OBJ
C:\DATA\MYPROJECTS\DVS\TECHCOASTSECLAB\RTSP_DSFILTER\RTSPDSF\LIVE\LIVEMEDIA\DEBUG\FRAMEDFILTER.OBJ
C:\DATA\MYPROJECTS\DVS\TECHCOASTSECLAB\RTSP_DSFILTER\RTSPDSF\LIVE\LIVEMEDIA\DEBUG\FRAMEDSOURCE.OBJ
C:\DATA\MYPROJECTS\DVS\TECHCOASTSECLAB\RTSP_DSFILTER\RTSPDSF\LIVE\LIVEMEDIA\DEBUG\GSMAUDIORTPSINK.OBJ
C:\DATA\MYPROJECTS\DVS\TECHCOASTSECLAB\RTSP_DSFILTER\RTSPDSF\LIVE\LIVEMEDIA\DEBUG\H261VIDEORTPSOURCE.OBJ
C:\DATA\MYPROJECTS\DVS\TECHCOASTSECLAB\RTSP_DSFILTER\RTSPDSF\LIVE\LIVEMEDIA\DEBUG\H263PLUSVIDEOFILESERVERMEDIASUBSESSION.OBJ
C:\DATA\MYPROJECTS\DVS\TECHCOASTSECLAB\RTSP_DSFILTER\RTSPDSF\LIVE\LIVEMEDIA\DEBUG\H263PLUSVIDEORTPSINK.OBJ
C:\DATA\MYPROJECTS\DVS\TECHCOASTSECLAB\RTSP_DSFILTER\RTSPDSF\LIVE\LIVEMEDIA\DEBUG\H263PLUSVIDEORTPSOURCE.OBJ
C:\DATA\MYPROJECTS\DVS\TECHCOASTSECLAB\RTSP_DSFILTER\RTSPDSF\LIVE\LIVEMEDIA\DEBUG\H263PLUSVIDEOSTREAMFRAMER.OBJ
C:\DATA\MYPROJECTS\DVS\TECHCOASTSECLAB\RTSP_DSFILTER\RTSPDSF\LIVE\LIVEMEDIA\DEBUG\H263PLUSVIDEOSTREAMPARSER.OBJ
C:\DATA\MYPROJECTS\DVS\TECHCOASTSECLAB\RTSP_DSFILTER\RTSPDSF\LIVE\LIVEMEDIA\DEBUG\H264VIDEOFILESERVERMEDIASUBSESSION.OBJ
C:\DATA\MYPROJECTS\DVS\TECHCOASTSECLAB\RTSP_DSFILTER\RTSPDSF\LIVE\LIVEMEDIA\DEBUG\AC3AUDIOSTREAMFRAMER.OBJ
C:\DATA\MYPROJECTS\DVS\TECHCOASTSECLAB\RTSP_DSFILTER\RTSPDSF\LIVE\LIVEMEDIA\DEBUG\ADTSAUDIOFILESERVERMEDIASUBSESSION.OBJ
C:\DATA\MYPROJECTS\DVS\TECHCOASTSECLAB\RTSP_DSFILTER\RTSPDSF\LIVE\LIVEMEDIA\DEBUG\ADTSAUDIOFILESOURCE.OBJ
C:\DATA\MYPROJECTS\DVS\TECHCOASTSECLAB\RTSP_DSFILTER\RTSPDSF\LIVE\LIVEMEDIA\DEBUG\AMRAUDIOFILESERVERMEDIASUBSESSION.OBJ
C:\DATA\MYPROJECTS\DVS\TECHCOASTSECLAB\RTSP_DSFILTER\RTSPDSF\LIVE\LIVEMEDIA\DEBUG\AMRAUDIOFILESINK.OBJ
C:\DATA\MYPROJECTS\DVS\TECHCOASTSECLAB\RTSP_DSFILTER\RTSPDSF\LIVE\LIVEMEDIA\DEBUG\AMRAUDIOFILESOURCE.OBJ
C:\DATA\MYPROJECTS\DVS\TECHCOASTSECLAB\RTSP_DSFILTER\RTSPDSF\LIVE\LIVEMEDIA\DEBUG\AMRAUDIORTPSINK.OBJ
C:\DATA\MYPROJECTS\DVS\TECHCOASTSECLAB\RTSP_DSFILTER\RTSPDSF\LIVE\LIVEMEDIA\DEBUG\AMRAUDIORTPSOURCE.OBJ
C:\DATA\MYPROJECTS\DVS\TECHCOASTSECLAB\RTSP_DSFILTER\RTSPDSF\LIVE\LIVEMEDIA\DEBUG\AMRAUDIOSOURCE.OBJ
C:\DATA\MYPROJECTS\DVS\TECHCOASTSECLAB\RTSP_DSFILTER\RTSPDSF\LIVE\LIVEMEDIA\DEBUG\AUDIOINPUTDEVICE.OBJ
C:\DATA\MYPROJECTS\DVS\TECHCOASTSECLAB\RTSP_DSFILTER\RTSPDSF\LIVE\LIVEMEDIA\DEBUG\AUDIORTPSINK.OBJ
C:\DATA\MYPROJECTS\DVS\TECHCOASTSECLAB\RTSP_DSFILTER\RTSPDSF\LIVE\LIVEMEDIA\DEBUG\AVIFILESINK.OBJ
C:\DATA\MYPROJECTS\DVS\TECHCOASTSECLAB\RTSP_DSFILTER\RTSPDSF\LIVE\LIVEMEDIA\DEBUG\BASE64.OBJ
C:\DATA\MYPROJECTS\DVS\TECHCOASTSECLAB\RTSP_DSFILTER\RTSPDSF\LIVE\LIVEMEDIA\DEBUG\BASICUDPSINK.OBJ
C:\DATA\MYPROJECTS\DVS\TECHCOASTSECLAB\RTSP_DSFILTER\RTSPDSF\LIVE\LIVEMEDIA\DEBUG\BASICUDPSOURCE.OBJ
C:\DATA\MYPROJECTS\DVS\TECHCOASTSECLAB\RTSP_DSFILTER\RTSPDSF\LIVE\LIVEMEDIA\DEBUG\BITVECTOR.OBJ
C:\DATA\MYPROJECTS\DVS\TECHCOASTSECLAB\RTSP_DSFILTER\RTSPDSF\LIVE\LIVEMEDIA\DEBUG\BYTESTREAMFILESOURCE.OBJ
C:\DATA\MYPROJECTS\DVS\TECHCOASTSECLAB\RTSP_DSFILTER\RTSPDSF\LIVE\LIVEMEDIA\DEBUG\BYTESTREAMMEMORYBUFFERSOURCE.OBJ
C:\DATA\MYPROJECTS\DVS\TECHCOASTSECLAB\RTSP_DSFILTER\RTSPDSF\LIVE\LIVEMEDIA\DEBUG\BYTESTREAMMULTIFILESOURCE.OBJ
C:\DATA\MYPROJECTS\DVS\TECHCOASTSECLAB\RTSP_DSFILTER\RTSPDSF\LIVE\LIVEMEDIA\DEBUG\DARWININJECTOR.OBJ
C:\DATA\MYPROJECTS\DVS\TECHCOASTSECLAB\RTSP_DSFILTER\RTSPDSF\LIVE\LIVEMEDIA\DEBUG\AACAUDIOMATROSKAFILESERVERMEDIASUBSESSION.OBJ
C:\DATA\MYPROJECTS\DVS\TECHCOASTSECLAB\RTSP_DSFILTER\RTSPDSF\LIVE\LIVEMEDIA\DEBUG\AC3AUDIOFILESERVERMEDIASUBSESSION.OBJ
C:\DATA\MYPROJECTS\DVS\TECHCOASTSECLAB\RTSP_DSFILTER\RTSPDSF\LIVE\LIVEMEDIA\DEBUG\AC3AUDIOMATROSKAFILESERVERMEDIASUBSESSION.OBJ
C:\DATA\MYPROJECTS\DVS\TECHCOASTSECLAB\RTSP_DSFILTER\RTSPDSF\LIVE\LIVEMEDIA\DEBUG\AC3AUDIORTPSINK.OBJ
C:\DATA\MYPROJECTS\DVS\TECHCOASTSECLAB\RTSP_DSFILTER\RTSPDSF\LIVE\LIVEMEDIA\DEBUG\AC3AUDIORTPSOURCE.OBJ
C:\DATA\MYPROJECTS\DVS\TECHCOASTSECLAB\RTSP_DSFILTER\RTSPDSF\LIVE\LIVEMEDIA\DEBUG\VC110.PDB
C:\DATA\MYPROJECTS\DVS\TECHCOASTSECLAB\RTSP_DSFILTER\RTSPDSF\LIVE\LIVEMEDIA\DEBUG\INET.OBJ
C:\DATA\MYPROJECTS\DVS\TECHCOASTSECLAB\RTSP_DSFILTER\RTSPDSF\LIVE\LIVEMEDIA\DEBUG\OUR_MD5.OBJ
C:\DATA\MYPROJECTS\DVS\TECHCOASTSECLAB\RTSP_DSFILTER\RTSPDSF\LIVE\LIVEMEDIA\DEBUG\OUR_MD5HL.OBJ
C:\DATA\MYPROJECTS\DVS\TECHCOASTSECLAB\RTSP_DSFILTER\RTSPDSF\LIVE\LIVEMEDIA\DEBUG\RTCP_FROM_SPEC.OBJ
C:\DATA\MYPROJECTS\DVS\TECHCOASTSECLAB\RTSP_DSFILTER\RTSPDSF\LIVE\LIB\LIVEMEDIA.LIB
C:\Data\MyProjects\DVS\TechCoastSecLab\RTSP_DSFilter\rtspdsf\live\liveMedia\Debug\AACAudioMatroskaFileServerMediaSubsession.obj
C:\Data\MyProjects\DVS\TechCoastSecLab\RTSP_DSFilter\rtspdsf\live\liveMedia\Debug\AC3AudioFileServerMediaSubsession.obj
C:\Data\MyProjects\DVS\TechCoastSecLab\RTSP_DSFilter\rtspdsf\live\liveMedia\Debug\AC3AudioMatroskaFileServerMediaSubsession.obj
C:\Data\MyProjects\DVS\TechCoastSecLab\RTSP_DSFilter\rtspdsf\live\liveMedia\Debug\AC3AudioRTPSink.obj
C:\Data\MyProjects\DVS\TechCoastSecLab\RTSP_DSFilter\rtspdsf\live\liveMedia\Debug\AC3AudioRTPSource.obj
C:\Data\MyProjects\DVS\TechCoastSecLab\RTSP_DSFilter\rtspdsf\live\liveMedia\Debug\AC3AudioStreamFramer.obj
C:\Data\MyProjects\DVS\TechCoastSecLab\RTSP_DSFilter\rtspdsf\live\liveMedia\Debug\ADTSAudioFileServerMediaSubsession.obj
C:\Data\MyProjects\DVS\TechCoastSecLab\RTSP_DSFilter\rtspdsf\live\liveMedia\Debug\ADTSAudioFileSource.obj
C:\Data\MyProjects\DVS\TechCoastSecLab\RTSP_DSFilter\rtspdsf\live\liveMedia\Debug\AMRAudioFileServerMediaSubsession.obj
C:\Data\MyProjects\DVS\TechCoastSecLab\RTSP_DSFilter\rtspdsf\live\liveMedia\Debug\AMRAudioFileSink.obj
C:\Data\MyProjects\DVS\TechCoastSecLab\RTSP_DSFilter\rtspdsf\live\liveMedia\Debug\AMRAudioFileSource.obj
C:\Data\MyProjects\DVS\TechCoastSecLab\RTSP_DSFilter\rtspdsf\live\liveMedia\Debug\AMRAudioRTPSink.obj
C:\Data\MyProjects\DVS\TechCoastSecLab\RTSP_DSFilter\rtspdsf\live\liveMedia\Debug\AMRAudioRTPSource.obj
C:\Data\MyProjects\DVS\TechCoastSecLab\RTSP_DSFilter\rtspdsf\live\liveMedia\Debug\AMRAudioSource.obj
C:\Data\MyProjects\DVS\TechCoastSecLab\RTSP_DSFilter\rtspdsf\live\liveMedia\Debug\AudioInputDevice.obj
C:\Data\MyProjects\DVS\TechCoastSecLab\RTSP_DSFilter\rtspdsf\live\liveMedia\Debug\AudioRTPSink.obj
C:\Data\MyProjects\DVS\TechCoastSecLab\RTSP_DSFilter\rtspdsf\live\liveMedia\Debug\AVIFileSink.obj
C:\Data\MyProjects\DVS\TechCoastSecLab\RTSP_DSFilter\rtspdsf\live\liveMedia\Debug\Base64.obj
C:\Data\MyProjects\DVS\TechCoastSecLab\RTSP_DSFilter\rtspdsf\live\liveMedia\Debug\BasicUDPSink.obj
C:\Data\MyProjects\DVS\TechCoastSecLab\RTSP_DSFilter\rtspdsf\live\liveMedia\Debug\BasicUDPSource.obj
C:\Data\MyProjects\DVS\TechCoastSecLab\RTSP_DSFilter\rtspdsf\live\liveMedia\Debug\BitVector.obj
C:\Data\MyProjects\DVS\TechCoastSecLab\RTSP_DSFilter\rtspdsf\live\liveMedia\Debug\ByteStreamFileSource.obj
C:\Data\MyProjects\DVS\TechCoastSecLab\RTSP_DSFilter\rtspdsf\live\liveMedia\Debug\ByteStreamMemoryBufferSource.obj
C:\Data\MyProjects\DVS\TechCoastSecLab\RTSP_DSFilter\rtspdsf\live\liveMedia\Debug\ByteStreamMultiFileSource.obj
C:\Data\MyProjects\DVS\TechCoastSecLab\RTSP_DSFilter\rtspdsf\live\liveMedia\Debug\DarwinInjector.obj
C:\Data\MyProjects\DVS\TechCoastSecLab\RTSP_DSFilter\rtspdsf\live\liveMedia\Debug\DeviceSource.obj
C:\Data\MyProjects\DVS\TechCoastSecLab\RTSP_DSFilter\rtspdsf\live\liveMedia\Debug\DigestAuthentication.obj
C:\Data\MyProjects\DVS\TechCoastSecLab\RTSP_DSFilter\rtspdsf\live\liveMedia\Debug\DVVideoFileServerMediaSubsession.obj
C:\Data\MyProjects\DVS\TechCoastSecLab\RTSP_DSFilter\rtspdsf\live\liveMedia\Debug\DVVideoRTPSink.obj
C:\Data\MyProjects\DVS\TechCoastSecLab\RTSP_DSFilter\rtspdsf\live\liveMedia\Debug\DVVideoRTPSource.obj
C:\Data\MyProjects\DVS\TechCoastSecLab\RTSP_DSFilter\rtspdsf\live\liveMedia\Debug\DVVideoStreamFramer.obj
C:\Data\MyProjects\DVS\TechCoastSecLab\RTSP_DSFilter\rtspdsf\live\liveMedia\Debug\EBMLNumber.obj
C:\Data\MyProjects\DVS\TechCoastSecLab\RTSP_DSFilter\rtspdsf\live\liveMedia\Debug\FileServerMediaSubsession.obj
C:\Data\MyProjects\DVS\TechCoastSecLab\RTSP_DSFilter\rtspdsf\live\liveMedia\Debug\FileSink.obj
C:\Data\MyProjects\DVS\TechCoastSecLab\RTSP_DSFilter\rtspdsf\live\liveMedia\Debug\FramedFileSource.obj
C:\Data\MyProjects\DVS\TechCoastSecLab\RTSP_DSFilter\rtspdsf\live\liveMedia\Debug\FramedFilter.obj
C:\Data\MyProjects\DVS\TechCoastSecLab\RTSP_DSFilter\rtspdsf\live\liveMedia\Debug\FramedSource.obj
C:\Data\MyProjects\DVS\TechCoastSecLab\RTSP_DSFilter\rtspdsf\live\liveMedia\Debug\GSMAudioRTPSink.obj
C:\Data\MyProjects\DVS\TechCoastSecLab\RTSP_DSFilter\rtspdsf\live\liveMedia\Debug\H261VideoRTPSource.obj
C:\Data\MyProjects\DVS\TechCoastSecLab\RTSP_DSFilter\rtspdsf\live\liveMedia\Debug\H263plusVideoFileServerMediaSubsession.obj
C:\Data\MyProjects\DVS\TechCoastSecLab\RTSP_DSFilter\rtspdsf\live\liveMedia\Debug\H263plusVideoRTPSink.obj
C:\Data\MyProjects\DVS\TechCoastSecLab\RTSP_DSFilter\rtspdsf\live\liveMedia\Debug\H263plusVideoRTPSource.obj
C:\Data\MyProjects\DVS\TechCoastSecLab\RTSP_DSFilter\rtspdsf\live\liveMedia\Debug\H263plusVideoStreamFramer.obj
C:\Data\MyProjects\DVS\TechCoastSecLab\RTSP_DSFilter\rtspdsf\live\liveMedia\Debug\H263plusVideoStreamParser.obj
C:\Data\MyProjects\DVS\TechCoastSecLab\RTSP_DSFilter\rtspdsf\live\liveMedia\Debug\H264VideoFileServerMediaSubsession.obj
C:\Data\MyProjects\DVS\TechCoastSecLab\RTSP_DSFilter\rtspdsf\live\liveMedia\Debug\H264VideoFileSink.obj
C:\Data\MyProjects\DVS\TechCoastSecLab\RTSP_DSFilter\rtspdsf\live\liveMedia\Debug\H264VideoMatroskaFileServerMediaSubsession.obj
C:\Data\MyProjects\DVS\TechCoastSecLab\RTSP_DSFilter\rtspdsf\live\liveMedia\Debug\H264VideoRTPSink.obj
C:\Data\MyProjects\DVS\TechCoastSecLab\RTSP_DSFilter\rtspdsf\live\liveMedia\Debug\H264VideoRTPSource.obj
C:\Data\MyProjects\DVS\TechCoastSecLab\RTSP_DSFilter\rtspdsf\live\liveMedia\Debug\H264VideoStreamDiscreteFramer.obj
C:\Data\MyProjects\DVS\TechCoastSecLab\RTSP_DSFilter\rtspdsf\live\liveMedia\Debug\H264VideoStreamFramer.obj
C:\Data\MyProjects\DVS\TechCoastSecLab\RTSP_DSFilter\rtspdsf\live\liveMedia\Debug\inet.obj
C:\Data\MyProjects\DVS\TechCoastSecLab\RTSP_DSFilter\rtspdsf\live\liveMedia\Debug\InputFile.obj
C:\Data\MyProjects\DVS\TechCoastSecLab\RTSP_DSFilter\rtspdsf\live\liveMedia\Debug\JPEGVideoRTPSink.obj
C:\Data\MyProjects\DVS\TechCoastSecLab\RTSP_DSFilter\rtspdsf\live\liveMedia\Debug\JPEGVideoRTPSource.obj
C:\Data\MyProjects\DVS\TechCoastSecLab\RTSP_DSFilter\rtspdsf\live\liveMedia\Debug\JPEGVideoSource.obj
C:\Data\MyProjects\DVS\TechCoastSecLab\RTSP_DSFilter\rtspdsf\live\liveMedia\Debug\Locale.obj
C:\Data\MyProjects\DVS\TechCoastSecLab\RTSP_DSFilter\rtspdsf\live\liveMedia\Debug\MatroskaDemuxedTrack.obj
C:\Data\MyProjects\DVS\TechCoastSecLab\RTSP_DSFilter\rtspdsf\live\liveMedia\Debug\MatroskaFile.obj
C:\Data\MyProjects\DVS\TechCoastSecLab\RTSP_DSFilter\rtspdsf\live\liveMedia\Debug\MatroskaFileParser.obj
C:\Data\MyProjects\DVS\TechCoastSecLab\RTSP_DSFilter\rtspdsf\live\liveMedia\Debug\MatroskaFileServerDemux.obj
C:\Data\MyProjects\DVS\TechCoastSecLab\RTSP_DSFilter\rtspdsf\live\liveMedia\Debug\Media.obj
C:\Data\MyProjects\DVS\TechCoastSecLab\RTSP_DSFilter\rtspdsf\live\liveMedia\Debug\MediaSession.obj
C:\Data\MyProjects\DVS\TechCoastSecLab\RTSP_DSFilter\rtspdsf\live\liveMedia\Debug\MediaSink.obj
C:\Data\MyProjects\DVS\TechCoastSecLab\RTSP_DSFilter\rtspdsf\live\liveMedia\Debug\MediaSource.obj
C:\Data\MyProjects\DVS\TechCoastSecLab\RTSP_DSFilter\rtspdsf\live\liveMedia\Debug\MP3ADU.obj
C:\Data\MyProjects\DVS\TechCoastSecLab\RTSP_DSFilter\rtspdsf\live\liveMedia\Debug\MP3ADUdescriptor.obj
C:\Data\MyProjects\DVS\TechCoastSecLab\RTSP_DSFilter\rtspdsf\live\liveMedia\Debug\MP3ADUinterleaving.obj
C:\Data\MyProjects\DVS\TechCoastSecLab\RTSP_DSFilter\rtspdsf\live\liveMedia\Debug\MP3ADURTPSink.obj
C:\Data\MyProjects\DVS\TechCoastSecLab\RTSP_DSFilter\rtspdsf\live\liveMedia\Debug\MP3ADURTPSource.obj
C:\Data\MyProjects\DVS\TechCoastSecLab\RTSP_DSFilter\rtspdsf\live\liveMedia\Debug\MP3ADUTranscoder.obj
C:\Data\MyProjects\DVS\TechCoastSecLab\RTSP_DSFilter\rtspdsf\live\liveMedia\Debug\MP3AudioFileServerMediaSubsession.obj
C:\Data\MyProjects\DVS\TechCoastSecLab\RTSP_DSFilter\rtspdsf\live\liveMedia\Debug\MP3AudioMatroskaFileServerMediaSubsession.obj
C:\Data\MyProjects\DVS\TechCoastSecLab\RTSP_DSFilter\rtspdsf\live\liveMedia\Debug\MP3FileSource.obj
C:\Data\MyProjects\DVS\TechCoastSecLab\RTSP_DSFilter\rtspdsf\live\liveMedia\Debug\MP3HTTPSource.obj
C:\Data\MyProjects\DVS\TechCoastSecLab\RTSP_DSFilter\rtspdsf\live\liveMedia\Debug\MP3Internals.obj
C:\Data\MyProjects\DVS\TechCoastSecLab\RTSP_DSFilter\rtspdsf\live\liveMedia\Debug\MP3InternalsHuffman.obj
C:\Data\MyProjects\DVS\TechCoastSecLab\RTSP_DSFilter\rtspdsf\live\liveMedia\Debug\MP3InternalsHuffmanTable.obj
C:\Data\MyProjects\DVS\TechCoastSecLab\RTSP_DSFilter\rtspdsf\live\liveMedia\Debug\MP3StreamState.obj
C:\Data\MyProjects\DVS\TechCoastSecLab\RTSP_DSFilter\rtspdsf\live\liveMedia\Debug\MP3Transcoder.obj
C:\Data\MyProjects\DVS\TechCoastSecLab\RTSP_DSFilter\rtspdsf\live\liveMedia\Debug\MPEG1or2AudioRTPSink.obj
C:\Data\MyProjects\DVS\TechCoastSecLab\RTSP_DSFilter\rtspdsf\live\liveMedia\Debug\MPEG1or2AudioRTPSource.obj
C:\Data\MyProjects\DVS\TechCoastSecLab\RTSP_DSFilter\rtspdsf\live\liveMedia\Debug\MPEG1or2AudioStreamFramer.obj
C:\Data\MyProjects\DVS\TechCoastSecLab\RTSP_DSFilter\rtspdsf\live\liveMedia\Debug\MPEG1or2Demux.obj
C:\Data\MyProjects\DVS\TechCoastSecLab\RTSP_DSFilter\rtspdsf\live\liveMedia\Debug\MPEG1or2DemuxedElementaryStream.obj
C:\Data\MyProjects\DVS\TechCoastSecLab\RTSP_DSFilter\rtspdsf\live\liveMedia\Debug\MPEG1or2DemuxedServerMediaSubsession.obj
C:\Data\MyProjects\DVS\TechCoastSecLab\RTSP_DSFilter\rtspdsf\live\liveMedia\Debug\MPEG1or2FileServerDemux.obj
C:\Data\MyProjects\DVS\TechCoastSecLab\RTSP_DSFilter\rtspdsf\live\liveMedia\Debug\MPEG1or2VideoFileServerMediaSubsession.obj
C:\Data\MyProjects\DVS\TechCoastSecLab\RTSP_DSFilter\rtspdsf\live\liveMedia\Debug\MPEG1or2VideoRTPSink.obj
C:\Data\MyProjects\DVS\TechCoastSecLab\RTSP_DSFilter\rtspdsf\live\liveMedia\Debug\MPEG1or2VideoRTPSource.obj
C:\Data\MyProjects\DVS\TechCoastSecLab\RTSP_DSFilter\rtspdsf\live\liveMedia\Debug\MPEG1or2VideoStreamDiscreteFramer.obj
C:\Data\MyProjects\DVS\TechCoastSecLab\RTSP_DSFilter\rtspdsf\live\liveMedia\Debug\MPEG1or2VideoStreamFramer.obj
C:\Data\MyProjects\DVS\TechCoastSecLab\RTSP_DSFilter\rtspdsf\live\liveMedia\Debug\MPEG2IndexFromTransportStream.obj
C:\Data\MyProjects\DVS\TechCoastSecLab\RTSP_DSFilter\rtspdsf\live\liveMedia\Debug\MPEG2TransportFileServerMediaSubsession.obj
C:\Data\MyProjects\DVS\TechCoastSecLab\RTSP_DSFilter\rtspdsf\live\liveMedia\Debug\MPEG2TransportStreamFramer.obj
C:\Data\MyProjects\DVS\TechCoastSecLab\RTSP_DSFilter\rtspdsf\live\liveMedia\Debug\MPEG2TransportStreamFromESSource.obj
C:\Data\MyProjects\DVS\TechCoastSecLab\RTSP_DSFilter\rtspdsf\live\liveMedia\Debug\MPEG2TransportStreamFromPESSource.obj
C:\Data\MyProjects\DVS\TechCoastSecLab\RTSP_DSFilter\rtspdsf\live\liveMedia\Debug\MPEG2TransportStreamIndexFile.obj
C:\Data\MyProjects\DVS\TechCoastSecLab\RTSP_DSFilter\rtspdsf\live\liveMedia\Debug\MPEG2TransportStreamMultiplexor.obj
C:\Data\MyProjects\DVS\TechCoastSecLab\RTSP_DSFilter\rtspdsf\live\liveMedia\Debug\MPEG2TransportStreamTrickModeFilter.obj
C:\Data\MyProjects\DVS\TechCoastSecLab\RTSP_DSFilter\rtspdsf\live\liveMedia\Debug\MPEG4ESVideoRTPSink.obj
C:\Data\MyProjects\DVS\TechCoastSecLab\RTSP_DSFilter\rtspdsf\live\liveMedia\Debug\MPEG4ESVideoRTPSource.obj
C:\Data\MyProjects\DVS\TechCoastSecLab\RTSP_DSFilter\rtspdsf\live\liveMedia\Debug\MPEG4GenericRTPSink.obj
C:\Data\MyProjects\DVS\TechCoastSecLab\RTSP_DSFilter\rtspdsf\live\liveMedia\Debug\MPEG4GenericRTPSource.obj
C:\Data\MyProjects\DVS\TechCoastSecLab\RTSP_DSFilter\rtspdsf\live\liveMedia\Debug\MPEG4LATMAudioRTPSink.obj
C:\Data\MyProjects\DVS\TechCoastSecLab\RTSP_DSFilter\rtspdsf\live\liveMedia\Debug\MPEG4LATMAudioRTPSource.obj
C:\Data\MyProjects\DVS\TechCoastSecLab\RTSP_DSFilter\rtspdsf\live\liveMedia\Debug\MPEG4VideoFileServerMediaSubsession.obj
C:\Data\MyProjects\DVS\TechCoastSecLab\RTSP_DSFilter\rtspdsf\live\liveMedia\Debug\MPEG4VideoStreamDiscreteFramer.obj
C:\Data\MyProjects\DVS\TechCoastSecLab\RTSP_DSFilter\rtspdsf\live\liveMedia\Debug\MPEG4VideoStreamFramer.obj
C:\Data\MyProjects\DVS\TechCoastSecLab\RTSP_DSFilter\rtspdsf\live\liveMedia\Debug\MPEGVideoStreamFramer.obj
C:\Data\MyProjects\DVS\TechCoastSecLab\RTSP_DSFilter\rtspdsf\live\liveMedia\Debug\MPEGVideoStreamParser.obj
C:\Data\MyProjects\DVS\TechCoastSecLab\RTSP_DSFilter\rtspdsf\live\liveMedia\Debug\MultiFramedRTPSink.obj
C:\Data\MyProjects\DVS\TechCoastSecLab\RTSP_DSFilter\rtspdsf\live\liveMedia\Debug\MultiFramedRTPSource.obj
C:\Data\MyProjects\DVS\TechCoastSecLab\RTSP_DSFilter\rtspdsf\live\liveMedia\Debug\OnDemandServerMediaSubsession.obj
C:\Data\MyProjects\DVS\TechCoastSecLab\RTSP_DSFilter\rtspdsf\live\liveMedia\Debug\our_md5.obj
C:\Data\MyProjects\DVS\TechCoastSecLab\RTSP_DSFilter\rtspdsf\live\liveMedia\Debug\our_md5hl.obj
C:\Data\MyProjects\DVS\TechCoastSecLab\RTSP_DSFilter\rtspdsf\live\liveMedia\Debug\OutputFile.obj
C:\Data\MyProjects\DVS\TechCoastSecLab\RTSP_DSFilter\rtspdsf\live\liveMedia\Debug\PassiveServerMediaSubsession.obj
C:\Data\MyProjects\DVS\TechCoastSecLab\RTSP_DSFilter\rtspdsf\live\liveMedia\Debug\QCELPAudioRTPSource.obj
C:\Data\MyProjects\DVS\TechCoastSecLab\RTSP_DSFilter\rtspdsf\live\liveMedia\Debug\QuickTimeFileSink.obj
C:\Data\MyProjects\DVS\TechCoastSecLab\RTSP_DSFilter\rtspdsf\live\liveMedia\Debug\QuickTimeGenericRTPSource.obj
C:\Data\MyProjects\DVS\TechCoastSecLab\RTSP_DSFilter\rtspdsf\live\liveMedia\Debug\RTCP.obj
C:\Data\MyProjects\DVS\TechCoastSecLab\RTSP_DSFilter\rtspdsf\live\liveMedia\Debug\rtcp_from_spec.obj
C:\Data\MyProjects\DVS\TechCoastSecLab\RTSP_DSFilter\rtspdsf\live\liveMedia\Debug\RTPInterface.obj
C:\Data\MyProjects\DVS\TechCoastSecLab\RTSP_DSFilter\rtspdsf\live\liveMedia\Debug\RTPSink.obj
C:\Data\MyProjects\DVS\TechCoastSecLab\RTSP_DSFilter\rtspdsf\live\liveMedia\Debug\RTPSource.obj
C:\Data\MyProjects\DVS\TechCoastSecLab\RTSP_DSFilter\rtspdsf\live\liveMedia\Debug\RTSPClient.obj
C:\Data\MyProjects\DVS\TechCoastSecLab\RTSP_DSFilter\rtspdsf\live\liveMedia\Debug\RTSPCommon.obj
C:\Data\MyProjects\DVS\TechCoastSecLab\RTSP_DSFilter\rtspdsf\live\liveMedia\Debug\RTSPServer.obj
C:\Data\MyProjects\DVS\TechCoastSecLab\RTSP_DSFilter\rtspdsf\live\liveMedia\Debug\RTSPServerSupportingHTTPStreaming.obj
C:\Data\MyProjects\DVS\TechCoastSecLab\RTSP_DSFilter\rtspdsf\live\liveMedia\Debug\ServerMediaSession.obj
C:\Data\MyProjects\DVS\TechCoastSecLab\RTSP_DSFilter\rtspdsf\live\liveMedia\Debug\SimpleRTPSink.obj
C:\Data\MyProjects\DVS\TechCoastSecLab\RTSP_DSFilter\rtspdsf\live\liveMedia\Debug\SimpleRTPSource.obj
C:\Data\MyProjects\DVS\TechCoastSecLab\RTSP_DSFilter\rtspdsf\live\liveMedia\Debug\SIPClient.obj
C:\Data\MyProjects\DVS\TechCoastSecLab\RTSP_DSFilter\rtspdsf\live\liveMedia\Debug\StreamParser.obj
C:\Data\MyProjects\DVS\TechCoastSecLab\RTSP_DSFilter\rtspdsf\live\liveMedia\Debug\T140TextMatroskaFileServerMediaSubsession.obj
C:\Data\MyProjects\DVS\TechCoastSecLab\RTSP_DSFilter\rtspdsf\live\liveMedia\Debug\T140TextRTPSink.obj
C:\Data\MyProjects\DVS\TechCoastSecLab\RTSP_DSFilter\rtspdsf\live\liveMedia\Debug\TCPStreamSink.obj
C:\Data\MyProjects\DVS\TechCoastSecLab\RTSP_DSFilter\rtspdsf\live\liveMedia\Debug\TextRTPSink.obj
C:\Data\MyProjects\DVS\TechCoastSecLab\RTSP_DSFilter\rtspdsf\live\liveMedia\Debug\uLawAudioFilter.obj
C:\Data\MyProjects\DVS\TechCoastSecLab\RTSP_DSFilter\rtspdsf\live\liveMedia\Debug\VideoRTPSink.obj
C:\Data\MyProjects\DVS\TechCoastSecLab\RTSP_DSFilter\rtspdsf\live\liveMedia\Debug\VorbisAudioMatroskaFileServerMediaSubsession.obj
C:\Data\MyProjects\DVS\TechCoastSecLab\RTSP_DSFilter\rtspdsf\live\liveMedia\Debug\VorbisAudioRTPSink.obj
C:\Data\MyProjects\DVS\TechCoastSecLab\RTSP_DSFilter\rtspdsf\live\liveMedia\Debug\VorbisAudioRTPSource.obj
C:\Data\MyProjects\DVS\TechCoastSecLab\RTSP_DSFilter\rtspdsf\live\liveMedia\Debug\VP8VideoMatroskaFileServerMediaSubsession.obj
C:\Data\MyProjects\DVS\TechCoastSecLab\RTSP_DSFilter\rtspdsf\live\liveMedia\Debug\VP8VideoRTPSink.obj
C:\Data\MyProjects\DVS\TechCoastSecLab\RTSP_DSFilter\rtspdsf\live\liveMedia\Debug\VP8VideoRTPSource.obj
C:\Data\MyProjects\DVS\TechCoastSecLab\RTSP_DSFilter\rtspdsf\live\liveMedia\Debug\WAVAudioFileServerMediaSubsession.obj
C:\Data\MyProjects\DVS\TechCoastSecLab\RTSP_DSFilter\rtspdsf\live\liveMedia\Debug\WAVAudioFileSource.obj
C:\Data\MyProjects\DVS\TechCoastSecLab\RTSP_DSFilter\rtspdsf\live\liveMedia\Debug\cl.command.1.tlog
C:\Data\MyProjects\DVS\TechCoastSecLab\RTSP_DSFilter\rtspdsf\live\liveMedia\Debug\CL.read.1.tlog
C:\Data\MyProjects\DVS\TechCoastSecLab\RTSP_DSFilter\rtspdsf\live\liveMedia\Debug\CL.write.1.tlog
C:\Data\MyProjects\DVS\TechCoastSecLab\RTSP_DSFilter\rtspdsf\live\liveMedia\Debug\Lib-link.read.1.tlog
C:\Data\MyProjects\DVS\TechCoastSecLab\RTSP_DSFilter\rtspdsf\live\liveMedia\Debug\Lib-link.write.1.tlog
C:\Data\MyProjects\DVS\TechCoastSecLab\RTSP_DSFilter\rtspdsf\live\liveMedia\Debug\lib.command.1.tlog
C:\Data\MyProjects\DVS\TechCoastSecLab\RTSP_DSFilter\rtspdsf\live\liveMedia\Debug\vc110.idb
C:\Data\MyProjects\DVS\TechCoastSecLab\RTSP_DSFilter\rtspdsf\live\liveMedia\Debug\vc110.pdb
C:\Data\MyProjects\DVS\TechCoastSecLab\RTSP_DSFilter\rtspdsf\live\lib\liveMedia.lib
