Build started 1/5/2015 8:12:00 PM.
     1>Project "C:\Data\MyProjects\DVS\TechCoastSecLab\RTSP_DSFilter\rtspdsf\live\BasicUsageEnvironment\BasicUsageEnvironment.vcxproj" on node 2 (Build target(s)).
     1>C:\Program Files (x86)\MSBuild\Microsoft.Cpp\v4.0\V110\Microsoft.CppBuild.targets(346,5): warning MSB8004: Output Directory does not end with a trailing slash.  This build instance will add the slash as it is required to allow proper evaluation of the Output Directory.
     1>ClCompile:
         C:\Program Files (x86)\Microsoft Visual Studio 11.0\VC\bin\CL.exe /c /ZI /nologo /W3 /WX- /Od /Oy- /D NDEBUG /D _UNICODE /D UNICODE /D _ITERATOR_DEBUG_LEVEL=0 /D _MBCS /Gm /EHsc /RTC1 /MDd /GS /fp:precise /Zc:wchar_t /Zc:forScope /Fo"Debug\\" /Fd"Debug\vc110.pdb" /Gd /TP /analyze- /errorReport:prompt BasicHashTable.cpp BasicTaskScheduler.cpp BasicTaskScheduler0.cpp BasicUsageEnvironment.cpp BasicUsageEnvironment0.cpp DelayQueue.cpp
         DelayQueue.cpp
         BasicUsageEnvironment0.cpp
     1>c:\data\myprojects\dvs\techcoastseclab\rtsp_dsfilter\rtspdsf\live\basicusageenvironment\basicusageenvironment0.cpp(66): warning C4996: 'strerror': This function or variable may be unsafe. Consider using strerror_s instead. To disable deprecation, use _CRT_SECURE_NO_WARNINGS. See online help for details.
                 c:\program files (x86)\microsoft visual studio 11.0\vc\include\string.h(164) : see declaration of 'strerror'
         BasicUsageEnvironment.cpp
         BasicTaskScheduler0.cpp
         BasicTaskScheduler.cpp
         BasicHashTable.cpp
         Generating Code...
       Lib:
         C:\Program Files (x86)\Microsoft Visual Studio 11.0\VC\bin\Lib.exe /OUT:"C:\Data\MyProjects\DVS\TechCoastSecLab\RTSP_DSFilter\rtspdsf\live\lib\BasicUsageEnvironment.lib" /NOLOGO Debug\BasicHashTable.obj
         Debug\BasicTaskScheduler.obj
         Debug\BasicTaskScheduler0.obj
         Debug\BasicUsageEnvironment.obj
         Debug\BasicUsageEnvironment0.obj
         Debug\DelayQueue.obj
         BasicUsageEnvironment.vcxproj -> C:\Data\MyProjects\DVS\TechCoastSecLab\RTSP_DSFilter\rtspdsf\live\lib\BasicUsageEnvironment.lib
     1>Done Building Project "C:\Data\MyProjects\DVS\TechCoastSecLab\RTSP_DSFilter\rtspdsf\live\BasicUsageEnvironment\BasicUsageEnvironment.vcxproj" (Build target(s)).

Build succeeded.

Time Elapsed 00:00:04.15
