C:\DATA\MYPROJECTS\DVS\TECHCOASTSECLAB\RTSP_DSFILTER\RTSPDSF\LIVE\BASICUSAGEENVIRONMENT\DEBUG\BASICHASHTABLE.OBJ
C:\DATA\MYPROJECTS\DVS\TECHCOASTSECLAB\RTSP_DSFILTER\RTSPDSF\LIVE\BASICUSAGEENVIRONMENT\DEBUG\BASICTASKSCHEDULER.OBJ
C:\DATA\MYPROJECTS\DVS\TECHCOASTSECLAB\RTSP_DSFILTER\RTSPDSF\LIVE\BASICUSAGEENVIRONMENT\DEBUG\BASICTASKSCHEDULER0.OBJ
C:\DATA\MYPROJECTS\DVS\TECHCOASTSECLAB\RTSP_DSFILTER\RTSPDSF\LIVE\BASICUSAGEENVIRONMENT\DEBUG\BASICUSAGEENVIRONMENT.OBJ
C:\DATA\MYPROJECTS\DVS\TECHCOASTSECLAB\RTSP_DSFILTER\RTSPDSF\LIVE\BASICUSAGEENVIRONMENT\DEBUG\BASICUSAGEENVIRONMENT0.OBJ
C:\DATA\MYPROJECTS\DVS\TECHCOASTSECLAB\RTSP_DSFILTER\RTSPDSF\LIVE\BASICUSAGEENVIRONMENT\DEBUG\DELAYQUEUE.OBJ
C:\DATA\MYPROJECTS\DVS\TECHCOASTSECLAB\RTSP_DSFILTER\RTSPDSF\LIVE\BASICUSAGEENVIRONMENT\DEBUG\VC110.PDB
C:\DATA\MYPROJECTS\DVS\TECHCOASTSECLAB\RTSP_DSFILTER\RTSPDSF\LIVE\LIB\BASICUSAGEENVIRONMENT.LIB
C:\Data\MyProjects\DVS\TechCoastSecLab\RTSP_DSFilter\rtspdsf\live\BasicUsageEnvironment\Debug\BasicHashTable.obj
C:\Data\MyProjects\DVS\TechCoastSecLab\RTSP_DSFilter\rtspdsf\live\BasicUsageEnvironment\Debug\BasicTaskScheduler.obj
C:\Data\MyProjects\DVS\TechCoastSecLab\RTSP_DSFilter\rtspdsf\live\BasicUsageEnvironment\Debug\BasicTaskScheduler0.obj
C:\Data\MyProjects\DVS\TechCoastSecLab\RTSP_DSFilter\rtspdsf\live\BasicUsageEnvironment\Debug\BasicUsageEnvironment.obj
C:\Data\MyProjects\DVS\TechCoastSecLab\RTSP_DSFilter\rtspdsf\live\BasicUsageEnvironment\Debug\BasicUsageEnvironment0.obj
C:\Data\MyProjects\DVS\TechCoastSecLab\RTSP_DSFilter\rtspdsf\live\BasicUsageEnvironment\Debug\DelayQueue.obj
C:\Data\MyProjects\DVS\TechCoastSecLab\RTSP_DSFilter\rtspdsf\live\BasicUsageEnvironment\Debug\cl.command.1.tlog
C:\Data\MyProjects\DVS\TechCoastSecLab\RTSP_DSFilter\rtspdsf\live\BasicUsageEnvironment\Debug\CL.read.1.tlog
C:\Data\MyProjects\DVS\TechCoastSecLab\RTSP_DSFilter\rtspdsf\live\BasicUsageEnvironment\Debug\CL.write.1.tlog
C:\Data\MyProjects\DVS\TechCoastSecLab\RTSP_DSFilter\rtspdsf\live\BasicUsageEnvironment\Debug\Lib-link.read.1.tlog
C:\Data\MyProjects\DVS\TechCoastSecLab\RTSP_DSFilter\rtspdsf\live\BasicUsageEnvironment\Debug\Lib-link.write.1.tlog
C:\Data\MyProjects\DVS\TechCoastSecLab\RTSP_DSFilter\rtspdsf\live\BasicUsageEnvironment\Debug\lib.command.1.tlog
C:\Data\MyProjects\DVS\TechCoastSecLab\RTSP_DSFilter\rtspdsf\live\BasicUsageEnvironment\Debug\vc110.idb
C:\Data\MyProjects\DVS\TechCoastSecLab\RTSP_DSFilter\rtspdsf\live\BasicUsageEnvironment\Debug\vc110.pdb
C:\Data\MyProjects\DVS\TechCoastSecLab\RTSP_DSFilter\rtspdsf\live\lib\BasicUsageEnvironment.lib
