C:\DATA\MYPROJECTS\DVS\PARTNERS\CISCO\VSM7INTEGRATION\CODE_N_DOC\CISCOVSM7_DSF_FILTER\DSFILTER\LIVE\LIVEMEDIA\RELEASE\VC100.PDB
C:\DATA\MYPROJECTS\DVS\PARTNERS\CISCO\VSM7INTEGRATION\CODE_N_DOC\CISCOVSM7_DSF_FILTER\DSFILTER\LIVE\LIVEMEDIA\RELEASE\BASICUDPSOURCE.OBJ
C:\DATA\MYPROJECTS\DVS\PARTNERS\CISCO\VSM7INTEGRATION\CODE_N_DOC\CISCOVSM7_DSF_FILTER\DSFILTER\LIVE\LIVEMEDIA\RELEASE\BASICUDPSINK.OBJ
C:\DATA\MYPROJECTS\DVS\PARTNERS\CISCO\VSM7INTEGRATION\CODE_N_DOC\CISCOVSM7_DSF_FILTER\DSFILTER\LIVE\LIVEMEDIA\RELEASE\BASE64.OBJ
C:\DATA\MYPROJECTS\DVS\PARTNERS\CISCO\VSM7INTEGRATION\CODE_N_DOC\CISCOVSM7_DSF_FILTER\DSFILTER\LIVE\LIVEMEDIA\RELEASE\AVIFILESINK.OBJ
C:\DATA\MYPROJECTS\DVS\PARTNERS\CISCO\VSM7INTEGRATION\CODE_N_DOC\CISCOVSM7_DSF_FILTER\DSFILTER\LIVE\LIVEMEDIA\RELEASE\AUDIORTPSINK.OBJ
C:\DATA\MYPROJECTS\DVS\PARTNERS\CISCO\VSM7INTEGRATION\CODE_N_DOC\CISCOVSM7_DSF_FILTER\DSFILTER\LIVE\LIVEMEDIA\RELEASE\AUDIOINPUTDEVICE.OBJ
C:\DATA\MYPROJECTS\DVS\PARTNERS\CISCO\VSM7INTEGRATION\CODE_N_DOC\CISCOVSM7_DSF_FILTER\DSFILTER\LIVE\LIVEMEDIA\RELEASE\AMRAUDIOSOURCE.OBJ
C:\DATA\MYPROJECTS\DVS\PARTNERS\CISCO\VSM7INTEGRATION\CODE_N_DOC\CISCOVSM7_DSF_FILTER\DSFILTER\LIVE\LIVEMEDIA\RELEASE\AMRAUDIORTPSOURCE.OBJ
C:\DATA\MYPROJECTS\DVS\PARTNERS\CISCO\VSM7INTEGRATION\CODE_N_DOC\CISCOVSM7_DSF_FILTER\DSFILTER\LIVE\LIVEMEDIA\RELEASE\AMRAUDIORTPSINK.OBJ
C:\DATA\MYPROJECTS\DVS\PARTNERS\CISCO\VSM7INTEGRATION\CODE_N_DOC\CISCOVSM7_DSF_FILTER\DSFILTER\LIVE\LIVEMEDIA\RELEASE\AMRAUDIOFILESOURCE.OBJ
C:\DATA\MYPROJECTS\DVS\PARTNERS\CISCO\VSM7INTEGRATION\CODE_N_DOC\CISCOVSM7_DSF_FILTER\DSFILTER\LIVE\LIVEMEDIA\RELEASE\AMRAUDIOFILESINK.OBJ
C:\DATA\MYPROJECTS\DVS\PARTNERS\CISCO\VSM7INTEGRATION\CODE_N_DOC\CISCOVSM7_DSF_FILTER\DSFILTER\LIVE\LIVEMEDIA\RELEASE\AMRAUDIOFILESERVERMEDIASUBSESSION.OBJ
C:\DATA\MYPROJECTS\DVS\PARTNERS\CISCO\VSM7INTEGRATION\CODE_N_DOC\CISCOVSM7_DSF_FILTER\DSFILTER\LIVE\LIVEMEDIA\RELEASE\ADTSAUDIOFILESOURCE.OBJ
C:\DATA\MYPROJECTS\DVS\PARTNERS\CISCO\VSM7INTEGRATION\CODE_N_DOC\CISCOVSM7_DSF_FILTER\DSFILTER\LIVE\LIVEMEDIA\RELEASE\ADTSAUDIOFILESERVERMEDIASUBSESSION.OBJ
C:\DATA\MYPROJECTS\DVS\PARTNERS\CISCO\VSM7INTEGRATION\CODE_N_DOC\CISCOVSM7_DSF_FILTER\DSFILTER\LIVE\LIVEMEDIA\RELEASE\AC3AUDIOSTREAMFRAMER.OBJ
C:\DATA\MYPROJECTS\DVS\PARTNERS\CISCO\VSM7INTEGRATION\CODE_N_DOC\CISCOVSM7_DSF_FILTER\DSFILTER\LIVE\LIVEMEDIA\RELEASE\AC3AUDIORTPSOURCE.OBJ
C:\DATA\MYPROJECTS\DVS\PARTNERS\CISCO\VSM7INTEGRATION\CODE_N_DOC\CISCOVSM7_DSF_FILTER\DSFILTER\LIVE\LIVEMEDIA\RELEASE\AC3AUDIORTPSINK.OBJ
C:\DATA\MYPROJECTS\DVS\PARTNERS\CISCO\VSM7INTEGRATION\CODE_N_DOC\CISCOVSM7_DSF_FILTER\DSFILTER\LIVE\LIVEMEDIA\RELEASE\AC3AUDIOMATROSKAFILESERVERMEDIASUBSESSION.OBJ
C:\DATA\MYPROJECTS\DVS\PARTNERS\CISCO\VSM7INTEGRATION\CODE_N_DOC\CISCOVSM7_DSF_FILTER\DSFILTER\LIVE\LIVEMEDIA\RELEASE\AC3AUDIOFILESERVERMEDIASUBSESSION.OBJ
C:\DATA\MYPROJECTS\DVS\PARTNERS\CISCO\VSM7INTEGRATION\CODE_N_DOC\CISCOVSM7_DSF_FILTER\DSFILTER\LIVE\LIVEMEDIA\RELEASE\AACAUDIOMATROSKAFILESERVERMEDIASUBSESSION.OBJ
C:\DATA\MYPROJECTS\DVS\PARTNERS\CISCO\VSM7INTEGRATION\CODE_N_DOC\CISCOVSM7_DSF_FILTER\DSFILTER\LIVE\LIVEMEDIA\RELEASE\H263PLUSVIDEOFILESERVERMEDIASUBSESSION.OBJ
C:\DATA\MYPROJECTS\DVS\PARTNERS\CISCO\VSM7INTEGRATION\CODE_N_DOC\CISCOVSM7_DSF_FILTER\DSFILTER\LIVE\LIVEMEDIA\RELEASE\H261VIDEORTPSOURCE.OBJ
C:\DATA\MYPROJECTS\DVS\PARTNERS\CISCO\VSM7INTEGRATION\CODE_N_DOC\CISCOVSM7_DSF_FILTER\DSFILTER\LIVE\LIVEMEDIA\RELEASE\GSMAUDIORTPSINK.OBJ
C:\DATA\MYPROJECTS\DVS\PARTNERS\CISCO\VSM7INTEGRATION\CODE_N_DOC\CISCOVSM7_DSF_FILTER\DSFILTER\LIVE\LIVEMEDIA\RELEASE\FRAMEDSOURCE.OBJ
C:\DATA\MYPROJECTS\DVS\PARTNERS\CISCO\VSM7INTEGRATION\CODE_N_DOC\CISCOVSM7_DSF_FILTER\DSFILTER\LIVE\LIVEMEDIA\RELEASE\FRAMEDFILTER.OBJ
C:\DATA\MYPROJECTS\DVS\PARTNERS\CISCO\VSM7INTEGRATION\CODE_N_DOC\CISCOVSM7_DSF_FILTER\DSFILTER\LIVE\LIVEMEDIA\RELEASE\FRAMEDFILESOURCE.OBJ
C:\DATA\MYPROJECTS\DVS\PARTNERS\CISCO\VSM7INTEGRATION\CODE_N_DOC\CISCOVSM7_DSF_FILTER\DSFILTER\LIVE\LIVEMEDIA\RELEASE\FILESINK.OBJ
C:\DATA\MYPROJECTS\DVS\PARTNERS\CISCO\VSM7INTEGRATION\CODE_N_DOC\CISCOVSM7_DSF_FILTER\DSFILTER\LIVE\LIVEMEDIA\RELEASE\FILESERVERMEDIASUBSESSION.OBJ
C:\DATA\MYPROJECTS\DVS\PARTNERS\CISCO\VSM7INTEGRATION\CODE_N_DOC\CISCOVSM7_DSF_FILTER\DSFILTER\LIVE\LIVEMEDIA\RELEASE\EBMLNUMBER.OBJ
C:\DATA\MYPROJECTS\DVS\PARTNERS\CISCO\VSM7INTEGRATION\CODE_N_DOC\CISCOVSM7_DSF_FILTER\DSFILTER\LIVE\LIVEMEDIA\RELEASE\DVVIDEOSTREAMFRAMER.OBJ
C:\DATA\MYPROJECTS\DVS\PARTNERS\CISCO\VSM7INTEGRATION\CODE_N_DOC\CISCOVSM7_DSF_FILTER\DSFILTER\LIVE\LIVEMEDIA\RELEASE\DVVIDEORTPSOURCE.OBJ
C:\DATA\MYPROJECTS\DVS\PARTNERS\CISCO\VSM7INTEGRATION\CODE_N_DOC\CISCOVSM7_DSF_FILTER\DSFILTER\LIVE\LIVEMEDIA\RELEASE\DVVIDEORTPSINK.OBJ
C:\DATA\MYPROJECTS\DVS\PARTNERS\CISCO\VSM7INTEGRATION\CODE_N_DOC\CISCOVSM7_DSF_FILTER\DSFILTER\LIVE\LIVEMEDIA\RELEASE\DVVIDEOFILESERVERMEDIASUBSESSION.OBJ
C:\DATA\MYPROJECTS\DVS\PARTNERS\CISCO\VSM7INTEGRATION\CODE_N_DOC\CISCOVSM7_DSF_FILTER\DSFILTER\LIVE\LIVEMEDIA\RELEASE\DIGESTAUTHENTICATION.OBJ
C:\DATA\MYPROJECTS\DVS\PARTNERS\CISCO\VSM7INTEGRATION\CODE_N_DOC\CISCOVSM7_DSF_FILTER\DSFILTER\LIVE\LIVEMEDIA\RELEASE\DEVICESOURCE.OBJ
C:\DATA\MYPROJECTS\DVS\PARTNERS\CISCO\VSM7INTEGRATION\CODE_N_DOC\CISCOVSM7_DSF_FILTER\DSFILTER\LIVE\LIVEMEDIA\RELEASE\DARWININJECTOR.OBJ
C:\DATA\MYPROJECTS\DVS\PARTNERS\CISCO\VSM7INTEGRATION\CODE_N_DOC\CISCOVSM7_DSF_FILTER\DSFILTER\LIVE\LIVEMEDIA\RELEASE\BYTESTREAMMULTIFILESOURCE.OBJ
C:\DATA\MYPROJECTS\DVS\PARTNERS\CISCO\VSM7INTEGRATION\CODE_N_DOC\CISCOVSM7_DSF_FILTER\DSFILTER\LIVE\LIVEMEDIA\RELEASE\BYTESTREAMMEMORYBUFFERSOURCE.OBJ
C:\DATA\MYPROJECTS\DVS\PARTNERS\CISCO\VSM7INTEGRATION\CODE_N_DOC\CISCOVSM7_DSF_FILTER\DSFILTER\LIVE\LIVEMEDIA\RELEASE\BYTESTREAMFILESOURCE.OBJ
C:\DATA\MYPROJECTS\DVS\PARTNERS\CISCO\VSM7INTEGRATION\CODE_N_DOC\CISCOVSM7_DSF_FILTER\DSFILTER\LIVE\LIVEMEDIA\RELEASE\BITVECTOR.OBJ
C:\DATA\MYPROJECTS\DVS\PARTNERS\CISCO\VSM7INTEGRATION\CODE_N_DOC\CISCOVSM7_DSF_FILTER\DSFILTER\LIVE\LIVEMEDIA\RELEASE\MATROSKAFILESERVERDEMUX.OBJ
C:\DATA\MYPROJECTS\DVS\PARTNERS\CISCO\VSM7INTEGRATION\CODE_N_DOC\CISCOVSM7_DSF_FILTER\DSFILTER\LIVE\LIVEMEDIA\RELEASE\MATROSKAFILEPARSER.OBJ
C:\DATA\MYPROJECTS\DVS\PARTNERS\CISCO\VSM7INTEGRATION\CODE_N_DOC\CISCOVSM7_DSF_FILTER\DSFILTER\LIVE\LIVEMEDIA\RELEASE\MATROSKAFILE.OBJ
C:\DATA\MYPROJECTS\DVS\PARTNERS\CISCO\VSM7INTEGRATION\CODE_N_DOC\CISCOVSM7_DSF_FILTER\DSFILTER\LIVE\LIVEMEDIA\RELEASE\MATROSKADEMUXEDTRACK.OBJ
C:\DATA\MYPROJECTS\DVS\PARTNERS\CISCO\VSM7INTEGRATION\CODE_N_DOC\CISCOVSM7_DSF_FILTER\DSFILTER\LIVE\LIVEMEDIA\RELEASE\LOCALE.OBJ
C:\DATA\MYPROJECTS\DVS\PARTNERS\CISCO\VSM7INTEGRATION\CODE_N_DOC\CISCOVSM7_DSF_FILTER\DSFILTER\LIVE\LIVEMEDIA\RELEASE\JPEGVIDEOSOURCE.OBJ
C:\DATA\MYPROJECTS\DVS\PARTNERS\CISCO\VSM7INTEGRATION\CODE_N_DOC\CISCOVSM7_DSF_FILTER\DSFILTER\LIVE\LIVEMEDIA\RELEASE\JPEGVIDEORTPSOURCE.OBJ
C:\DATA\MYPROJECTS\DVS\PARTNERS\CISCO\VSM7INTEGRATION\CODE_N_DOC\CISCOVSM7_DSF_FILTER\DSFILTER\LIVE\LIVEMEDIA\RELEASE\JPEGVIDEORTPSINK.OBJ
C:\DATA\MYPROJECTS\DVS\PARTNERS\CISCO\VSM7INTEGRATION\CODE_N_DOC\CISCOVSM7_DSF_FILTER\DSFILTER\LIVE\LIVEMEDIA\RELEASE\INPUTFILE.OBJ
C:\DATA\MYPROJECTS\DVS\PARTNERS\CISCO\VSM7INTEGRATION\CODE_N_DOC\CISCOVSM7_DSF_FILTER\DSFILTER\LIVE\LIVEMEDIA\RELEASE\H264VIDEOSTREAMFRAMER.OBJ
C:\DATA\MYPROJECTS\DVS\PARTNERS\CISCO\VSM7INTEGRATION\CODE_N_DOC\CISCOVSM7_DSF_FILTER\DSFILTER\LIVE\LIVEMEDIA\RELEASE\H264VIDEOSTREAMDISCRETEFRAMER.OBJ
C:\DATA\MYPROJECTS\DVS\PARTNERS\CISCO\VSM7INTEGRATION\CODE_N_DOC\CISCOVSM7_DSF_FILTER\DSFILTER\LIVE\LIVEMEDIA\RELEASE\H264VIDEORTPSOURCE.OBJ
C:\DATA\MYPROJECTS\DVS\PARTNERS\CISCO\VSM7INTEGRATION\CODE_N_DOC\CISCOVSM7_DSF_FILTER\DSFILTER\LIVE\LIVEMEDIA\RELEASE\H264VIDEORTPSINK.OBJ
C:\DATA\MYPROJECTS\DVS\PARTNERS\CISCO\VSM7INTEGRATION\CODE_N_DOC\CISCOVSM7_DSF_FILTER\DSFILTER\LIVE\LIVEMEDIA\RELEASE\H264VIDEOMATROSKAFILESERVERMEDIASUBSESSION.OBJ
C:\DATA\MYPROJECTS\DVS\PARTNERS\CISCO\VSM7INTEGRATION\CODE_N_DOC\CISCOVSM7_DSF_FILTER\DSFILTER\LIVE\LIVEMEDIA\RELEASE\H264VIDEOFILESINK.OBJ
C:\DATA\MYPROJECTS\DVS\PARTNERS\CISCO\VSM7INTEGRATION\CODE_N_DOC\CISCOVSM7_DSF_FILTER\DSFILTER\LIVE\LIVEMEDIA\RELEASE\H264VIDEOFILESERVERMEDIASUBSESSION.OBJ
C:\DATA\MYPROJECTS\DVS\PARTNERS\CISCO\VSM7INTEGRATION\CODE_N_DOC\CISCOVSM7_DSF_FILTER\DSFILTER\LIVE\LIVEMEDIA\RELEASE\H263PLUSVIDEOSTREAMPARSER.OBJ
C:\DATA\MYPROJECTS\DVS\PARTNERS\CISCO\VSM7INTEGRATION\CODE_N_DOC\CISCOVSM7_DSF_FILTER\DSFILTER\LIVE\LIVEMEDIA\RELEASE\H263PLUSVIDEOSTREAMFRAMER.OBJ
C:\DATA\MYPROJECTS\DVS\PARTNERS\CISCO\VSM7INTEGRATION\CODE_N_DOC\CISCOVSM7_DSF_FILTER\DSFILTER\LIVE\LIVEMEDIA\RELEASE\H263PLUSVIDEORTPSOURCE.OBJ
C:\DATA\MYPROJECTS\DVS\PARTNERS\CISCO\VSM7INTEGRATION\CODE_N_DOC\CISCOVSM7_DSF_FILTER\DSFILTER\LIVE\LIVEMEDIA\RELEASE\H263PLUSVIDEORTPSINK.OBJ
C:\DATA\MYPROJECTS\DVS\PARTNERS\CISCO\VSM7INTEGRATION\CODE_N_DOC\CISCOVSM7_DSF_FILTER\DSFILTER\LIVE\LIVEMEDIA\RELEASE\MPEG1OR2AUDIORTPSINK.OBJ
C:\DATA\MYPROJECTS\DVS\PARTNERS\CISCO\VSM7INTEGRATION\CODE_N_DOC\CISCOVSM7_DSF_FILTER\DSFILTER\LIVE\LIVEMEDIA\RELEASE\MP3TRANSCODER.OBJ
C:\DATA\MYPROJECTS\DVS\PARTNERS\CISCO\VSM7INTEGRATION\CODE_N_DOC\CISCOVSM7_DSF_FILTER\DSFILTER\LIVE\LIVEMEDIA\RELEASE\MP3STREAMSTATE.OBJ
C:\DATA\MYPROJECTS\DVS\PARTNERS\CISCO\VSM7INTEGRATION\CODE_N_DOC\CISCOVSM7_DSF_FILTER\DSFILTER\LIVE\LIVEMEDIA\RELEASE\MP3INTERNALSHUFFMANTABLE.OBJ
C:\DATA\MYPROJECTS\DVS\PARTNERS\CISCO\VSM7INTEGRATION\CODE_N_DOC\CISCOVSM7_DSF_FILTER\DSFILTER\LIVE\LIVEMEDIA\RELEASE\MP3INTERNALSHUFFMAN.OBJ
C:\DATA\MYPROJECTS\DVS\PARTNERS\CISCO\VSM7INTEGRATION\CODE_N_DOC\CISCOVSM7_DSF_FILTER\DSFILTER\LIVE\LIVEMEDIA\RELEASE\MP3INTERNALS.OBJ
C:\DATA\MYPROJECTS\DVS\PARTNERS\CISCO\VSM7INTEGRATION\CODE_N_DOC\CISCOVSM7_DSF_FILTER\DSFILTER\LIVE\LIVEMEDIA\RELEASE\MP3HTTPSOURCE.OBJ
C:\DATA\MYPROJECTS\DVS\PARTNERS\CISCO\VSM7INTEGRATION\CODE_N_DOC\CISCOVSM7_DSF_FILTER\DSFILTER\LIVE\LIVEMEDIA\RELEASE\MP3FILESOURCE.OBJ
C:\DATA\MYPROJECTS\DVS\PARTNERS\CISCO\VSM7INTEGRATION\CODE_N_DOC\CISCOVSM7_DSF_FILTER\DSFILTER\LIVE\LIVEMEDIA\RELEASE\MP3AUDIOMATROSKAFILESERVERMEDIASUBSESSION.OBJ
C:\DATA\MYPROJECTS\DVS\PARTNERS\CISCO\VSM7INTEGRATION\CODE_N_DOC\CISCOVSM7_DSF_FILTER\DSFILTER\LIVE\LIVEMEDIA\RELEASE\MP3AUDIOFILESERVERMEDIASUBSESSION.OBJ
C:\DATA\MYPROJECTS\DVS\PARTNERS\CISCO\VSM7INTEGRATION\CODE_N_DOC\CISCOVSM7_DSF_FILTER\DSFILTER\LIVE\LIVEMEDIA\RELEASE\MP3ADUTRANSCODER.OBJ
C:\DATA\MYPROJECTS\DVS\PARTNERS\CISCO\VSM7INTEGRATION\CODE_N_DOC\CISCOVSM7_DSF_FILTER\DSFILTER\LIVE\LIVEMEDIA\RELEASE\MP3ADURTPSOURCE.OBJ
C:\DATA\MYPROJECTS\DVS\PARTNERS\CISCO\VSM7INTEGRATION\CODE_N_DOC\CISCOVSM7_DSF_FILTER\DSFILTER\LIVE\LIVEMEDIA\RELEASE\MP3ADURTPSINK.OBJ
C:\DATA\MYPROJECTS\DVS\PARTNERS\CISCO\VSM7INTEGRATION\CODE_N_DOC\CISCOVSM7_DSF_FILTER\DSFILTER\LIVE\LIVEMEDIA\RELEASE\MP3ADUINTERLEAVING.OBJ
C:\DATA\MYPROJECTS\DVS\PARTNERS\CISCO\VSM7INTEGRATION\CODE_N_DOC\CISCOVSM7_DSF_FILTER\DSFILTER\LIVE\LIVEMEDIA\RELEASE\MP3ADUDESCRIPTOR.OBJ
C:\DATA\MYPROJECTS\DVS\PARTNERS\CISCO\VSM7INTEGRATION\CODE_N_DOC\CISCOVSM7_DSF_FILTER\DSFILTER\LIVE\LIVEMEDIA\RELEASE\MP3ADU.OBJ
C:\DATA\MYPROJECTS\DVS\PARTNERS\CISCO\VSM7INTEGRATION\CODE_N_DOC\CISCOVSM7_DSF_FILTER\DSFILTER\LIVE\LIVEMEDIA\RELEASE\MEDIASOURCE.OBJ
C:\DATA\MYPROJECTS\DVS\PARTNERS\CISCO\VSM7INTEGRATION\CODE_N_DOC\CISCOVSM7_DSF_FILTER\DSFILTER\LIVE\LIVEMEDIA\RELEASE\MEDIASINK.OBJ
C:\DATA\MYPROJECTS\DVS\PARTNERS\CISCO\VSM7INTEGRATION\CODE_N_DOC\CISCOVSM7_DSF_FILTER\DSFILTER\LIVE\LIVEMEDIA\RELEASE\MEDIASESSION.OBJ
C:\DATA\MYPROJECTS\DVS\PARTNERS\CISCO\VSM7INTEGRATION\CODE_N_DOC\CISCOVSM7_DSF_FILTER\DSFILTER\LIVE\LIVEMEDIA\RELEASE\MEDIA.OBJ
C:\DATA\MYPROJECTS\DVS\PARTNERS\CISCO\VSM7INTEGRATION\CODE_N_DOC\CISCOVSM7_DSF_FILTER\DSFILTER\LIVE\LIVEMEDIA\RELEASE\MPEG4ESVIDEORTPSINK.OBJ
C:\DATA\MYPROJECTS\DVS\PARTNERS\CISCO\VSM7INTEGRATION\CODE_N_DOC\CISCOVSM7_DSF_FILTER\DSFILTER\LIVE\LIVEMEDIA\RELEASE\MPEG2TRANSPORTSTREAMTRICKMODEFILTER.OBJ
C:\DATA\MYPROJECTS\DVS\PARTNERS\CISCO\VSM7INTEGRATION\CODE_N_DOC\CISCOVSM7_DSF_FILTER\DSFILTER\LIVE\LIVEMEDIA\RELEASE\MPEG2TRANSPORTSTREAMMULTIPLEXOR.OBJ
C:\DATA\MYPROJECTS\DVS\PARTNERS\CISCO\VSM7INTEGRATION\CODE_N_DOC\CISCOVSM7_DSF_FILTER\DSFILTER\LIVE\LIVEMEDIA\RELEASE\MPEG2TRANSPORTSTREAMINDEXFILE.OBJ
C:\DATA\MYPROJECTS\DVS\PARTNERS\CISCO\VSM7INTEGRATION\CODE_N_DOC\CISCOVSM7_DSF_FILTER\DSFILTER\LIVE\LIVEMEDIA\RELEASE\MPEG2TRANSPORTSTREAMFROMPESSOURCE.OBJ
C:\DATA\MYPROJECTS\DVS\PARTNERS\CISCO\VSM7INTEGRATION\CODE_N_DOC\CISCOVSM7_DSF_FILTER\DSFILTER\LIVE\LIVEMEDIA\RELEASE\MPEG2TRANSPORTSTREAMFROMESSOURCE.OBJ
C:\DATA\MYPROJECTS\DVS\PARTNERS\CISCO\VSM7INTEGRATION\CODE_N_DOC\CISCOVSM7_DSF_FILTER\DSFILTER\LIVE\LIVEMEDIA\RELEASE\MPEG2TRANSPORTSTREAMFRAMER.OBJ
C:\DATA\MYPROJECTS\DVS\PARTNERS\CISCO\VSM7INTEGRATION\CODE_N_DOC\CISCOVSM7_DSF_FILTER\DSFILTER\LIVE\LIVEMEDIA\RELEASE\MPEG2TRANSPORTFILESERVERMEDIASUBSESSION.OBJ
C:\DATA\MYPROJECTS\DVS\PARTNERS\CISCO\VSM7INTEGRATION\CODE_N_DOC\CISCOVSM7_DSF_FILTER\DSFILTER\LIVE\LIVEMEDIA\RELEASE\MPEG2INDEXFROMTRANSPORTSTREAM.OBJ
C:\DATA\MYPROJECTS\DVS\PARTNERS\CISCO\VSM7INTEGRATION\CODE_N_DOC\CISCOVSM7_DSF_FILTER\DSFILTER\LIVE\LIVEMEDIA\RELEASE\MPEG1OR2VIDEOSTREAMFRAMER.OBJ
C:\DATA\MYPROJECTS\DVS\PARTNERS\CISCO\VSM7INTEGRATION\CODE_N_DOC\CISCOVSM7_DSF_FILTER\DSFILTER\LIVE\LIVEMEDIA\RELEASE\MPEG1OR2VIDEOSTREAMDISCRETEFRAMER.OBJ
C:\DATA\MYPROJECTS\DVS\PARTNERS\CISCO\VSM7INTEGRATION\CODE_N_DOC\CISCOVSM7_DSF_FILTER\DSFILTER\LIVE\LIVEMEDIA\RELEASE\MPEG1OR2VIDEORTPSOURCE.OBJ
C:\DATA\MYPROJECTS\DVS\PARTNERS\CISCO\VSM7INTEGRATION\CODE_N_DOC\CISCOVSM7_DSF_FILTER\DSFILTER\LIVE\LIVEMEDIA\RELEASE\MPEG1OR2VIDEORTPSINK.OBJ
C:\DATA\MYPROJECTS\DVS\PARTNERS\CISCO\VSM7INTEGRATION\CODE_N_DOC\CISCOVSM7_DSF_FILTER\DSFILTER\LIVE\LIVEMEDIA\RELEASE\MPEG1OR2VIDEOFILESERVERMEDIASUBSESSION.OBJ
C:\DATA\MYPROJECTS\DVS\PARTNERS\CISCO\VSM7INTEGRATION\CODE_N_DOC\CISCOVSM7_DSF_FILTER\DSFILTER\LIVE\LIVEMEDIA\RELEASE\MPEG1OR2FILESERVERDEMUX.OBJ
C:\DATA\MYPROJECTS\DVS\PARTNERS\CISCO\VSM7INTEGRATION\CODE_N_DOC\CISCOVSM7_DSF_FILTER\DSFILTER\LIVE\LIVEMEDIA\RELEASE\MPEG1OR2DEMUXEDSERVERMEDIASUBSESSION.OBJ
C:\DATA\MYPROJECTS\DVS\PARTNERS\CISCO\VSM7INTEGRATION\CODE_N_DOC\CISCOVSM7_DSF_FILTER\DSFILTER\LIVE\LIVEMEDIA\RELEASE\MPEG1OR2DEMUXEDELEMENTARYSTREAM.OBJ
C:\DATA\MYPROJECTS\DVS\PARTNERS\CISCO\VSM7INTEGRATION\CODE_N_DOC\CISCOVSM7_DSF_FILTER\DSFILTER\LIVE\LIVEMEDIA\RELEASE\MPEG1OR2DEMUX.OBJ
C:\DATA\MYPROJECTS\DVS\PARTNERS\CISCO\VSM7INTEGRATION\CODE_N_DOC\CISCOVSM7_DSF_FILTER\DSFILTER\LIVE\LIVEMEDIA\RELEASE\MPEG1OR2AUDIOSTREAMFRAMER.OBJ
C:\DATA\MYPROJECTS\DVS\PARTNERS\CISCO\VSM7INTEGRATION\CODE_N_DOC\CISCOVSM7_DSF_FILTER\DSFILTER\LIVE\LIVEMEDIA\RELEASE\MPEG1OR2AUDIORTPSOURCE.OBJ
C:\DATA\MYPROJECTS\DVS\PARTNERS\CISCO\VSM7INTEGRATION\CODE_N_DOC\CISCOVSM7_DSF_FILTER\DSFILTER\LIVE\LIVEMEDIA\RELEASE\RTPINTERFACE.OBJ
C:\DATA\MYPROJECTS\DVS\PARTNERS\CISCO\VSM7INTEGRATION\CODE_N_DOC\CISCOVSM7_DSF_FILTER\DSFILTER\LIVE\LIVEMEDIA\RELEASE\RTCP.OBJ
C:\DATA\MYPROJECTS\DVS\PARTNERS\CISCO\VSM7INTEGRATION\CODE_N_DOC\CISCOVSM7_DSF_FILTER\DSFILTER\LIVE\LIVEMEDIA\RELEASE\QUICKTIMEGENERICRTPSOURCE.OBJ
C:\DATA\MYPROJECTS\DVS\PARTNERS\CISCO\VSM7INTEGRATION\CODE_N_DOC\CISCOVSM7_DSF_FILTER\DSFILTER\LIVE\LIVEMEDIA\RELEASE\QUICKTIMEFILESINK.OBJ
C:\DATA\MYPROJECTS\DVS\PARTNERS\CISCO\VSM7INTEGRATION\CODE_N_DOC\CISCOVSM7_DSF_FILTER\DSFILTER\LIVE\LIVEMEDIA\RELEASE\QCELPAUDIORTPSOURCE.OBJ
C:\DATA\MYPROJECTS\DVS\PARTNERS\CISCO\VSM7INTEGRATION\CODE_N_DOC\CISCOVSM7_DSF_FILTER\DSFILTER\LIVE\LIVEMEDIA\RELEASE\PASSIVESERVERMEDIASUBSESSION.OBJ
C:\DATA\MYPROJECTS\DVS\PARTNERS\CISCO\VSM7INTEGRATION\CODE_N_DOC\CISCOVSM7_DSF_FILTER\DSFILTER\LIVE\LIVEMEDIA\RELEASE\OUTPUTFILE.OBJ
C:\DATA\MYPROJECTS\DVS\PARTNERS\CISCO\VSM7INTEGRATION\CODE_N_DOC\CISCOVSM7_DSF_FILTER\DSFILTER\LIVE\LIVEMEDIA\RELEASE\ONDEMANDSERVERMEDIASUBSESSION.OBJ
C:\DATA\MYPROJECTS\DVS\PARTNERS\CISCO\VSM7INTEGRATION\CODE_N_DOC\CISCOVSM7_DSF_FILTER\DSFILTER\LIVE\LIVEMEDIA\RELEASE\MULTIFRAMEDRTPSOURCE.OBJ
C:\DATA\MYPROJECTS\DVS\PARTNERS\CISCO\VSM7INTEGRATION\CODE_N_DOC\CISCOVSM7_DSF_FILTER\DSFILTER\LIVE\LIVEMEDIA\RELEASE\MULTIFRAMEDRTPSINK.OBJ
C:\DATA\MYPROJECTS\DVS\PARTNERS\CISCO\VSM7INTEGRATION\CODE_N_DOC\CISCOVSM7_DSF_FILTER\DSFILTER\LIVE\LIVEMEDIA\RELEASE\MPEGVIDEOSTREAMPARSER.OBJ
C:\DATA\MYPROJECTS\DVS\PARTNERS\CISCO\VSM7INTEGRATION\CODE_N_DOC\CISCOVSM7_DSF_FILTER\DSFILTER\LIVE\LIVEMEDIA\RELEASE\MPEGVIDEOSTREAMFRAMER.OBJ
C:\DATA\MYPROJECTS\DVS\PARTNERS\CISCO\VSM7INTEGRATION\CODE_N_DOC\CISCOVSM7_DSF_FILTER\DSFILTER\LIVE\LIVEMEDIA\RELEASE\MPEG4VIDEOSTREAMFRAMER.OBJ
C:\DATA\MYPROJECTS\DVS\PARTNERS\CISCO\VSM7INTEGRATION\CODE_N_DOC\CISCOVSM7_DSF_FILTER\DSFILTER\LIVE\LIVEMEDIA\RELEASE\MPEG4VIDEOSTREAMDISCRETEFRAMER.OBJ
C:\DATA\MYPROJECTS\DVS\PARTNERS\CISCO\VSM7INTEGRATION\CODE_N_DOC\CISCOVSM7_DSF_FILTER\DSFILTER\LIVE\LIVEMEDIA\RELEASE\MPEG4VIDEOFILESERVERMEDIASUBSESSION.OBJ
C:\DATA\MYPROJECTS\DVS\PARTNERS\CISCO\VSM7INTEGRATION\CODE_N_DOC\CISCOVSM7_DSF_FILTER\DSFILTER\LIVE\LIVEMEDIA\RELEASE\MPEG4LATMAUDIORTPSOURCE.OBJ
C:\DATA\MYPROJECTS\DVS\PARTNERS\CISCO\VSM7INTEGRATION\CODE_N_DOC\CISCOVSM7_DSF_FILTER\DSFILTER\LIVE\LIVEMEDIA\RELEASE\MPEG4LATMAUDIORTPSINK.OBJ
C:\DATA\MYPROJECTS\DVS\PARTNERS\CISCO\VSM7INTEGRATION\CODE_N_DOC\CISCOVSM7_DSF_FILTER\DSFILTER\LIVE\LIVEMEDIA\RELEASE\MPEG4GENERICRTPSOURCE.OBJ
C:\DATA\MYPROJECTS\DVS\PARTNERS\CISCO\VSM7INTEGRATION\CODE_N_DOC\CISCOVSM7_DSF_FILTER\DSFILTER\LIVE\LIVEMEDIA\RELEASE\MPEG4GENERICRTPSINK.OBJ
C:\DATA\MYPROJECTS\DVS\PARTNERS\CISCO\VSM7INTEGRATION\CODE_N_DOC\CISCOVSM7_DSF_FILTER\DSFILTER\LIVE\LIVEMEDIA\RELEASE\MPEG4ESVIDEORTPSOURCE.OBJ
C:\DATA\MYPROJECTS\DVS\PARTNERS\CISCO\VSM7INTEGRATION\CODE_N_DOC\CISCOVSM7_DSF_FILTER\DSFILTER\LIVE\LIVEMEDIA\RELEASE\VORBISAUDIORTPSOURCE.OBJ
C:\DATA\MYPROJECTS\DVS\PARTNERS\CISCO\VSM7INTEGRATION\CODE_N_DOC\CISCOVSM7_DSF_FILTER\DSFILTER\LIVE\LIVEMEDIA\RELEASE\VORBISAUDIORTPSINK.OBJ
C:\DATA\MYPROJECTS\DVS\PARTNERS\CISCO\VSM7INTEGRATION\CODE_N_DOC\CISCOVSM7_DSF_FILTER\DSFILTER\LIVE\LIVEMEDIA\RELEASE\VORBISAUDIOMATROSKAFILESERVERMEDIASUBSESSION.OBJ
C:\DATA\MYPROJECTS\DVS\PARTNERS\CISCO\VSM7INTEGRATION\CODE_N_DOC\CISCOVSM7_DSF_FILTER\DSFILTER\LIVE\LIVEMEDIA\RELEASE\VIDEORTPSINK.OBJ
C:\DATA\MYPROJECTS\DVS\PARTNERS\CISCO\VSM7INTEGRATION\CODE_N_DOC\CISCOVSM7_DSF_FILTER\DSFILTER\LIVE\LIVEMEDIA\RELEASE\ULAWAUDIOFILTER.OBJ
C:\DATA\MYPROJECTS\DVS\PARTNERS\CISCO\VSM7INTEGRATION\CODE_N_DOC\CISCOVSM7_DSF_FILTER\DSFILTER\LIVE\LIVEMEDIA\RELEASE\TEXTRTPSINK.OBJ
C:\DATA\MYPROJECTS\DVS\PARTNERS\CISCO\VSM7INTEGRATION\CODE_N_DOC\CISCOVSM7_DSF_FILTER\DSFILTER\LIVE\LIVEMEDIA\RELEASE\TCPSTREAMSINK.OBJ
C:\DATA\MYPROJECTS\DVS\PARTNERS\CISCO\VSM7INTEGRATION\CODE_N_DOC\CISCOVSM7_DSF_FILTER\DSFILTER\LIVE\LIVEMEDIA\RELEASE\T140TEXTRTPSINK.OBJ
C:\DATA\MYPROJECTS\DVS\PARTNERS\CISCO\VSM7INTEGRATION\CODE_N_DOC\CISCOVSM7_DSF_FILTER\DSFILTER\LIVE\LIVEMEDIA\RELEASE\T140TEXTMATROSKAFILESERVERMEDIASUBSESSION.OBJ
C:\DATA\MYPROJECTS\DVS\PARTNERS\CISCO\VSM7INTEGRATION\CODE_N_DOC\CISCOVSM7_DSF_FILTER\DSFILTER\LIVE\LIVEMEDIA\RELEASE\STREAMPARSER.OBJ
C:\DATA\MYPROJECTS\DVS\PARTNERS\CISCO\VSM7INTEGRATION\CODE_N_DOC\CISCOVSM7_DSF_FILTER\DSFILTER\LIVE\LIVEMEDIA\RELEASE\SIPCLIENT.OBJ
C:\DATA\MYPROJECTS\DVS\PARTNERS\CISCO\VSM7INTEGRATION\CODE_N_DOC\CISCOVSM7_DSF_FILTER\DSFILTER\LIVE\LIVEMEDIA\RELEASE\SIMPLERTPSOURCE.OBJ
C:\DATA\MYPROJECTS\DVS\PARTNERS\CISCO\VSM7INTEGRATION\CODE_N_DOC\CISCOVSM7_DSF_FILTER\DSFILTER\LIVE\LIVEMEDIA\RELEASE\SIMPLERTPSINK.OBJ
C:\DATA\MYPROJECTS\DVS\PARTNERS\CISCO\VSM7INTEGRATION\CODE_N_DOC\CISCOVSM7_DSF_FILTER\DSFILTER\LIVE\LIVEMEDIA\RELEASE\SERVERMEDIASESSION.OBJ
C:\DATA\MYPROJECTS\DVS\PARTNERS\CISCO\VSM7INTEGRATION\CODE_N_DOC\CISCOVSM7_DSF_FILTER\DSFILTER\LIVE\LIVEMEDIA\RELEASE\RTSPSERVERSUPPORTINGHTTPSTREAMING.OBJ
C:\DATA\MYPROJECTS\DVS\PARTNERS\CISCO\VSM7INTEGRATION\CODE_N_DOC\CISCOVSM7_DSF_FILTER\DSFILTER\LIVE\LIVEMEDIA\RELEASE\RTSPSERVER.OBJ
C:\DATA\MYPROJECTS\DVS\PARTNERS\CISCO\VSM7INTEGRATION\CODE_N_DOC\CISCOVSM7_DSF_FILTER\DSFILTER\LIVE\LIVEMEDIA\RELEASE\RTSPCOMMON.OBJ
C:\DATA\MYPROJECTS\DVS\PARTNERS\CISCO\VSM7INTEGRATION\CODE_N_DOC\CISCOVSM7_DSF_FILTER\DSFILTER\LIVE\LIVEMEDIA\RELEASE\RTSPCLIENT.OBJ
C:\DATA\MYPROJECTS\DVS\PARTNERS\CISCO\VSM7INTEGRATION\CODE_N_DOC\CISCOVSM7_DSF_FILTER\DSFILTER\LIVE\LIVEMEDIA\RELEASE\RTPSOURCE.OBJ
C:\DATA\MYPROJECTS\DVS\PARTNERS\CISCO\VSM7INTEGRATION\CODE_N_DOC\CISCOVSM7_DSF_FILTER\DSFILTER\LIVE\LIVEMEDIA\RELEASE\RTPSINK.OBJ
C:\DATA\MYPROJECTS\DVS\PARTNERS\CISCO\VSM7INTEGRATION\CODE_N_DOC\CISCOVSM7_DSF_FILTER\DSFILTER\LIVE\LIVEMEDIA\RELEASE\WAVAUDIOFILESOURCE.OBJ
C:\DATA\MYPROJECTS\DVS\PARTNERS\CISCO\VSM7INTEGRATION\CODE_N_DOC\CISCOVSM7_DSF_FILTER\DSFILTER\LIVE\LIVEMEDIA\RELEASE\WAVAUDIOFILESERVERMEDIASUBSESSION.OBJ
C:\DATA\MYPROJECTS\DVS\PARTNERS\CISCO\VSM7INTEGRATION\CODE_N_DOC\CISCOVSM7_DSF_FILTER\DSFILTER\LIVE\LIVEMEDIA\RELEASE\VP8VIDEORTPSOURCE.OBJ
C:\DATA\MYPROJECTS\DVS\PARTNERS\CISCO\VSM7INTEGRATION\CODE_N_DOC\CISCOVSM7_DSF_FILTER\DSFILTER\LIVE\LIVEMEDIA\RELEASE\VP8VIDEORTPSINK.OBJ
C:\DATA\MYPROJECTS\DVS\PARTNERS\CISCO\VSM7INTEGRATION\CODE_N_DOC\CISCOVSM7_DSF_FILTER\DSFILTER\LIVE\LIVEMEDIA\RELEASE\VP8VIDEOMATROSKAFILESERVERMEDIASUBSESSION.OBJ
C:\DATA\MYPROJECTS\DVS\PARTNERS\CISCO\VSM7INTEGRATION\CODE_N_DOC\CISCOVSM7_DSF_FILTER\DSFILTER\LIVE\LIVEMEDIA\RELEASE\RTCP_FROM_SPEC.OBJ
C:\DATA\MYPROJECTS\DVS\PARTNERS\CISCO\VSM7INTEGRATION\CODE_N_DOC\CISCOVSM7_DSF_FILTER\DSFILTER\LIVE\LIVEMEDIA\RELEASE\OUR_MD5HL.OBJ
C:\DATA\MYPROJECTS\DVS\PARTNERS\CISCO\VSM7INTEGRATION\CODE_N_DOC\CISCOVSM7_DSF_FILTER\DSFILTER\LIVE\LIVEMEDIA\RELEASE\OUR_MD5.OBJ
C:\DATA\MYPROJECTS\DVS\PARTNERS\CISCO\VSM7INTEGRATION\CODE_N_DOC\CISCOVSM7_DSF_FILTER\DSFILTER\LIVE\LIVEMEDIA\RELEASE\INET.OBJ
C:\DATA\MYPROJECTS\DVS\TECHCOASTSECLAB\RTSP_DSFILTER\RTSPDSF\LIVE\LIVEMEDIA\RELEASE\BASICUDPSOURCE.OBJ
C:\DATA\MYPROJECTS\DVS\TECHCOASTSECLAB\RTSP_DSFILTER\RTSPDSF\LIVE\LIVEMEDIA\RELEASE\BASICUDPSINK.OBJ
C:\DATA\MYPROJECTS\DVS\TECHCOASTSECLAB\RTSP_DSFILTER\RTSPDSF\LIVE\LIVEMEDIA\RELEASE\BASE64.OBJ
C:\DATA\MYPROJECTS\DVS\TECHCOASTSECLAB\RTSP_DSFILTER\RTSPDSF\LIVE\LIVEMEDIA\RELEASE\AVIFILESINK.OBJ
C:\DATA\MYPROJECTS\DVS\TECHCOASTSECLAB\RTSP_DSFILTER\RTSPDSF\LIVE\LIVEMEDIA\RELEASE\AUDIORTPSINK.OBJ
C:\DATA\MYPROJECTS\DVS\TECHCOASTSECLAB\RTSP_DSFILTER\RTSPDSF\LIVE\LIVEMEDIA\RELEASE\AUDIOINPUTDEVICE.OBJ
C:\DATA\MYPROJECTS\DVS\TECHCOASTSECLAB\RTSP_DSFILTER\RTSPDSF\LIVE\LIVEMEDIA\RELEASE\AMRAUDIOSOURCE.OBJ
C:\DATA\MYPROJECTS\DVS\TECHCOASTSECLAB\RTSP_DSFILTER\RTSPDSF\LIVE\LIVEMEDIA\RELEASE\AMRAUDIORTPSOURCE.OBJ
C:\DATA\MYPROJECTS\DVS\TECHCOASTSECLAB\RTSP_DSFILTER\RTSPDSF\LIVE\LIVEMEDIA\RELEASE\AMRAUDIORTPSINK.OBJ
C:\DATA\MYPROJECTS\DVS\TECHCOASTSECLAB\RTSP_DSFILTER\RTSPDSF\LIVE\LIVEMEDIA\RELEASE\AMRAUDIOFILESOURCE.OBJ
C:\DATA\MYPROJECTS\DVS\TECHCOASTSECLAB\RTSP_DSFILTER\RTSPDSF\LIVE\LIVEMEDIA\RELEASE\AMRAUDIOFILESINK.OBJ
C:\DATA\MYPROJECTS\DVS\TECHCOASTSECLAB\RTSP_DSFILTER\RTSPDSF\LIVE\LIVEMEDIA\RELEASE\AMRAUDIOFILESERVERMEDIASUBSESSION.OBJ
C:\DATA\MYPROJECTS\DVS\TECHCOASTSECLAB\RTSP_DSFILTER\RTSPDSF\LIVE\LIVEMEDIA\RELEASE\ADTSAUDIOFILESOURCE.OBJ
C:\DATA\MYPROJECTS\DVS\TECHCOASTSECLAB\RTSP_DSFILTER\RTSPDSF\LIVE\LIVEMEDIA\RELEASE\ADTSAUDIOFILESERVERMEDIASUBSESSION.OBJ
C:\DATA\MYPROJECTS\DVS\TECHCOASTSECLAB\RTSP_DSFILTER\RTSPDSF\LIVE\LIVEMEDIA\RELEASE\AC3AUDIOSTREAMFRAMER.OBJ
C:\DATA\MYPROJECTS\DVS\TECHCOASTSECLAB\RTSP_DSFILTER\RTSPDSF\LIVE\LIVEMEDIA\RELEASE\AC3AUDIORTPSOURCE.OBJ
C:\DATA\MYPROJECTS\DVS\TECHCOASTSECLAB\RTSP_DSFILTER\RTSPDSF\LIVE\LIVEMEDIA\RELEASE\AC3AUDIORTPSINK.OBJ
C:\DATA\MYPROJECTS\DVS\TECHCOASTSECLAB\RTSP_DSFILTER\RTSPDSF\LIVE\LIVEMEDIA\RELEASE\AC3AUDIOMATROSKAFILESERVERMEDIASUBSESSION.OBJ
C:\DATA\MYPROJECTS\DVS\TECHCOASTSECLAB\RTSP_DSFILTER\RTSPDSF\LIVE\LIVEMEDIA\RELEASE\AC3AUDIOFILESERVERMEDIASUBSESSION.OBJ
C:\DATA\MYPROJECTS\DVS\TECHCOASTSECLAB\RTSP_DSFILTER\RTSPDSF\LIVE\LIVEMEDIA\RELEASE\AACAUDIOMATROSKAFILESERVERMEDIASUBSESSION.OBJ
C:\DATA\MYPROJECTS\DVS\TECHCOASTSECLAB\RTSP_DSFILTER\RTSPDSF\LIVE\LIVEMEDIA\RELEASE\H263PLUSVIDEOFILESERVERMEDIASUBSESSION.OBJ
C:\DATA\MYPROJECTS\DVS\TECHCOASTSECLAB\RTSP_DSFILTER\RTSPDSF\LIVE\LIVEMEDIA\RELEASE\H261VIDEORTPSOURCE.OBJ
C:\DATA\MYPROJECTS\DVS\TECHCOASTSECLAB\RTSP_DSFILTER\RTSPDSF\LIVE\LIVEMEDIA\RELEASE\GSMAUDIORTPSINK.OBJ
C:\DATA\MYPROJECTS\DVS\TECHCOASTSECLAB\RTSP_DSFILTER\RTSPDSF\LIVE\LIVEMEDIA\RELEASE\FRAMEDSOURCE.OBJ
C:\DATA\MYPROJECTS\DVS\TECHCOASTSECLAB\RTSP_DSFILTER\RTSPDSF\LIVE\LIVEMEDIA\RELEASE\FRAMEDFILTER.OBJ
C:\DATA\MYPROJECTS\DVS\TECHCOASTSECLAB\RTSP_DSFILTER\RTSPDSF\LIVE\LIVEMEDIA\RELEASE\FRAMEDFILESOURCE.OBJ
C:\DATA\MYPROJECTS\DVS\TECHCOASTSECLAB\RTSP_DSFILTER\RTSPDSF\LIVE\LIVEMEDIA\RELEASE\FILESINK.OBJ
C:\DATA\MYPROJECTS\DVS\TECHCOASTSECLAB\RTSP_DSFILTER\RTSPDSF\LIVE\LIVEMEDIA\RELEASE\FILESERVERMEDIASUBSESSION.OBJ
C:\DATA\MYPROJECTS\DVS\TECHCOASTSECLAB\RTSP_DSFILTER\RTSPDSF\LIVE\LIVEMEDIA\RELEASE\EBMLNUMBER.OBJ
C:\DATA\MYPROJECTS\DVS\TECHCOASTSECLAB\RTSP_DSFILTER\RTSPDSF\LIVE\LIVEMEDIA\RELEASE\DVVIDEOSTREAMFRAMER.OBJ
C:\DATA\MYPROJECTS\DVS\TECHCOASTSECLAB\RTSP_DSFILTER\RTSPDSF\LIVE\LIVEMEDIA\RELEASE\DVVIDEORTPSOURCE.OBJ
C:\DATA\MYPROJECTS\DVS\TECHCOASTSECLAB\RTSP_DSFILTER\RTSPDSF\LIVE\LIVEMEDIA\RELEASE\DVVIDEORTPSINK.OBJ
C:\DATA\MYPROJECTS\DVS\TECHCOASTSECLAB\RTSP_DSFILTER\RTSPDSF\LIVE\LIVEMEDIA\RELEASE\DVVIDEOFILESERVERMEDIASUBSESSION.OBJ
C:\DATA\MYPROJECTS\DVS\TECHCOASTSECLAB\RTSP_DSFILTER\RTSPDSF\LIVE\LIVEMEDIA\RELEASE\DIGESTAUTHENTICATION.OBJ
C:\DATA\MYPROJECTS\DVS\TECHCOASTSECLAB\RTSP_DSFILTER\RTSPDSF\LIVE\LIVEMEDIA\RELEASE\DEVICESOURCE.OBJ
C:\DATA\MYPROJECTS\DVS\TECHCOASTSECLAB\RTSP_DSFILTER\RTSPDSF\LIVE\LIVEMEDIA\RELEASE\DARWININJECTOR.OBJ
C:\DATA\MYPROJECTS\DVS\TECHCOASTSECLAB\RTSP_DSFILTER\RTSPDSF\LIVE\LIVEMEDIA\RELEASE\BYTESTREAMMULTIFILESOURCE.OBJ
C:\DATA\MYPROJECTS\DVS\TECHCOASTSECLAB\RTSP_DSFILTER\RTSPDSF\LIVE\LIVEMEDIA\RELEASE\BYTESTREAMMEMORYBUFFERSOURCE.OBJ
C:\DATA\MYPROJECTS\DVS\TECHCOASTSECLAB\RTSP_DSFILTER\RTSPDSF\LIVE\LIVEMEDIA\RELEASE\BYTESTREAMFILESOURCE.OBJ
C:\DATA\MYPROJECTS\DVS\TECHCOASTSECLAB\RTSP_DSFILTER\RTSPDSF\LIVE\LIVEMEDIA\RELEASE\BITVECTOR.OBJ
C:\DATA\MYPROJECTS\DVS\TECHCOASTSECLAB\RTSP_DSFILTER\RTSPDSF\LIVE\LIVEMEDIA\RELEASE\MATROSKAFILESERVERDEMUX.OBJ
C:\DATA\MYPROJECTS\DVS\TECHCOASTSECLAB\RTSP_DSFILTER\RTSPDSF\LIVE\LIVEMEDIA\RELEASE\MATROSKAFILEPARSER.OBJ
C:\DATA\MYPROJECTS\DVS\TECHCOASTSECLAB\RTSP_DSFILTER\RTSPDSF\LIVE\LIVEMEDIA\RELEASE\MATROSKAFILE.OBJ
C:\DATA\MYPROJECTS\DVS\TECHCOASTSECLAB\RTSP_DSFILTER\RTSPDSF\LIVE\LIVEMEDIA\RELEASE\MATROSKADEMUXEDTRACK.OBJ
C:\DATA\MYPROJECTS\DVS\TECHCOASTSECLAB\RTSP_DSFILTER\RTSPDSF\LIVE\LIVEMEDIA\RELEASE\LOCALE.OBJ
C:\DATA\MYPROJECTS\DVS\TECHCOASTSECLAB\RTSP_DSFILTER\RTSPDSF\LIVE\LIVEMEDIA\RELEASE\JPEGVIDEOSOURCE.OBJ
C:\DATA\MYPROJECTS\DVS\TECHCOASTSECLAB\RTSP_DSFILTER\RTSPDSF\LIVE\LIVEMEDIA\RELEASE\JPEGVIDEORTPSOURCE.OBJ
C:\DATA\MYPROJECTS\DVS\TECHCOASTSECLAB\RTSP_DSFILTER\RTSPDSF\LIVE\LIVEMEDIA\RELEASE\JPEGVIDEORTPSINK.OBJ
C:\DATA\MYPROJECTS\DVS\TECHCOASTSECLAB\RTSP_DSFILTER\RTSPDSF\LIVE\LIVEMEDIA\RELEASE\INPUTFILE.OBJ
C:\DATA\MYPROJECTS\DVS\TECHCOASTSECLAB\RTSP_DSFILTER\RTSPDSF\LIVE\LIVEMEDIA\RELEASE\H264VIDEOSTREAMFRAMER.OBJ
C:\DATA\MYPROJECTS\DVS\TECHCOASTSECLAB\RTSP_DSFILTER\RTSPDSF\LIVE\LIVEMEDIA\RELEASE\H264VIDEOSTREAMDISCRETEFRAMER.OBJ
C:\DATA\MYPROJECTS\DVS\TECHCOASTSECLAB\RTSP_DSFILTER\RTSPDSF\LIVE\LIVEMEDIA\RELEASE\H264VIDEORTPSOURCE.OBJ
C:\DATA\MYPROJECTS\DVS\TECHCOASTSECLAB\RTSP_DSFILTER\RTSPDSF\LIVE\LIVEMEDIA\RELEASE\H264VIDEORTPSINK.OBJ
C:\DATA\MYPROJECTS\DVS\TECHCOASTSECLAB\RTSP_DSFILTER\RTSPDSF\LIVE\LIVEMEDIA\RELEASE\H264VIDEOMATROSKAFILESERVERMEDIASUBSESSION.OBJ
C:\DATA\MYPROJECTS\DVS\TECHCOASTSECLAB\RTSP_DSFILTER\RTSPDSF\LIVE\LIVEMEDIA\RELEASE\H264VIDEOFILESINK.OBJ
C:\DATA\MYPROJECTS\DVS\TECHCOASTSECLAB\RTSP_DSFILTER\RTSPDSF\LIVE\LIVEMEDIA\RELEASE\H264VIDEOFILESERVERMEDIASUBSESSION.OBJ
C:\DATA\MYPROJECTS\DVS\TECHCOASTSECLAB\RTSP_DSFILTER\RTSPDSF\LIVE\LIVEMEDIA\RELEASE\H263PLUSVIDEOSTREAMPARSER.OBJ
C:\DATA\MYPROJECTS\DVS\TECHCOASTSECLAB\RTSP_DSFILTER\RTSPDSF\LIVE\LIVEMEDIA\RELEASE\H263PLUSVIDEOSTREAMFRAMER.OBJ
C:\DATA\MYPROJECTS\DVS\TECHCOASTSECLAB\RTSP_DSFILTER\RTSPDSF\LIVE\LIVEMEDIA\RELEASE\H263PLUSVIDEORTPSOURCE.OBJ
C:\DATA\MYPROJECTS\DVS\TECHCOASTSECLAB\RTSP_DSFILTER\RTSPDSF\LIVE\LIVEMEDIA\RELEASE\H263PLUSVIDEORTPSINK.OBJ
C:\DATA\MYPROJECTS\DVS\TECHCOASTSECLAB\RTSP_DSFILTER\RTSPDSF\LIVE\LIVEMEDIA\RELEASE\MPEG1OR2AUDIORTPSINK.OBJ
C:\DATA\MYPROJECTS\DVS\TECHCOASTSECLAB\RTSP_DSFILTER\RTSPDSF\LIVE\LIVEMEDIA\RELEASE\MP3TRANSCODER.OBJ
C:\DATA\MYPROJECTS\DVS\TECHCOASTSECLAB\RTSP_DSFILTER\RTSPDSF\LIVE\LIVEMEDIA\RELEASE\MP3STREAMSTATE.OBJ
C:\DATA\MYPROJECTS\DVS\TECHCOASTSECLAB\RTSP_DSFILTER\RTSPDSF\LIVE\LIVEMEDIA\RELEASE\MP3INTERNALSHUFFMANTABLE.OBJ
C:\DATA\MYPROJECTS\DVS\TECHCOASTSECLAB\RTSP_DSFILTER\RTSPDSF\LIVE\LIVEMEDIA\RELEASE\MP3INTERNALSHUFFMAN.OBJ
C:\DATA\MYPROJECTS\DVS\TECHCOASTSECLAB\RTSP_DSFILTER\RTSPDSF\LIVE\LIVEMEDIA\RELEASE\MP3INTERNALS.OBJ
C:\DATA\MYPROJECTS\DVS\TECHCOASTSECLAB\RTSP_DSFILTER\RTSPDSF\LIVE\LIVEMEDIA\RELEASE\MP3HTTPSOURCE.OBJ
C:\DATA\MYPROJECTS\DVS\TECHCOASTSECLAB\RTSP_DSFILTER\RTSPDSF\LIVE\LIVEMEDIA\RELEASE\MP3FILESOURCE.OBJ
C:\DATA\MYPROJECTS\DVS\TECHCOASTSECLAB\RTSP_DSFILTER\RTSPDSF\LIVE\LIVEMEDIA\RELEASE\MP3AUDIOMATROSKAFILESERVERMEDIASUBSESSION.OBJ
C:\DATA\MYPROJECTS\DVS\TECHCOASTSECLAB\RTSP_DSFILTER\RTSPDSF\LIVE\LIVEMEDIA\RELEASE\MP3AUDIOFILESERVERMEDIASUBSESSION.OBJ
C:\DATA\MYPROJECTS\DVS\TECHCOASTSECLAB\RTSP_DSFILTER\RTSPDSF\LIVE\LIVEMEDIA\RELEASE\MP3ADUTRANSCODER.OBJ
C:\DATA\MYPROJECTS\DVS\TECHCOASTSECLAB\RTSP_DSFILTER\RTSPDSF\LIVE\LIVEMEDIA\RELEASE\MP3ADURTPSOURCE.OBJ
C:\DATA\MYPROJECTS\DVS\TECHCOASTSECLAB\RTSP_DSFILTER\RTSPDSF\LIVE\LIVEMEDIA\RELEASE\MP3ADURTPSINK.OBJ
C:\DATA\MYPROJECTS\DVS\TECHCOASTSECLAB\RTSP_DSFILTER\RTSPDSF\LIVE\LIVEMEDIA\RELEASE\MP3ADUINTERLEAVING.OBJ
C:\DATA\MYPROJECTS\DVS\TECHCOASTSECLAB\RTSP_DSFILTER\RTSPDSF\LIVE\LIVEMEDIA\RELEASE\MP3ADUDESCRIPTOR.OBJ
C:\DATA\MYPROJECTS\DVS\TECHCOASTSECLAB\RTSP_DSFILTER\RTSPDSF\LIVE\LIVEMEDIA\RELEASE\MP3ADU.OBJ
C:\DATA\MYPROJECTS\DVS\TECHCOASTSECLAB\RTSP_DSFILTER\RTSPDSF\LIVE\LIVEMEDIA\RELEASE\MEDIASOURCE.OBJ
C:\DATA\MYPROJECTS\DVS\TECHCOASTSECLAB\RTSP_DSFILTER\RTSPDSF\LIVE\LIVEMEDIA\RELEASE\MEDIASINK.OBJ
C:\DATA\MYPROJECTS\DVS\TECHCOASTSECLAB\RTSP_DSFILTER\RTSPDSF\LIVE\LIVEMEDIA\RELEASE\MEDIASESSION.OBJ
C:\DATA\MYPROJECTS\DVS\TECHCOASTSECLAB\RTSP_DSFILTER\RTSPDSF\LIVE\LIVEMEDIA\RELEASE\MEDIA.OBJ
C:\DATA\MYPROJECTS\DVS\TECHCOASTSECLAB\RTSP_DSFILTER\RTSPDSF\LIVE\LIVEMEDIA\RELEASE\MPEG4ESVIDEORTPSINK.OBJ
C:\DATA\MYPROJECTS\DVS\TECHCOASTSECLAB\RTSP_DSFILTER\RTSPDSF\LIVE\LIVEMEDIA\RELEASE\MPEG2TRANSPORTSTREAMTRICKMODEFILTER.OBJ
C:\DATA\MYPROJECTS\DVS\TECHCOASTSECLAB\RTSP_DSFILTER\RTSPDSF\LIVE\LIVEMEDIA\RELEASE\MPEG2TRANSPORTSTREAMMULTIPLEXOR.OBJ
C:\DATA\MYPROJECTS\DVS\TECHCOASTSECLAB\RTSP_DSFILTER\RTSPDSF\LIVE\LIVEMEDIA\RELEASE\MPEG2TRANSPORTSTREAMINDEXFILE.OBJ
C:\DATA\MYPROJECTS\DVS\TECHCOASTSECLAB\RTSP_DSFILTER\RTSPDSF\LIVE\LIVEMEDIA\RELEASE\MPEG2TRANSPORTSTREAMFROMPESSOURCE.OBJ
C:\DATA\MYPROJECTS\DVS\TECHCOASTSECLAB\RTSP_DSFILTER\RTSPDSF\LIVE\LIVEMEDIA\RELEASE\MPEG2TRANSPORTSTREAMFROMESSOURCE.OBJ
C:\DATA\MYPROJECTS\DVS\TECHCOASTSECLAB\RTSP_DSFILTER\RTSPDSF\LIVE\LIVEMEDIA\RELEASE\MPEG2TRANSPORTSTREAMFRAMER.OBJ
C:\DATA\MYPROJECTS\DVS\TECHCOASTSECLAB\RTSP_DSFILTER\RTSPDSF\LIVE\LIVEMEDIA\RELEASE\MPEG2TRANSPORTFILESERVERMEDIASUBSESSION.OBJ
C:\DATA\MYPROJECTS\DVS\TECHCOASTSECLAB\RTSP_DSFILTER\RTSPDSF\LIVE\LIVEMEDIA\RELEASE\MPEG2INDEXFROMTRANSPORTSTREAM.OBJ
C:\DATA\MYPROJECTS\DVS\TECHCOASTSECLAB\RTSP_DSFILTER\RTSPDSF\LIVE\LIVEMEDIA\RELEASE\MPEG1OR2VIDEOSTREAMFRAMER.OBJ
C:\DATA\MYPROJECTS\DVS\TECHCOASTSECLAB\RTSP_DSFILTER\RTSPDSF\LIVE\LIVEMEDIA\RELEASE\MPEG1OR2VIDEOSTREAMDISCRETEFRAMER.OBJ
C:\DATA\MYPROJECTS\DVS\TECHCOASTSECLAB\RTSP_DSFILTER\RTSPDSF\LIVE\LIVEMEDIA\RELEASE\MPEG1OR2VIDEORTPSOURCE.OBJ
C:\DATA\MYPROJECTS\DVS\TECHCOASTSECLAB\RTSP_DSFILTER\RTSPDSF\LIVE\LIVEMEDIA\RELEASE\MPEG1OR2VIDEORTPSINK.OBJ
C:\DATA\MYPROJECTS\DVS\TECHCOASTSECLAB\RTSP_DSFILTER\RTSPDSF\LIVE\LIVEMEDIA\RELEASE\MPEG1OR2VIDEOFILESERVERMEDIASUBSESSION.OBJ
C:\DATA\MYPROJECTS\DVS\TECHCOASTSECLAB\RTSP_DSFILTER\RTSPDSF\LIVE\LIVEMEDIA\RELEASE\MPEG1OR2FILESERVERDEMUX.OBJ
C:\DATA\MYPROJECTS\DVS\TECHCOASTSECLAB\RTSP_DSFILTER\RTSPDSF\LIVE\LIVEMEDIA\RELEASE\MPEG1OR2DEMUXEDSERVERMEDIASUBSESSION.OBJ
C:\DATA\MYPROJECTS\DVS\TECHCOASTSECLAB\RTSP_DSFILTER\RTSPDSF\LIVE\LIVEMEDIA\RELEASE\MPEG1OR2DEMUXEDELEMENTARYSTREAM.OBJ
C:\DATA\MYPROJECTS\DVS\TECHCOASTSECLAB\RTSP_DSFILTER\RTSPDSF\LIVE\LIVEMEDIA\RELEASE\MPEG1OR2DEMUX.OBJ
C:\DATA\MYPROJECTS\DVS\TECHCOASTSECLAB\RTSP_DSFILTER\RTSPDSF\LIVE\LIVEMEDIA\RELEASE\MPEG1OR2AUDIOSTREAMFRAMER.OBJ
C:\DATA\MYPROJECTS\DVS\TECHCOASTSECLAB\RTSP_DSFILTER\RTSPDSF\LIVE\LIVEMEDIA\RELEASE\MPEG1OR2AUDIORTPSOURCE.OBJ
C:\DATA\MYPROJECTS\DVS\TECHCOASTSECLAB\RTSP_DSFILTER\RTSPDSF\LIVE\LIVEMEDIA\RELEASE\RTPINTERFACE.OBJ
C:\DATA\MYPROJECTS\DVS\TECHCOASTSECLAB\RTSP_DSFILTER\RTSPDSF\LIVE\LIVEMEDIA\RELEASE\RTCP.OBJ
C:\DATA\MYPROJECTS\DVS\TECHCOASTSECLAB\RTSP_DSFILTER\RTSPDSF\LIVE\LIVEMEDIA\RELEASE\QUICKTIMEGENERICRTPSOURCE.OBJ
C:\DATA\MYPROJECTS\DVS\TECHCOASTSECLAB\RTSP_DSFILTER\RTSPDSF\LIVE\LIVEMEDIA\RELEASE\QUICKTIMEFILESINK.OBJ
C:\DATA\MYPROJECTS\DVS\TECHCOASTSECLAB\RTSP_DSFILTER\RTSPDSF\LIVE\LIVEMEDIA\RELEASE\QCELPAUDIORTPSOURCE.OBJ
C:\DATA\MYPROJECTS\DVS\TECHCOASTSECLAB\RTSP_DSFILTER\RTSPDSF\LIVE\LIVEMEDIA\RELEASE\PASSIVESERVERMEDIASUBSESSION.OBJ
C:\DATA\MYPROJECTS\DVS\TECHCOASTSECLAB\RTSP_DSFILTER\RTSPDSF\LIVE\LIVEMEDIA\RELEASE\OUTPUTFILE.OBJ
C:\DATA\MYPROJECTS\DVS\TECHCOASTSECLAB\RTSP_DSFILTER\RTSPDSF\LIVE\LIVEMEDIA\RELEASE\ONDEMANDSERVERMEDIASUBSESSION.OBJ
C:\DATA\MYPROJECTS\DVS\TECHCOASTSECLAB\RTSP_DSFILTER\RTSPDSF\LIVE\LIVEMEDIA\RELEASE\MULTIFRAMEDRTPSOURCE.OBJ
C:\DATA\MYPROJECTS\DVS\TECHCOASTSECLAB\RTSP_DSFILTER\RTSPDSF\LIVE\LIVEMEDIA\RELEASE\MULTIFRAMEDRTPSINK.OBJ
C:\DATA\MYPROJECTS\DVS\TECHCOASTSECLAB\RTSP_DSFILTER\RTSPDSF\LIVE\LIVEMEDIA\RELEASE\MPEGVIDEOSTREAMPARSER.OBJ
C:\DATA\MYPROJECTS\DVS\TECHCOASTSECLAB\RTSP_DSFILTER\RTSPDSF\LIVE\LIVEMEDIA\RELEASE\MPEGVIDEOSTREAMFRAMER.OBJ
C:\DATA\MYPROJECTS\DVS\TECHCOASTSECLAB\RTSP_DSFILTER\RTSPDSF\LIVE\LIVEMEDIA\RELEASE\MPEG4VIDEOSTREAMFRAMER.OBJ
C:\DATA\MYPROJECTS\DVS\TECHCOASTSECLAB\RTSP_DSFILTER\RTSPDSF\LIVE\LIVEMEDIA\RELEASE\MPEG4VIDEOSTREAMDISCRETEFRAMER.OBJ
C:\DATA\MYPROJECTS\DVS\TECHCOASTSECLAB\RTSP_DSFILTER\RTSPDSF\LIVE\LIVEMEDIA\RELEASE\MPEG4VIDEOFILESERVERMEDIASUBSESSION.OBJ
C:\DATA\MYPROJECTS\DVS\TECHCOASTSECLAB\RTSP_DSFILTER\RTSPDSF\LIVE\LIVEMEDIA\RELEASE\MPEG4LATMAUDIORTPSOURCE.OBJ
C:\DATA\MYPROJECTS\DVS\TECHCOASTSECLAB\RTSP_DSFILTER\RTSPDSF\LIVE\LIVEMEDIA\RELEASE\MPEG4LATMAUDIORTPSINK.OBJ
C:\DATA\MYPROJECTS\DVS\TECHCOASTSECLAB\RTSP_DSFILTER\RTSPDSF\LIVE\LIVEMEDIA\RELEASE\MPEG4GENERICRTPSOURCE.OBJ
C:\DATA\MYPROJECTS\DVS\TECHCOASTSECLAB\RTSP_DSFILTER\RTSPDSF\LIVE\LIVEMEDIA\RELEASE\MPEG4GENERICRTPSINK.OBJ
C:\DATA\MYPROJECTS\DVS\TECHCOASTSECLAB\RTSP_DSFILTER\RTSPDSF\LIVE\LIVEMEDIA\RELEASE\MPEG4ESVIDEORTPSOURCE.OBJ
C:\DATA\MYPROJECTS\DVS\TECHCOASTSECLAB\RTSP_DSFILTER\RTSPDSF\LIVE\LIVEMEDIA\RELEASE\VORBISAUDIORTPSOURCE.OBJ
C:\DATA\MYPROJECTS\DVS\TECHCOASTSECLAB\RTSP_DSFILTER\RTSPDSF\LIVE\LIVEMEDIA\RELEASE\VORBISAUDIORTPSINK.OBJ
C:\DATA\MYPROJECTS\DVS\TECHCOASTSECLAB\RTSP_DSFILTER\RTSPDSF\LIVE\LIVEMEDIA\RELEASE\VORBISAUDIOMATROSKAFILESERVERMEDIASUBSESSION.OBJ
C:\DATA\MYPROJECTS\DVS\TECHCOASTSECLAB\RTSP_DSFILTER\RTSPDSF\LIVE\LIVEMEDIA\RELEASE\VIDEORTPSINK.OBJ
C:\DATA\MYPROJECTS\DVS\TECHCOASTSECLAB\RTSP_DSFILTER\RTSPDSF\LIVE\LIVEMEDIA\RELEASE\ULAWAUDIOFILTER.OBJ
C:\DATA\MYPROJECTS\DVS\TECHCOASTSECLAB\RTSP_DSFILTER\RTSPDSF\LIVE\LIVEMEDIA\RELEASE\TEXTRTPSINK.OBJ
C:\DATA\MYPROJECTS\DVS\TECHCOASTSECLAB\RTSP_DSFILTER\RTSPDSF\LIVE\LIVEMEDIA\RELEASE\TCPSTREAMSINK.OBJ
C:\DATA\MYPROJECTS\DVS\TECHCOASTSECLAB\RTSP_DSFILTER\RTSPDSF\LIVE\LIVEMEDIA\RELEASE\T140TEXTRTPSINK.OBJ
C:\DATA\MYPROJECTS\DVS\TECHCOASTSECLAB\RTSP_DSFILTER\RTSPDSF\LIVE\LIVEMEDIA\RELEASE\T140TEXTMATROSKAFILESERVERMEDIASUBSESSION.OBJ
C:\DATA\MYPROJECTS\DVS\TECHCOASTSECLAB\RTSP_DSFILTER\RTSPDSF\LIVE\LIVEMEDIA\RELEASE\STREAMPARSER.OBJ
C:\DATA\MYPROJECTS\DVS\TECHCOASTSECLAB\RTSP_DSFILTER\RTSPDSF\LIVE\LIVEMEDIA\RELEASE\SIPCLIENT.OBJ
C:\DATA\MYPROJECTS\DVS\TECHCOASTSECLAB\RTSP_DSFILTER\RTSPDSF\LIVE\LIVEMEDIA\RELEASE\SIMPLERTPSOURCE.OBJ
C:\DATA\MYPROJECTS\DVS\TECHCOASTSECLAB\RTSP_DSFILTER\RTSPDSF\LIVE\LIVEMEDIA\RELEASE\SIMPLERTPSINK.OBJ
C:\DATA\MYPROJECTS\DVS\TECHCOASTSECLAB\RTSP_DSFILTER\RTSPDSF\LIVE\LIVEMEDIA\RELEASE\SERVERMEDIASESSION.OBJ
C:\DATA\MYPROJECTS\DVS\TECHCOASTSECLAB\RTSP_DSFILTER\RTSPDSF\LIVE\LIVEMEDIA\RELEASE\RTSPSERVERSUPPORTINGHTTPSTREAMING.OBJ
C:\DATA\MYPROJECTS\DVS\TECHCOASTSECLAB\RTSP_DSFILTER\RTSPDSF\LIVE\LIVEMEDIA\RELEASE\RTSPSERVER.OBJ
C:\DATA\MYPROJECTS\DVS\TECHCOASTSECLAB\RTSP_DSFILTER\RTSPDSF\LIVE\LIVEMEDIA\RELEASE\RTSPCOMMON.OBJ
C:\DATA\MYPROJECTS\DVS\TECHCOASTSECLAB\RTSP_DSFILTER\RTSPDSF\LIVE\LIVEMEDIA\RELEASE\RTSPCLIENT.OBJ
C:\DATA\MYPROJECTS\DVS\TECHCOASTSECLAB\RTSP_DSFILTER\RTSPDSF\LIVE\LIVEMEDIA\RELEASE\RTPSOURCE.OBJ
C:\DATA\MYPROJECTS\DVS\TECHCOASTSECLAB\RTSP_DSFILTER\RTSPDSF\LIVE\LIVEMEDIA\RELEASE\RTPSINK.OBJ
C:\DATA\MYPROJECTS\DVS\TECHCOASTSECLAB\RTSP_DSFILTER\RTSPDSF\LIVE\LIVEMEDIA\RELEASE\WAVAUDIOFILESOURCE.OBJ
C:\DATA\MYPROJECTS\DVS\TECHCOASTSECLAB\RTSP_DSFILTER\RTSPDSF\LIVE\LIVEMEDIA\RELEASE\WAVAUDIOFILESERVERMEDIASUBSESSION.OBJ
C:\DATA\MYPROJECTS\DVS\TECHCOASTSECLAB\RTSP_DSFILTER\RTSPDSF\LIVE\LIVEMEDIA\RELEASE\VP8VIDEORTPSOURCE.OBJ
C:\DATA\MYPROJECTS\DVS\TECHCOASTSECLAB\RTSP_DSFILTER\RTSPDSF\LIVE\LIVEMEDIA\RELEASE\VP8VIDEORTPSINK.OBJ
C:\DATA\MYPROJECTS\DVS\TECHCOASTSECLAB\RTSP_DSFILTER\RTSPDSF\LIVE\LIVEMEDIA\RELEASE\VP8VIDEOMATROSKAFILESERVERMEDIASUBSESSION.OBJ
C:\DATA\MYPROJECTS\DVS\TECHCOASTSECLAB\RTSP_DSFILTER\RTSPDSF\LIVE\LIVEMEDIA\RELEASE\VC100.PDB
C:\DATA\MYPROJECTS\DVS\TECHCOASTSECLAB\RTSP_DSFILTER\RTSPDSF\LIVE\LIVEMEDIA\RELEASE\RTCP_FROM_SPEC.OBJ
C:\DATA\MYPROJECTS\DVS\TECHCOASTSECLAB\RTSP_DSFILTER\RTSPDSF\LIVE\LIVEMEDIA\RELEASE\OUR_MD5HL.OBJ
C:\DATA\MYPROJECTS\DVS\TECHCOASTSECLAB\RTSP_DSFILTER\RTSPDSF\LIVE\LIVEMEDIA\RELEASE\OUR_MD5.OBJ
C:\DATA\MYPROJECTS\DVS\TECHCOASTSECLAB\RTSP_DSFILTER\RTSPDSF\LIVE\LIVEMEDIA\RELEASE\INET.OBJ
C:\DATA\MYPROJECTS\DVS\TECHCOASTSECLAB\RTSP_DSFILTER\RTSPDSF\LIVE\LIB\LIVEMEDIA.LIB
C:\Data\MyProjects\DVS\TechCoastSecLab\RTSP_DSFilter\rtspdsf\live\liveMedia\Release\AACAudioMatroskaFileServerMediaSubsession.obj
C:\Data\MyProjects\DVS\TechCoastSecLab\RTSP_DSFilter\rtspdsf\live\liveMedia\Release\AC3AudioFileServerMediaSubsession.obj
C:\Data\MyProjects\DVS\TechCoastSecLab\RTSP_DSFilter\rtspdsf\live\liveMedia\Release\AC3AudioMatroskaFileServerMediaSubsession.obj
C:\Data\MyProjects\DVS\TechCoastSecLab\RTSP_DSFilter\rtspdsf\live\liveMedia\Release\AC3AudioRTPSink.obj
C:\Data\MyProjects\DVS\TechCoastSecLab\RTSP_DSFilter\rtspdsf\live\liveMedia\Release\AC3AudioRTPSource.obj
C:\Data\MyProjects\DVS\TechCoastSecLab\RTSP_DSFilter\rtspdsf\live\liveMedia\Release\AC3AudioStreamFramer.obj
C:\Data\MyProjects\DVS\TechCoastSecLab\RTSP_DSFilter\rtspdsf\live\liveMedia\Release\ADTSAudioFileServerMediaSubsession.obj
C:\Data\MyProjects\DVS\TechCoastSecLab\RTSP_DSFilter\rtspdsf\live\liveMedia\Release\ADTSAudioFileSource.obj
C:\Data\MyProjects\DVS\TechCoastSecLab\RTSP_DSFilter\rtspdsf\live\liveMedia\Release\AMRAudioFileServerMediaSubsession.obj
C:\Data\MyProjects\DVS\TechCoastSecLab\RTSP_DSFilter\rtspdsf\live\liveMedia\Release\AMRAudioFileSink.obj
C:\Data\MyProjects\DVS\TechCoastSecLab\RTSP_DSFilter\rtspdsf\live\liveMedia\Release\AMRAudioFileSource.obj
C:\Data\MyProjects\DVS\TechCoastSecLab\RTSP_DSFilter\rtspdsf\live\liveMedia\Release\AMRAudioRTPSink.obj
C:\Data\MyProjects\DVS\TechCoastSecLab\RTSP_DSFilter\rtspdsf\live\liveMedia\Release\AMRAudioRTPSource.obj
C:\Data\MyProjects\DVS\TechCoastSecLab\RTSP_DSFilter\rtspdsf\live\liveMedia\Release\AMRAudioSource.obj
C:\Data\MyProjects\DVS\TechCoastSecLab\RTSP_DSFilter\rtspdsf\live\liveMedia\Release\AudioInputDevice.obj
C:\Data\MyProjects\DVS\TechCoastSecLab\RTSP_DSFilter\rtspdsf\live\liveMedia\Release\AudioRTPSink.obj
C:\Data\MyProjects\DVS\TechCoastSecLab\RTSP_DSFilter\rtspdsf\live\liveMedia\Release\AVIFileSink.obj
C:\Data\MyProjects\DVS\TechCoastSecLab\RTSP_DSFilter\rtspdsf\live\liveMedia\Release\Base64.obj
C:\Data\MyProjects\DVS\TechCoastSecLab\RTSP_DSFilter\rtspdsf\live\liveMedia\Release\BasicUDPSink.obj
C:\Data\MyProjects\DVS\TechCoastSecLab\RTSP_DSFilter\rtspdsf\live\liveMedia\Release\BasicUDPSource.obj
C:\Data\MyProjects\DVS\TechCoastSecLab\RTSP_DSFilter\rtspdsf\live\liveMedia\Release\BitVector.obj
C:\Data\MyProjects\DVS\TechCoastSecLab\RTSP_DSFilter\rtspdsf\live\liveMedia\Release\ByteStreamFileSource.obj
C:\Data\MyProjects\DVS\TechCoastSecLab\RTSP_DSFilter\rtspdsf\live\liveMedia\Release\ByteStreamMemoryBufferSource.obj
C:\Data\MyProjects\DVS\TechCoastSecLab\RTSP_DSFilter\rtspdsf\live\liveMedia\Release\ByteStreamMultiFileSource.obj
C:\Data\MyProjects\DVS\TechCoastSecLab\RTSP_DSFilter\rtspdsf\live\liveMedia\Release\DarwinInjector.obj
C:\Data\MyProjects\DVS\TechCoastSecLab\RTSP_DSFilter\rtspdsf\live\liveMedia\Release\DeviceSource.obj
C:\Data\MyProjects\DVS\TechCoastSecLab\RTSP_DSFilter\rtspdsf\live\liveMedia\Release\DigestAuthentication.obj
C:\Data\MyProjects\DVS\TechCoastSecLab\RTSP_DSFilter\rtspdsf\live\liveMedia\Release\DVVideoFileServerMediaSubsession.obj
C:\Data\MyProjects\DVS\TechCoastSecLab\RTSP_DSFilter\rtspdsf\live\liveMedia\Release\DVVideoRTPSink.obj
C:\Data\MyProjects\DVS\TechCoastSecLab\RTSP_DSFilter\rtspdsf\live\liveMedia\Release\DVVideoRTPSource.obj
C:\Data\MyProjects\DVS\TechCoastSecLab\RTSP_DSFilter\rtspdsf\live\liveMedia\Release\DVVideoStreamFramer.obj
C:\Data\MyProjects\DVS\TechCoastSecLab\RTSP_DSFilter\rtspdsf\live\liveMedia\Release\EBMLNumber.obj
C:\Data\MyProjects\DVS\TechCoastSecLab\RTSP_DSFilter\rtspdsf\live\liveMedia\Release\FileServerMediaSubsession.obj
C:\Data\MyProjects\DVS\TechCoastSecLab\RTSP_DSFilter\rtspdsf\live\liveMedia\Release\FileSink.obj
C:\Data\MyProjects\DVS\TechCoastSecLab\RTSP_DSFilter\rtspdsf\live\liveMedia\Release\FramedFileSource.obj
C:\Data\MyProjects\DVS\TechCoastSecLab\RTSP_DSFilter\rtspdsf\live\liveMedia\Release\FramedFilter.obj
C:\Data\MyProjects\DVS\TechCoastSecLab\RTSP_DSFilter\rtspdsf\live\liveMedia\Release\FramedSource.obj
C:\Data\MyProjects\DVS\TechCoastSecLab\RTSP_DSFilter\rtspdsf\live\liveMedia\Release\GSMAudioRTPSink.obj
C:\Data\MyProjects\DVS\TechCoastSecLab\RTSP_DSFilter\rtspdsf\live\liveMedia\Release\H261VideoRTPSource.obj
C:\Data\MyProjects\DVS\TechCoastSecLab\RTSP_DSFilter\rtspdsf\live\liveMedia\Release\H263plusVideoFileServerMediaSubsession.obj
C:\Data\MyProjects\DVS\TechCoastSecLab\RTSP_DSFilter\rtspdsf\live\liveMedia\Release\H263plusVideoRTPSink.obj
C:\Data\MyProjects\DVS\TechCoastSecLab\RTSP_DSFilter\rtspdsf\live\liveMedia\Release\H263plusVideoRTPSource.obj
C:\Data\MyProjects\DVS\TechCoastSecLab\RTSP_DSFilter\rtspdsf\live\liveMedia\Release\H263plusVideoStreamFramer.obj
C:\Data\MyProjects\DVS\TechCoastSecLab\RTSP_DSFilter\rtspdsf\live\liveMedia\Release\H263plusVideoStreamParser.obj
C:\Data\MyProjects\DVS\TechCoastSecLab\RTSP_DSFilter\rtspdsf\live\liveMedia\Release\H264VideoFileServerMediaSubsession.obj
C:\Data\MyProjects\DVS\TechCoastSecLab\RTSP_DSFilter\rtspdsf\live\liveMedia\Release\H264VideoFileSink.obj
C:\Data\MyProjects\DVS\TechCoastSecLab\RTSP_DSFilter\rtspdsf\live\liveMedia\Release\H264VideoMatroskaFileServerMediaSubsession.obj
C:\Data\MyProjects\DVS\TechCoastSecLab\RTSP_DSFilter\rtspdsf\live\liveMedia\Release\H264VideoRTPSink.obj
C:\Data\MyProjects\DVS\TechCoastSecLab\RTSP_DSFilter\rtspdsf\live\liveMedia\Release\H264VideoRTPSource.obj
C:\Data\MyProjects\DVS\TechCoastSecLab\RTSP_DSFilter\rtspdsf\live\liveMedia\Release\H264VideoStreamDiscreteFramer.obj
C:\Data\MyProjects\DVS\TechCoastSecLab\RTSP_DSFilter\rtspdsf\live\liveMedia\Release\H264VideoStreamFramer.obj
C:\Data\MyProjects\DVS\TechCoastSecLab\RTSP_DSFilter\rtspdsf\live\liveMedia\Release\inet.obj
C:\Data\MyProjects\DVS\TechCoastSecLab\RTSP_DSFilter\rtspdsf\live\liveMedia\Release\InputFile.obj
C:\Data\MyProjects\DVS\TechCoastSecLab\RTSP_DSFilter\rtspdsf\live\liveMedia\Release\JPEGVideoRTPSink.obj
C:\Data\MyProjects\DVS\TechCoastSecLab\RTSP_DSFilter\rtspdsf\live\liveMedia\Release\JPEGVideoRTPSource.obj
C:\Data\MyProjects\DVS\TechCoastSecLab\RTSP_DSFilter\rtspdsf\live\liveMedia\Release\JPEGVideoSource.obj
C:\Data\MyProjects\DVS\TechCoastSecLab\RTSP_DSFilter\rtspdsf\live\liveMedia\Release\Locale.obj
C:\Data\MyProjects\DVS\TechCoastSecLab\RTSP_DSFilter\rtspdsf\live\liveMedia\Release\MatroskaDemuxedTrack.obj
C:\Data\MyProjects\DVS\TechCoastSecLab\RTSP_DSFilter\rtspdsf\live\liveMedia\Release\MatroskaFile.obj
C:\Data\MyProjects\DVS\TechCoastSecLab\RTSP_DSFilter\rtspdsf\live\liveMedia\Release\MatroskaFileParser.obj
C:\Data\MyProjects\DVS\TechCoastSecLab\RTSP_DSFilter\rtspdsf\live\liveMedia\Release\MatroskaFileServerDemux.obj
C:\Data\MyProjects\DVS\TechCoastSecLab\RTSP_DSFilter\rtspdsf\live\liveMedia\Release\Media.obj
C:\Data\MyProjects\DVS\TechCoastSecLab\RTSP_DSFilter\rtspdsf\live\liveMedia\Release\MediaSession.obj
C:\Data\MyProjects\DVS\TechCoastSecLab\RTSP_DSFilter\rtspdsf\live\liveMedia\Release\MediaSink.obj
C:\Data\MyProjects\DVS\TechCoastSecLab\RTSP_DSFilter\rtspdsf\live\liveMedia\Release\MediaSource.obj
C:\Data\MyProjects\DVS\TechCoastSecLab\RTSP_DSFilter\rtspdsf\live\liveMedia\Release\MP3ADU.obj
C:\Data\MyProjects\DVS\TechCoastSecLab\RTSP_DSFilter\rtspdsf\live\liveMedia\Release\MP3ADUdescriptor.obj
C:\Data\MyProjects\DVS\TechCoastSecLab\RTSP_DSFilter\rtspdsf\live\liveMedia\Release\MP3ADUinterleaving.obj
C:\Data\MyProjects\DVS\TechCoastSecLab\RTSP_DSFilter\rtspdsf\live\liveMedia\Release\MP3ADURTPSink.obj
C:\Data\MyProjects\DVS\TechCoastSecLab\RTSP_DSFilter\rtspdsf\live\liveMedia\Release\MP3ADURTPSource.obj
C:\Data\MyProjects\DVS\TechCoastSecLab\RTSP_DSFilter\rtspdsf\live\liveMedia\Release\MP3ADUTranscoder.obj
C:\Data\MyProjects\DVS\TechCoastSecLab\RTSP_DSFilter\rtspdsf\live\liveMedia\Release\MP3AudioFileServerMediaSubsession.obj
C:\Data\MyProjects\DVS\TechCoastSecLab\RTSP_DSFilter\rtspdsf\live\liveMedia\Release\MP3AudioMatroskaFileServerMediaSubsession.obj
C:\Data\MyProjects\DVS\TechCoastSecLab\RTSP_DSFilter\rtspdsf\live\liveMedia\Release\MP3FileSource.obj
C:\Data\MyProjects\DVS\TechCoastSecLab\RTSP_DSFilter\rtspdsf\live\liveMedia\Release\MP3HTTPSource.obj
C:\Data\MyProjects\DVS\TechCoastSecLab\RTSP_DSFilter\rtspdsf\live\liveMedia\Release\MP3Internals.obj
C:\Data\MyProjects\DVS\TechCoastSecLab\RTSP_DSFilter\rtspdsf\live\liveMedia\Release\MP3InternalsHuffman.obj
C:\Data\MyProjects\DVS\TechCoastSecLab\RTSP_DSFilter\rtspdsf\live\liveMedia\Release\MP3InternalsHuffmanTable.obj
C:\Data\MyProjects\DVS\TechCoastSecLab\RTSP_DSFilter\rtspdsf\live\liveMedia\Release\MP3StreamState.obj
C:\Data\MyProjects\DVS\TechCoastSecLab\RTSP_DSFilter\rtspdsf\live\liveMedia\Release\MP3Transcoder.obj
C:\Data\MyProjects\DVS\TechCoastSecLab\RTSP_DSFilter\rtspdsf\live\liveMedia\Release\MPEG1or2AudioRTPSink.obj
C:\Data\MyProjects\DVS\TechCoastSecLab\RTSP_DSFilter\rtspdsf\live\liveMedia\Release\MPEG1or2AudioRTPSource.obj
C:\Data\MyProjects\DVS\TechCoastSecLab\RTSP_DSFilter\rtspdsf\live\liveMedia\Release\MPEG1or2AudioStreamFramer.obj
C:\Data\MyProjects\DVS\TechCoastSecLab\RTSP_DSFilter\rtspdsf\live\liveMedia\Release\MPEG1or2Demux.obj
C:\Data\MyProjects\DVS\TechCoastSecLab\RTSP_DSFilter\rtspdsf\live\liveMedia\Release\MPEG1or2DemuxedElementaryStream.obj
C:\Data\MyProjects\DVS\TechCoastSecLab\RTSP_DSFilter\rtspdsf\live\liveMedia\Release\MPEG1or2DemuxedServerMediaSubsession.obj
C:\Data\MyProjects\DVS\TechCoastSecLab\RTSP_DSFilter\rtspdsf\live\liveMedia\Release\MPEG1or2FileServerDemux.obj
C:\Data\MyProjects\DVS\TechCoastSecLab\RTSP_DSFilter\rtspdsf\live\liveMedia\Release\MPEG1or2VideoFileServerMediaSubsession.obj
C:\Data\MyProjects\DVS\TechCoastSecLab\RTSP_DSFilter\rtspdsf\live\liveMedia\Release\MPEG1or2VideoRTPSink.obj
C:\Data\MyProjects\DVS\TechCoastSecLab\RTSP_DSFilter\rtspdsf\live\liveMedia\Release\MPEG1or2VideoRTPSource.obj
C:\Data\MyProjects\DVS\TechCoastSecLab\RTSP_DSFilter\rtspdsf\live\liveMedia\Release\MPEG1or2VideoStreamDiscreteFramer.obj
C:\Data\MyProjects\DVS\TechCoastSecLab\RTSP_DSFilter\rtspdsf\live\liveMedia\Release\MPEG1or2VideoStreamFramer.obj
C:\Data\MyProjects\DVS\TechCoastSecLab\RTSP_DSFilter\rtspdsf\live\liveMedia\Release\MPEG2IndexFromTransportStream.obj
C:\Data\MyProjects\DVS\TechCoastSecLab\RTSP_DSFilter\rtspdsf\live\liveMedia\Release\MPEG2TransportFileServerMediaSubsession.obj
C:\Data\MyProjects\DVS\TechCoastSecLab\RTSP_DSFilter\rtspdsf\live\liveMedia\Release\MPEG2TransportStreamFramer.obj
C:\Data\MyProjects\DVS\TechCoastSecLab\RTSP_DSFilter\rtspdsf\live\liveMedia\Release\MPEG2TransportStreamFromESSource.obj
C:\Data\MyProjects\DVS\TechCoastSecLab\RTSP_DSFilter\rtspdsf\live\liveMedia\Release\MPEG2TransportStreamFromPESSource.obj
C:\Data\MyProjects\DVS\TechCoastSecLab\RTSP_DSFilter\rtspdsf\live\liveMedia\Release\MPEG2TransportStreamIndexFile.obj
C:\Data\MyProjects\DVS\TechCoastSecLab\RTSP_DSFilter\rtspdsf\live\liveMedia\Release\MPEG2TransportStreamMultiplexor.obj
C:\Data\MyProjects\DVS\TechCoastSecLab\RTSP_DSFilter\rtspdsf\live\liveMedia\Release\MPEG2TransportStreamTrickModeFilter.obj
C:\Data\MyProjects\DVS\TechCoastSecLab\RTSP_DSFilter\rtspdsf\live\liveMedia\Release\MPEG4ESVideoRTPSink.obj
C:\Data\MyProjects\DVS\TechCoastSecLab\RTSP_DSFilter\rtspdsf\live\liveMedia\Release\MPEG4ESVideoRTPSource.obj
C:\Data\MyProjects\DVS\TechCoastSecLab\RTSP_DSFilter\rtspdsf\live\liveMedia\Release\MPEG4GenericRTPSink.obj
C:\Data\MyProjects\DVS\TechCoastSecLab\RTSP_DSFilter\rtspdsf\live\liveMedia\Release\MPEG4GenericRTPSource.obj
C:\Data\MyProjects\DVS\TechCoastSecLab\RTSP_DSFilter\rtspdsf\live\liveMedia\Release\MPEG4LATMAudioRTPSink.obj
C:\Data\MyProjects\DVS\TechCoastSecLab\RTSP_DSFilter\rtspdsf\live\liveMedia\Release\MPEG4LATMAudioRTPSource.obj
C:\Data\MyProjects\DVS\TechCoastSecLab\RTSP_DSFilter\rtspdsf\live\liveMedia\Release\MPEG4VideoFileServerMediaSubsession.obj
C:\Data\MyProjects\DVS\TechCoastSecLab\RTSP_DSFilter\rtspdsf\live\liveMedia\Release\MPEG4VideoStreamDiscreteFramer.obj
C:\Data\MyProjects\DVS\TechCoastSecLab\RTSP_DSFilter\rtspdsf\live\liveMedia\Release\MPEG4VideoStreamFramer.obj
C:\Data\MyProjects\DVS\TechCoastSecLab\RTSP_DSFilter\rtspdsf\live\liveMedia\Release\MPEGVideoStreamFramer.obj
C:\Data\MyProjects\DVS\TechCoastSecLab\RTSP_DSFilter\rtspdsf\live\liveMedia\Release\MPEGVideoStreamParser.obj
C:\Data\MyProjects\DVS\TechCoastSecLab\RTSP_DSFilter\rtspdsf\live\liveMedia\Release\MultiFramedRTPSink.obj
C:\Data\MyProjects\DVS\TechCoastSecLab\RTSP_DSFilter\rtspdsf\live\liveMedia\Release\MultiFramedRTPSource.obj
C:\Data\MyProjects\DVS\TechCoastSecLab\RTSP_DSFilter\rtspdsf\live\liveMedia\Release\OnDemandServerMediaSubsession.obj
C:\Data\MyProjects\DVS\TechCoastSecLab\RTSP_DSFilter\rtspdsf\live\liveMedia\Release\our_md5.obj
C:\Data\MyProjects\DVS\TechCoastSecLab\RTSP_DSFilter\rtspdsf\live\liveMedia\Release\our_md5hl.obj
C:\Data\MyProjects\DVS\TechCoastSecLab\RTSP_DSFilter\rtspdsf\live\liveMedia\Release\OutputFile.obj
C:\Data\MyProjects\DVS\TechCoastSecLab\RTSP_DSFilter\rtspdsf\live\liveMedia\Release\PassiveServerMediaSubsession.obj
C:\Data\MyProjects\DVS\TechCoastSecLab\RTSP_DSFilter\rtspdsf\live\liveMedia\Release\QCELPAudioRTPSource.obj
C:\Data\MyProjects\DVS\TechCoastSecLab\RTSP_DSFilter\rtspdsf\live\liveMedia\Release\QuickTimeFileSink.obj
C:\Data\MyProjects\DVS\TechCoastSecLab\RTSP_DSFilter\rtspdsf\live\liveMedia\Release\QuickTimeGenericRTPSource.obj
C:\Data\MyProjects\DVS\TechCoastSecLab\RTSP_DSFilter\rtspdsf\live\liveMedia\Release\RTCP.obj
C:\Data\MyProjects\DVS\TechCoastSecLab\RTSP_DSFilter\rtspdsf\live\liveMedia\Release\rtcp_from_spec.obj
C:\Data\MyProjects\DVS\TechCoastSecLab\RTSP_DSFilter\rtspdsf\live\liveMedia\Release\RTPInterface.obj
C:\Data\MyProjects\DVS\TechCoastSecLab\RTSP_DSFilter\rtspdsf\live\liveMedia\Release\RTPSink.obj
C:\Data\MyProjects\DVS\TechCoastSecLab\RTSP_DSFilter\rtspdsf\live\liveMedia\Release\RTPSource.obj
C:\Data\MyProjects\DVS\TechCoastSecLab\RTSP_DSFilter\rtspdsf\live\liveMedia\Release\RTSPClient.obj
C:\Data\MyProjects\DVS\TechCoastSecLab\RTSP_DSFilter\rtspdsf\live\liveMedia\Release\RTSPCommon.obj
C:\Data\MyProjects\DVS\TechCoastSecLab\RTSP_DSFilter\rtspdsf\live\liveMedia\Release\RTSPServer.obj
C:\Data\MyProjects\DVS\TechCoastSecLab\RTSP_DSFilter\rtspdsf\live\liveMedia\Release\RTSPServerSupportingHTTPStreaming.obj
C:\Data\MyProjects\DVS\TechCoastSecLab\RTSP_DSFilter\rtspdsf\live\liveMedia\Release\ServerMediaSession.obj
C:\Data\MyProjects\DVS\TechCoastSecLab\RTSP_DSFilter\rtspdsf\live\liveMedia\Release\SimpleRTPSink.obj
C:\Data\MyProjects\DVS\TechCoastSecLab\RTSP_DSFilter\rtspdsf\live\liveMedia\Release\SimpleRTPSource.obj
C:\Data\MyProjects\DVS\TechCoastSecLab\RTSP_DSFilter\rtspdsf\live\liveMedia\Release\SIPClient.obj
C:\Data\MyProjects\DVS\TechCoastSecLab\RTSP_DSFilter\rtspdsf\live\liveMedia\Release\StreamParser.obj
C:\Data\MyProjects\DVS\TechCoastSecLab\RTSP_DSFilter\rtspdsf\live\liveMedia\Release\T140TextMatroskaFileServerMediaSubsession.obj
C:\Data\MyProjects\DVS\TechCoastSecLab\RTSP_DSFilter\rtspdsf\live\liveMedia\Release\T140TextRTPSink.obj
C:\Data\MyProjects\DVS\TechCoastSecLab\RTSP_DSFilter\rtspdsf\live\liveMedia\Release\TCPStreamSink.obj
C:\Data\MyProjects\DVS\TechCoastSecLab\RTSP_DSFilter\rtspdsf\live\liveMedia\Release\TextRTPSink.obj
C:\Data\MyProjects\DVS\TechCoastSecLab\RTSP_DSFilter\rtspdsf\live\liveMedia\Release\uLawAudioFilter.obj
C:\Data\MyProjects\DVS\TechCoastSecLab\RTSP_DSFilter\rtspdsf\live\liveMedia\Release\VideoRTPSink.obj
C:\Data\MyProjects\DVS\TechCoastSecLab\RTSP_DSFilter\rtspdsf\live\liveMedia\Release\VorbisAudioMatroskaFileServerMediaSubsession.obj
C:\Data\MyProjects\DVS\TechCoastSecLab\RTSP_DSFilter\rtspdsf\live\liveMedia\Release\VorbisAudioRTPSink.obj
C:\Data\MyProjects\DVS\TechCoastSecLab\RTSP_DSFilter\rtspdsf\live\liveMedia\Release\VorbisAudioRTPSource.obj
C:\Data\MyProjects\DVS\TechCoastSecLab\RTSP_DSFilter\rtspdsf\live\liveMedia\Release\VP8VideoMatroskaFileServerMediaSubsession.obj
C:\Data\MyProjects\DVS\TechCoastSecLab\RTSP_DSFilter\rtspdsf\live\liveMedia\Release\VP8VideoRTPSink.obj
C:\Data\MyProjects\DVS\TechCoastSecLab\RTSP_DSFilter\rtspdsf\live\liveMedia\Release\VP8VideoRTPSource.obj
C:\Data\MyProjects\DVS\TechCoastSecLab\RTSP_DSFilter\rtspdsf\live\liveMedia\Release\WAVAudioFileServerMediaSubsession.obj
C:\Data\MyProjects\DVS\TechCoastSecLab\RTSP_DSFilter\rtspdsf\live\liveMedia\Release\WAVAudioFileSource.obj
C:\Data\MyProjects\DVS\TechCoastSecLab\RTSP_DSFilter\rtspdsf\live\liveMedia\Release\cl.command.1.tlog
C:\Data\MyProjects\DVS\TechCoastSecLab\RTSP_DSFilter\rtspdsf\live\liveMedia\Release\CL.read.1.tlog
C:\Data\MyProjects\DVS\TechCoastSecLab\RTSP_DSFilter\rtspdsf\live\liveMedia\Release\CL.write.1.tlog
C:\Data\MyProjects\DVS\TechCoastSecLab\RTSP_DSFilter\rtspdsf\live\liveMedia\Release\Lib-link.read.1.tlog
C:\Data\MyProjects\DVS\TechCoastSecLab\RTSP_DSFilter\rtspdsf\live\liveMedia\Release\Lib-link.write.1.tlog
C:\Data\MyProjects\DVS\TechCoastSecLab\RTSP_DSFilter\rtspdsf\live\liveMedia\Release\lib.command.1.tlog
C:\Data\MyProjects\DVS\TechCoastSecLab\RTSP_DSFilter\rtspdsf\live\liveMedia\Release\vc100.pdb
