C:\DATA\MYPROJECTS\DVS\TECHCOASTSECLAB\RTSP_DSFILTER\RTSPDSF\LIVE\GROUPSOCK\RELEASE\NETINTERFACE.OBJ
C:\DATA\MYPROJECTS\DVS\TECHCOASTSECLAB\RTSP_DSFILTER\RTSPDSF\LIVE\GROUPSOCK\RELEASE\NETADDRESS.OBJ
C:\DATA\MYPROJECTS\DVS\TECHCOASTSECLAB\RTSP_DSFILTER\RTSPDSF\LIVE\GROUPSOCK\RELEASE\IOHANDLERS.OBJ
C:\DATA\MYPROJECTS\DVS\TECHCOASTSECLAB\RTSP_DSFILTER\RTSPDSF\LIVE\GROUPSOCK\RELEASE\GROUPSOCKHELPER.OBJ
C:\DATA\MYPROJECTS\DVS\TECHCOASTSECLAB\RTSP_DSFILTER\RTSPDSF\LIVE\GROUPSOCK\RELEASE\GROUPSOCK.OBJ
C:\DATA\MYPROJECTS\DVS\TECHCOASTSECLAB\RTSP_DSFILTER\RTSPDSF\LIVE\GROUPSOCK\RELEASE\GROUPEID.OBJ
C:\DATA\MYPROJECTS\DVS\TECHCOASTSECLAB\RTSP_DSFILTER\RTSPDSF\LIVE\GROUPSOCK\RELEASE\VC110.PDB
C:\DATA\MYPROJECTS\DVS\TECHCOASTSECLAB\RTSP_DSFILTER\RTSPDSF\LIVE\LIB\GROUPSOCK.LIB
C:\Data\MyProjects\DVS\TechCoastSecLab\RTSP_DSFilter\rtspdsf\live\groupsock\Release\GroupEId.obj
C:\Data\MyProjects\DVS\TechCoastSecLab\RTSP_DSFilter\rtspdsf\live\groupsock\Release\Groupsock.obj
C:\Data\MyProjects\DVS\TechCoastSecLab\RTSP_DSFilter\rtspdsf\live\groupsock\Release\GroupsockHelper.obj
C:\Data\MyProjects\DVS\TechCoastSecLab\RTSP_DSFilter\rtspdsf\live\groupsock\Release\IOHandlers.obj
C:\Data\MyProjects\DVS\TechCoastSecLab\RTSP_DSFilter\rtspdsf\live\groupsock\Release\NetAddress.obj
C:\Data\MyProjects\DVS\TechCoastSecLab\RTSP_DSFilter\rtspdsf\live\groupsock\Release\NetInterface.obj
C:\Data\MyProjects\DVS\TechCoastSecLab\RTSP_DSFilter\rtspdsf\live\groupsock\Release\cl.command.1.tlog
C:\Data\MyProjects\DVS\TechCoastSecLab\RTSP_DSFilter\rtspdsf\live\groupsock\Release\CL.read.1.tlog
C:\Data\MyProjects\DVS\TechCoastSecLab\RTSP_DSFilter\rtspdsf\live\groupsock\Release\CL.write.1.tlog
C:\Data\MyProjects\DVS\TechCoastSecLab\RTSP_DSFilter\rtspdsf\live\groupsock\Release\Lib-link.read.1.tlog
C:\Data\MyProjects\DVS\TechCoastSecLab\RTSP_DSFilter\rtspdsf\live\groupsock\Release\Lib-link.write.1.tlog
C:\Data\MyProjects\DVS\TechCoastSecLab\RTSP_DSFilter\rtspdsf\live\groupsock\Release\lib.command.1.tlog
C:\Data\MyProjects\DVS\TechCoastSecLab\RTSP_DSFilter\rtspdsf\live\groupsock\Release\vc110.pdb
