Build started 1/5/2015 8:10:32 PM.
     1>Project "C:\Data\MyProjects\DVS\TechCoastSecLab\RTSP_DSFilter\rtspdsf\live\groupsock\groupsock.vcxproj" on node 2 (Build target(s)).
     1>C:\Program Files (x86)\MSBuild\Microsoft.Cpp\v4.0\V110\Microsoft.CppBuild.targets(346,5): warning MSB8004: Output Directory does not end with a trailing slash.  This build instance will add the slash as it is required to allow proper evaluation of the Output Directory.
     1>ClCompile:
         C:\Program Files (x86)\Microsoft Visual Studio 11.0\VC\bin\CL.exe /c /Zi /nologo /W3 /WX- /O2 /Oi /Oy- /D _MBCS /Gm- /EHsc /MD /GS /Gy /fp:precise /Zc:wchar_t /Zc:forScope /Fo"Release\\" /Fd"Release\vc110.pdb" /Gd /TP /analyze- /errorReport:prompt GroupEId.cpp Groupsock.cpp GroupsockHelper.cpp IOHandlers.cpp NetAddress.cpp NetInterface.cpp
         GroupEId.cpp
         Groupsock.cpp
     1>C:\Program Files (x86)\Microsoft Visual Studio 11.0\VC\include\errno.h(43): warning C4005: 'EINTR' : macro redefinition
                 c:\data\myprojects\dvs\techcoastseclab\rtsp_dsfilter\rtspdsf\live\groupsock\include\NetCommon.h(38) : see previous definition of 'EINTR'
     1>C:\Program Files (x86)\Microsoft Visual Studio 11.0\VC\include\errno.h(50): warning C4005: 'EAGAIN' : macro redefinition
                 c:\data\myprojects\dvs\techcoastseclab\rtsp_dsfilter\rtspdsf\live\groupsock\include\NetCommon.h(37) : see previous definition of 'EAGAIN'
     1>C:\Program Files (x86)\Microsoft Visual Studio 11.0\VC\include\errno.h(104): warning C4005: 'EINPROGRESS' : macro redefinition
                 c:\data\myprojects\dvs\techcoastseclab\rtsp_dsfilter\rtspdsf\live\groupsock\include\NetCommon.h(36) : see previous definition of 'EINPROGRESS'
     1>C:\Program Files (x86)\Microsoft Visual Studio 11.0\VC\include\errno.h(132): warning C4005: 'EWOULDBLOCK' : macro redefinition
                 c:\data\myprojects\dvs\techcoastseclab\rtsp_dsfilter\rtspdsf\live\groupsock\include\NetCommon.h(35) : see previous definition of 'EWOULDBLOCK'
     1>Groupsock.cpp(505): warning C4996: 'sprintf': This function or variable may be unsafe. Consider using sprintf_s instead. To disable deprecation, use _CRT_SECURE_NO_WARNINGS. See online help for details.
                 C:\Program Files (x86)\Microsoft Visual Studio 11.0\VC\include\stdio.h(357) : see declaration of 'sprintf'
     1>Groupsock.cpp(519): warning C4996: 'sprintf': This function or variable may be unsafe. Consider using sprintf_s instead. To disable deprecation, use _CRT_SECURE_NO_WARNINGS. See online help for details.
                 C:\Program Files (x86)\Microsoft Visual Studio 11.0\VC\include\stdio.h(357) : see declaration of 'sprintf'
         GroupsockHelper.cpp
     1>GroupsockHelper.cpp(145): warning C4996: 'sprintf': This function or variable may be unsafe. Consider using sprintf_s instead. To disable deprecation, use _CRT_SECURE_NO_WARNINGS. See online help for details.
                 C:\Program Files (x86)\Microsoft Visual Studio 11.0\VC\include\stdio.h(357) : see declaration of 'sprintf'
     1>GroupsockHelper.cpp(246): warning C4996: 'sprintf': This function or variable may be unsafe. Consider using sprintf_s instead. To disable deprecation, use _CRT_SECURE_NO_WARNINGS. See online help for details.
                 C:\Program Files (x86)\Microsoft Visual Studio 11.0\VC\include\stdio.h(357) : see declaration of 'sprintf'
     1>GroupsockHelper.cpp(325): warning C4996: 'sprintf': This function or variable may be unsafe. Consider using sprintf_s instead. To disable deprecation, use _CRT_SECURE_NO_WARNINGS. See online help for details.
                 C:\Program Files (x86)\Microsoft Visual Studio 11.0\VC\include\stdio.h(357) : see declaration of 'sprintf'
     1>GroupsockHelper.cpp(627): warning C4996: 'sprintf': This function or variable may be unsafe. Consider using sprintf_s instead. To disable deprecation, use _CRT_SECURE_NO_WARNINGS. See online help for details.
                 C:\Program Files (x86)\Microsoft Visual Studio 11.0\VC\include\stdio.h(357) : see declaration of 'sprintf'
     1>GroupsockHelper.cpp(662): warning C4996: 'ctime': This function or variable may be unsafe. Consider using ctime_s instead. To disable deprecation, use _CRT_SECURE_NO_WARNINGS. See online help for details.
                 C:\Program Files (x86)\Microsoft Visual Studio 11.0\VC\include\time.inl(86) : see declaration of 'ctime'
     1>GroupsockHelper.cpp(664): warning C4996: 'sprintf': This function or variable may be unsafe. Consider using sprintf_s instead. To disable deprecation, use _CRT_SECURE_NO_WARNINGS. See online help for details.
                 C:\Program Files (x86)\Microsoft Visual Studio 11.0\VC\include\stdio.h(357) : see declaration of 'sprintf'
     1>GroupsockHelper.cpp(719): warning C4244: '=' : conversion from 'time_t' to 'long', possible loss of data
         IOHandlers.cpp
         NetAddress.cpp
     1>NetAddress.cpp(307): warning C4996: 'sprintf': This function or variable may be unsafe. Consider using sprintf_s instead. To disable deprecation, use _CRT_SECURE_NO_WARNINGS. See online help for details.
                 C:\Program Files (x86)\Microsoft Visual Studio 11.0\VC\include\stdio.h(357) : see declaration of 'sprintf'
         NetInterface.cpp
     1>C:\Program Files (x86)\Microsoft Visual Studio 11.0\VC\include\errno.h(43): warning C4005: 'EINTR' : macro redefinition
                 c:\data\myprojects\dvs\techcoastseclab\rtsp_dsfilter\rtspdsf\live\groupsock\include\NetCommon.h(38) : see previous definition of 'EINTR'
     1>C:\Program Files (x86)\Microsoft Visual Studio 11.0\VC\include\errno.h(50): warning C4005: 'EAGAIN' : macro redefinition
                 c:\data\myprojects\dvs\techcoastseclab\rtsp_dsfilter\rtspdsf\live\groupsock\include\NetCommon.h(37) : see previous definition of 'EAGAIN'
     1>C:\Program Files (x86)\Microsoft Visual Studio 11.0\VC\include\errno.h(104): warning C4005: 'EINPROGRESS' : macro redefinition
                 c:\data\myprojects\dvs\techcoastseclab\rtsp_dsfilter\rtspdsf\live\groupsock\include\NetCommon.h(36) : see previous definition of 'EINPROGRESS'
     1>C:\Program Files (x86)\Microsoft Visual Studio 11.0\VC\include\errno.h(132): warning C4005: 'EWOULDBLOCK' : macro redefinition
                 c:\data\myprojects\dvs\techcoastseclab\rtsp_dsfilter\rtspdsf\live\groupsock\include\NetCommon.h(35) : see previous definition of 'EWOULDBLOCK'
         Generating Code...
       Lib:
         C:\Program Files (x86)\Microsoft Visual Studio 11.0\VC\bin\Lib.exe /OUT:"C:\Data\MyProjects\DVS\TechCoastSecLab\RTSP_DSFilter\rtspdsf\live\lib\groupsock.lib" /NOLOGO Release\GroupEId.obj
         Release\Groupsock.obj
         Release\GroupsockHelper.obj
         Release\IOHandlers.obj
         Release\NetAddress.obj
         Release\NetInterface.obj
         groupsock.vcxproj -> C:\Data\MyProjects\DVS\TechCoastSecLab\RTSP_DSFilter\rtspdsf\live\lib\groupsock.lib
     1>Done Building Project "C:\Data\MyProjects\DVS\TechCoastSecLab\RTSP_DSFilter\rtspdsf\live\groupsock\groupsock.vcxproj" (Build target(s)).

Build succeeded.

Time Elapsed 00:00:06.40
