C:\DATA\MYPROJECTS\DVS\PARTNERS\CISCO\VSM7INTEGRATION\CODE_N_DOC\CISCOVSM7_DSF_FILTER\DSFILTER\LIVE\BASICUSAGEENVIRONMENT\RELEASE\VC100.PDB
C:\DATA\MYPROJECTS\DVS\PARTNERS\CISCO\VSM7INTEGRATION\CODE_N_DOC\CISCOVSM7_DSF_FILTER\DSFILTER\LIVE\BASICUSAGEENVIRONMENT\RELEASE\DELAYQUEUE.OBJ
C:\DATA\MYPROJECTS\DVS\PARTNERS\CISCO\VSM7INTEGRATION\CODE_N_DOC\CISCOVSM7_DSF_FILTER\DSFILTER\LIVE\BASICUSAGEENVIRONMENT\RELEASE\BASICUSAGEENVIRONMENT0.OBJ
C:\DATA\MYPROJECTS\DVS\PARTNERS\CISCO\VSM7INTEGRATION\CODE_N_DOC\CISCOVSM7_DSF_FILTER\DSFILTER\LIVE\BASICUSAGEENVIRONMENT\RELEASE\BASICUSAGEENVIRONMENT.OBJ
C:\DATA\MYPROJECTS\DVS\PARTNERS\CISCO\VSM7INTEGRATION\CODE_N_DOC\CISCOVSM7_DSF_FILTER\DSFILTER\LIVE\BASICUSAGEENVIRONMENT\RELEASE\BASICTASKSCHEDULER0.OBJ
C:\DATA\MYPROJECTS\DVS\PARTNERS\CISCO\VSM7INTEGRATION\CODE_N_DOC\CISCOVSM7_DSF_FILTER\DSFILTER\LIVE\BASICUSAGEENVIRONMENT\RELEASE\BASICTASKSCHEDULER.OBJ
C:\DATA\MYPROJECTS\DVS\PARTNERS\CISCO\VSM7INTEGRATION\CODE_N_DOC\CISCOVSM7_DSF_FILTER\DSFILTER\LIVE\BASICUSAGEENVIRONMENT\RELEASE\BASICHASHTABLE.OBJ
C:\DATA\MYPROJECTS\DVS\TECHCOASTSECLAB\RTSP_DSFILTER\RTSPDSF\LIVE\BASICUSAGEENVIRONMENT\RELEASE\DELAYQUEUE.OBJ
C:\DATA\MYPROJECTS\DVS\TECHCOASTSECLAB\RTSP_DSFILTER\RTSPDSF\LIVE\BASICUSAGEENVIRONMENT\RELEASE\BASICUSAGEENVIRONMENT0.OBJ
C:\DATA\MYPROJECTS\DVS\TECHCOASTSECLAB\RTSP_DSFILTER\RTSPDSF\LIVE\BASICUSAGEENVIRONMENT\RELEASE\BASICUSAGEENVIRONMENT.OBJ
C:\DATA\MYPROJECTS\DVS\TECHCOASTSECLAB\RTSP_DSFILTER\RTSPDSF\LIVE\BASICUSAGEENVIRONMENT\RELEASE\BASICTASKSCHEDULER0.OBJ
C:\DATA\MYPROJECTS\DVS\TECHCOASTSECLAB\RTSP_DSFILTER\RTSPDSF\LIVE\BASICUSAGEENVIRONMENT\RELEASE\BASICTASKSCHEDULER.OBJ
C:\DATA\MYPROJECTS\DVS\TECHCOASTSECLAB\RTSP_DSFILTER\RTSPDSF\LIVE\BASICUSAGEENVIRONMENT\RELEASE\BASICHASHTABLE.OBJ
C:\DATA\MYPROJECTS\DVS\TECHCOASTSECLAB\RTSP_DSFILTER\RTSPDSF\LIVE\BASICUSAGEENVIRONMENT\RELEASE\VC100.PDB
C:\DATA\MYPROJECTS\DVS\TECHCOASTSECLAB\RTSP_DSFILTER\RTSPDSF\LIVE\LIB\BASICUSAGEENVIRONMENT.LIB
C:\Data\MyProjects\DVS\TechCoastSecLab\RTSP_DSFilter\rtspdsf\live\BasicUsageEnvironment\Release\BasicHashTable.obj
C:\Data\MyProjects\DVS\TechCoastSecLab\RTSP_DSFilter\rtspdsf\live\BasicUsageEnvironment\Release\BasicTaskScheduler.obj
C:\Data\MyProjects\DVS\TechCoastSecLab\RTSP_DSFilter\rtspdsf\live\BasicUsageEnvironment\Release\BasicTaskScheduler0.obj
C:\Data\MyProjects\DVS\TechCoastSecLab\RTSP_DSFilter\rtspdsf\live\BasicUsageEnvironment\Release\BasicUsageEnvironment.obj
C:\Data\MyProjects\DVS\TechCoastSecLab\RTSP_DSFilter\rtspdsf\live\BasicUsageEnvironment\Release\BasicUsageEnvironment0.obj
C:\Data\MyProjects\DVS\TechCoastSecLab\RTSP_DSFilter\rtspdsf\live\BasicUsageEnvironment\Release\DelayQueue.obj
C:\Data\MyProjects\DVS\TechCoastSecLab\RTSP_DSFilter\rtspdsf\live\BasicUsageEnvironment\Release\cl.command.1.tlog
C:\Data\MyProjects\DVS\TechCoastSecLab\RTSP_DSFilter\rtspdsf\live\BasicUsageEnvironment\Release\CL.read.1.tlog
C:\Data\MyProjects\DVS\TechCoastSecLab\RTSP_DSFilter\rtspdsf\live\BasicUsageEnvironment\Release\CL.write.1.tlog
C:\Data\MyProjects\DVS\TechCoastSecLab\RTSP_DSFilter\rtspdsf\live\BasicUsageEnvironment\Release\Lib-link.read.1.tlog
C:\Data\MyProjects\DVS\TechCoastSecLab\RTSP_DSFilter\rtspdsf\live\BasicUsageEnvironment\Release\Lib-link.write.1.tlog
C:\Data\MyProjects\DVS\TechCoastSecLab\RTSP_DSFilter\rtspdsf\live\BasicUsageEnvironment\Release\lib.command.1.tlog
C:\Data\MyProjects\DVS\TechCoastSecLab\RTSP_DSFilter\rtspdsf\live\BasicUsageEnvironment\Release\vc100.pdb
