Build started 1/5/2015 8:10:32 PM.
     1>Project "C:\Data\MyProjects\DVS\TechCoastSecLab\RTSP_DSFilter\rtspdsf\live\BasicUsageEnvironment\BasicUsageEnvironment.vcxproj" on node 3 (Build target(s)).
     1>C:\Program Files (x86)\MSBuild\Microsoft.Cpp\v4.0\Microsoft.CppBuild.targets(299,5): warning MSB8004: Output Directory does not end with a trailing slash.  This build instance will add the slash as it is required to allow proper evaluation of the Output Directory.
     1>ClCompile:
         c:\Program Files (x86)\Microsoft Visual Studio 10.0\VC\bin\CL.exe /c /Zi /nologo /W3 /WX- /O2 /Oi /Oy- /D _MBCS /Gm- /EHsc /MD /GS /Gy /fp:precise /Zc:wchar_t /Zc:forScope /Fo"Release\\" /Fd"Release\vc100.pdb" /Gd /TP /analyze- /errorReport:prompt BasicHashTable.cpp BasicTaskScheduler.cpp BasicTaskScheduler0.cpp BasicUsageEnvironment.cpp BasicUsageEnvironment0.cpp DelayQueue.cpp
         BasicHashTable.cpp
         BasicTaskScheduler.cpp
         BasicTaskScheduler0.cpp
         BasicUsageEnvironment.cpp
         BasicUsageEnvironment0.cpp
     1>BasicUsageEnvironment0.cpp(66): warning C4996: 'strerror': This function or variable may be unsafe. Consider using strerror_s instead. To disable deprecation, use _CRT_SECURE_NO_WARNINGS. See online help for details.
                 c:\Program Files (x86)\Microsoft Visual Studio 10.0\VC\include\string.h(157) : see declaration of 'strerror'
         DelayQueue.cpp
         Generating Code...
       Lib:
         c:\Program Files (x86)\Microsoft Visual Studio 10.0\VC\bin\Lib.exe /OUT:"C:\Data\MyProjects\DVS\TechCoastSecLab\RTSP_DSFilter\rtspdsf\live\lib\BasicUsageEnvironment.lib" /NOLOGO Release\BasicHashTable.obj
         Release\BasicTaskScheduler.obj
         Release\BasicTaskScheduler0.obj
         Release\BasicUsageEnvironment.obj
         Release\BasicUsageEnvironment0.obj
         Release\DelayQueue.obj
         BasicUsageEnvironment.vcxproj -> C:\Data\MyProjects\DVS\TechCoastSecLab\RTSP_DSFilter\rtspdsf\live\lib\BasicUsageEnvironment.lib
     1>Done Building Project "C:\Data\MyProjects\DVS\TechCoastSecLab\RTSP_DSFilter\rtspdsf\live\BasicUsageEnvironment\BasicUsageEnvironment.vcxproj" (Build target(s)).

Build succeeded.

Time Elapsed 00:00:05.94
